#
# There is insufficient memory for the Java Runtime Environment to continue.
# Native memory allocation (malloc) failed to allocate 863216 bytes for Chunk::new
# Possible reasons:
#   The system is out of physical RAM or swap space
#   The process is running with CompressedOops enabled, and the Java Heap may be blocking the growth of the native heap
# Possible solutions:
#   Reduce memory load on the system
#   Increase physical memory or swap space
#   Check if swap backing store is full
#   Decrease Java heap size (-Xmx/-Xms)
#   Decrease number of Java threads
#   Decrease Java thread stack sizes (-Xss)
#   Set larger code cache with -XX:ReservedCodeCacheSize=
#   JVM is running with Unscaled Compressed Oops mode in which the Java heap is
#     placed in the first 4GB address space. The Java Heap base address is the
#     maximum limit for the native heap growth. Please use -XX:HeapBaseMinAddress
#     to set the Java Heap base and to place the Java Heap above 4GB virtual address.
# This output file may be truncated or incomplete.
#
#  Out of Memory Error (allocation.cpp:389), pid=8796, tid=0x00000000000029a0
#
# JRE version: OpenJDK Runtime Environment (8.0_202-b03) (build 1.8.0_202-release-1483-b03)
# Java VM: OpenJDK 64-Bit Server VM (25.202-b03 mixed mode windows-amd64 compressed oops)
# Failed to write core dump. Minidumps are not enabled by default on client versions of Windows
#

---------------  T H R E A D  ---------------

Current thread (0x0000000018690800):  JavaThread "C2 CompilerThread1" daemon [_thread_in_native, id=10656, stack(0x0000000019060000,0x0000000019160000)]

Stack: [0x0000000019060000,0x0000000019160000]
[error occurred during error reporting (printing stack bounds), id 0xc0000005]

Native frames: (J=compiled Java code, j=interpreted, Vv=VM code, C=native code)


Current CompileTask:
C2:1196687 7996       4       org.gradle.internal.logging.sink.OutputEventRenderer$LazyListener::onOutput (95 bytes)


---------------  P R O C E S S  ---------------

Java Threads: ( => current thread )
  0x000000001ec5d000 JavaThread "Cache worker for execution history cache (C:\Users\rahul\AndroidStudioProjects\Malang2Demo\.gradle\5.4.1\executionHistory)" [_thread_blocked, id=12588, stack(0x0000000026630000,0x0000000026730000)]
  0x000000001ec5b000 JavaThread "Execution worker for ':' Thread 7" [_thread_blocked, id=12156, stack(0x0000000026d50000,0x0000000026e50000)]
  0x000000001ec5f800 JavaThread "Execution worker for ':' Thread 6" [_thread_blocked, id=3684, stack(0x0000000026c50000,0x0000000026d50000)]
  0x000000001ec5a000 JavaThread "Execution worker for ':' Thread 5" [_thread_blocked, id=2028, stack(0x0000000026b50000,0x0000000026c50000)]
  0x000000001ec5c800 JavaThread "Execution worker for ':' Thread 4" [_thread_blocked, id=5516, stack(0x0000000026a50000,0x0000000026b50000)]
  0x000000001ec52800 JavaThread "Execution worker for ':' Thread 3" [_thread_blocked, id=10416, stack(0x0000000026950000,0x0000000026a50000)]
  0x000000001ec59800 JavaThread "Execution worker for ':' Thread 2" [_thread_in_native, id=9876, stack(0x0000000026850000,0x0000000026950000)]
  0x000000001ec52000 JavaThread "Execution worker for ':'" [_thread_blocked, id=5268, stack(0x0000000026750000,0x0000000026850000)]
  0x000000001ec53800 JavaThread "Cache worker for Build Output Cleanup Cache (C:\Users\rahul\AndroidStudioProjects\Malang2Demo\.gradle\buildOutputCleanup)" [_thread_blocked, id=10488, stack(0x0000000026330000,0x0000000026430000)]
  0x000000001ec58800 JavaThread "pool-3-thread-1" [_thread_blocked, id=8268, stack(0x0000000022e50000,0x0000000022f50000)]
  0x000000001ec55800 JavaThread "Build operations Thread 8" [_thread_blocked, id=3548, stack(0x0000000025180000,0x0000000025280000)]
  0x000000001ec54000 JavaThread "Build operations Thread 7" [_thread_blocked, id=1796, stack(0x0000000025080000,0x0000000025180000)]
  0x000000001ec51000 JavaThread "Build operations Thread 6" [_thread_blocked, id=6212, stack(0x0000000024f80000,0x0000000025080000)]
  0x00000000204a1000 JavaThread "Build operations Thread 5" [_thread_blocked, id=7380, stack(0x0000000024300000,0x0000000024400000)]
  0x000000002049f000 JavaThread "Build operations Thread 4" [_thread_blocked, id=9848, stack(0x0000000023950000,0x0000000023a50000)]
  0x0000000020496000 JavaThread "Build operations Thread 3" [_thread_blocked, id=3292, stack(0x0000000023650000,0x0000000023750000)]
  0x000000002049c800 JavaThread "Build operations Thread 2" [_thread_blocked, id=10316, stack(0x0000000023080000,0x0000000023180000)]
  0x0000000020498000 JavaThread "Build operations" [_thread_blocked, id=11356, stack(0x0000000022f80000,0x0000000023080000)]
  0x000000002049c000 JavaThread "Cache worker for cache directory md-rule (C:\Users\rahul\.gradle\caches\5.4.1\md-rule)" [_thread_blocked, id=12640, stack(0x0000000022d50000,0x0000000022e50000)]
  0x0000000020495000 JavaThread "Cache worker for cache directory md-supplier (C:\Users\rahul\.gradle\caches\5.4.1\md-supplier)" [_thread_blocked, id=3220, stack(0x0000000022c50000,0x0000000022d50000)]
  0x0000000020494000 JavaThread "Cache worker for file hash cache (C:\Users\rahul\AndroidStudioProjects\Malang2Demo\.gradle\5.4.1\fileHashes)" [_thread_in_native, id=3592, stack(0x0000000021440000,0x0000000021540000)]
  0x000000002049b000 JavaThread "Thread-64" [_thread_blocked, id=8224, stack(0x0000000021230000,0x0000000021330000)]
  0x0000000020499800 JavaThread "Stdin handler" [_thread_blocked, id=12708, stack(0x000000001fef0000,0x000000001fff0000)]
  0x0000000020496800 JavaThread "Asynchronous log dispatcher for DefaultDaemonConnection: socket connection from /127.0.0.1:51737 to /127.0.0.1:51799" [_thread_blocked, id=1840, stack(0x000000001f9f0000,0x000000001faf0000)]
  0x0000000020499000 JavaThread "Cancel handler" [_thread_blocked, id=996, stack(0x000000001beb0000,0x000000001bfb0000)]
  0x0000000020497800 JavaThread "Handler for socket connection from /127.0.0.1:51737 to /127.0.0.1:51799" [_thread_in_native, id=8036, stack(0x000000001bbb0000,0x000000001bcb0000)]
  0x000000001ec58000 JavaThread "Daemon worker Thread 2" [_thread_blocked, id=2600, stack(0x000000001f620000,0x000000001f720000)]
  0x000000001ec56800 JavaThread "Daemon Thread 2" [_thread_blocked, id=8352, stack(0x000000001b6b0000,0x000000001b7b0000)]
  0x00000000204a0800 JavaThread "Memory manager" [_thread_blocked, id=11652, stack(0x0000000024d80000,0x0000000024e80000)]
  0x000000002049a800 JavaThread "Cache worker for execution history cache (C:\Users\rahul\.gradle\caches\5.4.1\executionHistory)" [_thread_blocked, id=12064, stack(0x0000000021340000,0x0000000021440000)]
  0x0000000019943000 JavaThread "Cache worker for journal cache (C:\Users\rahul\.gradle\caches\journal-1)" [_thread_blocked, id=12452, stack(0x000000001d180000,0x000000001d280000)]
  0x0000000019946000 JavaThread "File lock request listener" [_thread_in_native, id=12188, stack(0x000000001d080000,0x000000001d180000)]
  0x000000001960c000 JavaThread "Cache worker for file hash cache (C:\Users\rahul\.gradle\caches\5.4.1\fileHashes)" [_thread_blocked, id=6176, stack(0x000000001cf80000,0x000000001d080000)]
  0x0000000019657800 JavaThread "Daemon periodic checks" [_thread_blocked, id=7728, stack(0x000000001b5b0000,0x000000001b6b0000)]
  0x00000000187be800 JavaThread "Incoming local TCP Connector on port 51737" [_thread_in_native, id=10532, stack(0x000000001b370000,0x000000001b470000)]
  0x000000001a902800 JavaThread "Daemon health stats" [_thread_blocked, id=8652, stack(0x000000001ad30000,0x000000001ae30000)]
  0x000000001872a800 JavaThread "Service Thread" daemon [_thread_blocked, id=6700, stack(0x0000000019360000,0x0000000019460000)]
  0x0000000018698000 JavaThread "C1 CompilerThread3" daemon [_thread_blocked, id=9544, stack(0x0000000019260000,0x0000000019360000)]
  0x0000000016899000 JavaThread "C2 CompilerThread2" daemon [_thread_blocked, id=640, stack(0x0000000019160000,0x0000000019260000)]
=>0x0000000018690800 JavaThread "C2 CompilerThread1" daemon [_thread_in_native, id=10656, stack(0x0000000019060000,0x0000000019160000)]
  0x000000001868d000 JavaThread "C2 CompilerThread0" daemon [_thread_in_native, id=10432, stack(0x0000000018f60000,0x0000000019060000)]
  0x000000001868a000 JavaThread "Attach Listener" daemon [_thread_blocked, id=7100, stack(0x0000000018e60000,0x0000000018f60000)]
  0x0000000018689000 JavaThread "Signal Dispatcher" daemon [_thread_blocked, id=11492, stack(0x0000000018d60000,0x0000000018e60000)]
  0x0000000002ace000 JavaThread "Finalizer" daemon [_thread_blocked, id=9716, stack(0x0000000018b60000,0x0000000018c60000)]
  0x000000001688c800 JavaThread "Reference Handler" daemon [_thread_blocked, id=12904, stack(0x0000000018a60000,0x0000000018b60000)]
  0x00000000029ce000 JavaThread "main" [_thread_blocked, id=5204, stack(0x00000000027d0000,0x00000000028d0000)]

Other Threads:
  0x0000000016888000 VMThread [stack: 0x0000000018560000,0x0000000018660000] [id=4816]
  0x000000001872b000 WatcherThread [stack: 0x0000000019460000,0x0000000019560000] [id=5640]

VM state:not at safepoint (normal execution)

VM Mutex/Monitor currently owned by a thread: None

heap address: 0x00000000a0000000, size: 1536 MB, Compressed Oops mode: 32-bit
Narrow klass base: 0x0000000000000000, Narrow klass shift: 3
Compressed class space size: 1073741824 Address: 0x0000000100000000

Heap:
 PSYoungGen      total 201216K, used 144269K [0x00000000e0000000, 0x00000000ee880000, 0x0000000100000000)
  eden space 182784K, 78% used [0x00000000e0000000,0x00000000e8ce34f8,0x00000000eb280000)
  from space 18432K, 0% used [0x00000000ec580000,0x00000000ec580000,0x00000000ed780000)
  to   space 19456K, 0% used [0x00000000eb280000,0x00000000eb280000,0x00000000ec580000)
 ParOldGen       total 125440K, used 27933K [0x00000000a0000000, 0x00000000a7a80000, 0x00000000e0000000)
  object space 125440K, 22% used [0x00000000a0000000,0x00000000a1b47568,0x00000000a7a80000)
 Metaspace       used 62036K, capacity 63858K, committed 64088K, reserved 1105920K
  class space    used 8109K, capacity 8527K, committed 8576K, reserved 1048576K

Card table byte_map: [0x0000000011e90000,0x00000000121a0000] byte_map_base: 0x0000000011990000

Marking Bits: (ParMarkBitMap*) 0x000000005bdf9f30
 Begin Bits: [0x0000000012ba0000, 0x00000000143a0000)
 End Bits:   [0x00000000143a0000, 0x0000000015ba0000)

Polling page: 0x00000000009e0000

CodeCache: size=245760Kb used=22093Kb max_used=22094Kb free=223666Kb
 bounds [0x0000000002ad0000, 0x0000000004080000, 0x0000000011ad0000]
 total_blobs=7913 nmethods=7124 adapters=702
 compilation: enabled

Compilation events (10 events):
Event: 1196.628 Thread 0x0000000016899000 8030       4       com.google.common.base.Predicates$OrPredicate::apply (47 bytes)
Event: 1196.628 Thread 0x0000000018698000 8031       3       org.gradle.internal.execution.steps.ResolveCachingStateStep$2::getOutcome (10 bytes)
Event: 1196.629 Thread 0x0000000018698000 nmethod 8031 0x000000000407a710 code [0x000000000407a880, 0x000000000407aaa8]
Event: 1196.629 Thread 0x0000000018698000 8032       1       sun.management.MemoryManagerImpl::getName (5 bytes)
Event: 1196.629 Thread 0x0000000018698000 nmethod 8032 0x0000000004075d50 code [0x0000000004075ea0, 0x0000000004075fb0]
Event: 1196.634 Thread 0x0000000018698000 8033       3       org.gradle.api.internal.tasks.properties.PropertyVisitor$Adapter::visitInputProperty (1 bytes)
Event: 1196.635 Thread 0x0000000018698000 nmethod 8033 0x000000000407a3d0 code [0x000000000407a520, 0x000000000407a670]
Event: 1196.641 Thread 0x0000000016899000 nmethod 8030 0x000000000407d110 code [0x000000000407d2a0, 0x000000000407d718]
Event: 1196.641 Thread 0x0000000016899000 8034   !   4       org.gradle.cache.internal.LockOnDemandCrossProcessCacheAccess::decrementLockCount (86 bytes)
Event: 1196.657 Thread 0x0000000016899000 nmethod 8034 0x000000000407ddd0 code [0x000000000407dfa0, 0x000000000407e500]

GC Heap History (10 events):
Event: 12.898 GC heap before
{Heap before GC invocations=11 (full 2):
 PSYoungGen      total 121344K, used 9983K [0x00000000e0000000, 0x00000000eab80000, 0x0000000100000000)
  eden space 110592K, 0% used [0x00000000e0000000,0x00000000e0000000,0x00000000e6c00000)
  from space 10752K, 92% used [0x00000000e6c00000,0x00000000e75bff70,0x00000000e7680000)
  to   space 11776K, 0% used [0x00000000ea000000,0x00000000ea000000,0x00000000eab80000)
 ParOldGen       total 56320K, used 7737K [0x00000000a0000000, 0x00000000a3700000, 0x00000000e0000000)
  object space 56320K, 13% used [0x00000000a0000000,0x00000000a078e710,0x00000000a3700000)
 Metaspace       used 34600K, capacity 35280K, committed 35416K, reserved 1079296K
  class space    used 4750K, capacity 4941K, committed 4992K, reserved 1048576K
Event: 13.030 GC heap after
Heap after GC invocations=11 (full 2):
 PSYoungGen      total 121344K, used 0K [0x00000000e0000000, 0x00000000eab80000, 0x0000000100000000)
  eden space 110592K, 0% used [0x00000000e0000000,0x00000000e0000000,0x00000000e6c00000)
  from space 10752K, 0% used [0x00000000e6c00000,0x00000000e6c00000,0x00000000e7680000)
  to   space 11776K, 0% used [0x00000000ea000000,0x00000000ea000000,0x00000000eab80000)
 ParOldGen       total 86528K, used 16548K [0x00000000a0000000, 0x00000000a5480000, 0x00000000e0000000)
  object space 86528K, 19% used [0x00000000a0000000,0x00000000a1029070,0x00000000a5480000)
 Metaspace       used 34585K, capacity 35232K, committed 35416K, reserved 1079296K
  class space    used 4746K, capacity 4933K, committed 4992K, reserved 1048576K
}
Event: 16.180 GC heap before
{Heap before GC invocations=12 (full 2):
 PSYoungGen      total 121344K, used 110592K [0x00000000e0000000, 0x00000000eab80000, 0x0000000100000000)
  eden space 110592K, 100% used [0x00000000e0000000,0x00000000e6c00000,0x00000000e6c00000)
  from space 10752K, 0% used [0x00000000e6c00000,0x00000000e6c00000,0x00000000e7680000)
  to   space 11776K, 0% used [0x00000000ea000000,0x00000000ea000000,0x00000000eab80000)
 ParOldGen       total 86528K, used 16548K [0x00000000a0000000, 0x00000000a5480000, 0x00000000e0000000)
  object space 86528K, 19% used [0x00000000a0000000,0x00000000a1029070,0x00000000a5480000)
 Metaspace       used 45111K, capacity 46112K, committed 46296K, reserved 1089536K
  class space    used 6081K, capacity 6357K, committed 6400K, reserved 1048576K
Event: 16.212 GC heap after
Heap after GC invocations=12 (full 2):
 PSYoungGen      total 154624K, used 11744K [0x00000000e0000000, 0x00000000eab80000, 0x0000000100000000)
  eden space 142848K, 0% used [0x00000000e0000000,0x00000000e0000000,0x00000000e8b80000)
  from space 11776K, 99% used [0x00000000ea000000,0x00000000eab78388,0x00000000eab80000)
  to   space 13824K, 0% used [0x00000000e9080000,0x00000000e9080000,0x00000000e9e00000)
 ParOldGen       total 86528K, used 19618K [0x00000000a0000000, 0x00000000a5480000, 0x00000000e0000000)
  object space 86528K, 22% used [0x00000000a0000000,0x00000000a1328ba0,0x00000000a5480000)
 Metaspace       used 45111K, capacity 46112K, committed 46296K, reserved 1089536K
  class space    used 6081K, capacity 6357K, committed 6400K, reserved 1048576K
}
Event: 19.886 GC heap before
{Heap before GC invocations=13 (full 2):
 PSYoungGen      total 154624K, used 154592K [0x00000000e0000000, 0x00000000eab80000, 0x0000000100000000)
  eden space 142848K, 100% used [0x00000000e0000000,0x00000000e8b80000,0x00000000e8b80000)
  from space 11776K, 99% used [0x00000000ea000000,0x00000000eab78388,0x00000000eab80000)
  to   space 13824K, 0% used [0x00000000e9080000,0x00000000e9080000,0x00000000e9e00000)
 ParOldGen       total 86528K, used 19618K [0x00000000a0000000, 0x00000000a5480000, 0x00000000e0000000)
  object space 86528K, 22% used [0x00000000a0000000,0x00000000a1328ba0,0x00000000a5480000)
 Metaspace       used 56854K, capacity 58660K, committed 58968K, reserved 1099776K
  class space    used 7778K, capacity 8193K, committed 8320K, reserved 1048576K
Event: 19.925 GC heap after
Heap after GC invocations=13 (full 2):
 PSYoungGen      total 161792K, used 13807K [0x00000000e0000000, 0x00000000ed780000, 0x0000000100000000)
  eden space 147968K, 0% used [0x00000000e0000000,0x00000000e0000000,0x00000000e9080000)
  from space 13824K, 99% used [0x00000000e9080000,0x00000000e9dfbf30,0x00000000e9e00000)
  to   space 18432K, 0% used [0x00000000ec580000,0x00000000ec580000,0x00000000ed780000)
 ParOldGen       total 86528K, used 28076K [0x00000000a0000000, 0x00000000a5480000, 0x00000000e0000000)
  object space 86528K, 32% used [0x00000000a0000000,0x00000000a1b6b118,0x00000000a5480000)
 Metaspace       used 56854K, capacity 58660K, committed 58968K, reserved 1099776K
  class space    used 7778K, capacity 8193K, committed 8320K, reserved 1048576K
}
Event: 20.125 GC heap before
{Heap before GC invocations=14 (full 2):
 PSYoungGen      total 161792K, used 23518K [0x00000000e0000000, 0x00000000ed780000, 0x0000000100000000)
  eden space 147968K, 6% used [0x00000000e0000000,0x00000000e097bba8,0x00000000e9080000)
  from space 13824K, 99% used [0x00000000e9080000,0x00000000e9dfbf30,0x00000000e9e00000)
  to   space 18432K, 0% used [0x00000000ec580000,0x00000000ec580000,0x00000000ed780000)
 ParOldGen       total 86528K, used 28076K [0x00000000a0000000, 0x00000000a5480000, 0x00000000e0000000)
  object space 86528K, 32% used [0x00000000a0000000,0x00000000a1b6b118,0x00000000a5480000)
 Metaspace       used 57071K, capacity 58828K, committed 58968K, reserved 1099776K
  class space    used 7799K, capacity 8201K, committed 8320K, reserved 1048576K
Event: 20.132 GC heap after
Heap after GC invocations=14 (full 2):
 PSYoungGen      total 201216K, used 736K [0x00000000e0000000, 0x00000000ee880000, 0x0000000100000000)
  eden space 182784K, 0% used [0x00000000e0000000,0x00000000e0000000,0x00000000eb280000)
  from space 18432K, 3% used [0x00000000ec580000,0x00000000ec638000,0x00000000ed780000)
  to   space 19456K, 0% used [0x00000000eb280000,0x00000000eb280000,0x00000000ec580000)
 ParOldGen       total 86528K, used 34086K [0x00000000a0000000, 0x00000000a5480000, 0x00000000e0000000)
  object space 86528K, 39% used [0x00000000a0000000,0x00000000a2149ad0,0x00000000a5480000)
 Metaspace       used 57071K, capacity 58828K, committed 58968K, reserved 1099776K
  class space    used 7799K, capacity 8201K, committed 8320K, reserved 1048576K
}
Event: 20.132 GC heap before
{Heap before GC invocations=15 (full 3):
 PSYoungGen      total 201216K, used 736K [0x00000000e0000000, 0x00000000ee880000, 0x0000000100000000)
  eden space 182784K, 0% used [0x00000000e0000000,0x00000000e0000000,0x00000000eb280000)
  from space 18432K, 3% used [0x00000000ec580000,0x00000000ec638000,0x00000000ed780000)
  to   space 19456K, 0% used [0x00000000eb280000,0x00000000eb280000,0x00000000ec580000)
 ParOldGen       total 86528K, used 34086K [0x00000000a0000000, 0x00000000a5480000, 0x00000000e0000000)
  object space 86528K, 39% used [0x00000000a0000000,0x00000000a2149ad0,0x00000000a5480000)
 Metaspace       used 57071K, capacity 58828K, committed 58968K, reserved 1099776K
  class space    used 7799K, capacity 8201K, committed 8320K, reserved 1048576K
Event: 20.478 GC heap after
Heap after GC invocations=15 (full 3):
 PSYoungGen      total 201216K, used 0K [0x00000000e0000000, 0x00000000ee880000, 0x0000000100000000)
  eden space 182784K, 0% used [0x00000000e0000000,0x00000000e0000000,0x00000000eb280000)
  from space 18432K, 0% used [0x00000000ec580000,0x00000000ec580000,0x00000000ed780000)
  to   space 19456K, 0% used [0x00000000eb280000,0x00000000eb280000,0x00000000ec580000)
 ParOldGen       total 125440K, used 27933K [0x00000000a0000000, 0x00000000a7a80000, 0x00000000e0000000)
  object space 125440K, 22% used [0x00000000a0000000,0x00000000a1b47568,0x00000000a7a80000)
 Metaspace       used 56946K, capacity 58452K, committed 58968K, reserved 1099776K
  class space    used 7758K, capacity 8129K, committed 8320K, reserved 1048576K
}

Deoptimization events (10 events):
Event: 22.872 Thread 0x0000000019761000 Uncommon trap: reason=unstable_if action=reinterpret pc=0x0000000003342ca0 method=com.esotericsoftware.kryo.io.Input.require(I)I @ 180
Event: 1187.079 Thread 0x000000001ec58000 Uncommon trap: reason=unstable_if action=reinterpret pc=0x0000000003485cec method=java.util.Arrays.hashCode([Ljava/lang/Object;)I @ 34
Event: 1187.094 Thread 0x000000001ec58000 Uncommon trap: reason=unstable_if action=reinterpret pc=0x0000000002d39968 method=com.google.common.collect.MapMakerInternalMap$Segment.getEntry(Ljava/lang/Object;I)Lcom/google/common/collect/MapMakerInternalMap$InternalEntry; @ 4
Event: 1187.387 Thread 0x000000001ec58000 Uncommon trap: reason=null_check action=make_not_entrant pc=0x0000000003068de8 method=sun.nio.fs.NativeBuffers.getNativeBufferFromCache(I)Lsun/nio/fs/NativeBuffer; @ 6
Event: 1187.387 Thread 0x000000001ec58000 Uncommon trap: reason=null_check action=make_not_entrant pc=0x00000000037fa0c8 method=sun.nio.fs.NativeBuffers.releaseNativeBuffer(Lsun/nio/fs/NativeBuffer;)V @ 6
Event: 1187.950 Thread 0x000000002049c000 Uncommon trap: reason=unstable_if action=reinterpret pc=0x0000000003d189d0 method=java.util.concurrent.ConcurrentLinkedQueue.offer(Ljava/lang/Object;)Z @ 40
Event: 1187.968 Thread 0x0000000020499000 Uncommon trap: reason=unstable_if action=reinterpret pc=0x0000000003b5bd58 method=java.util.concurrent.ConcurrentLinkedQueue.updateHead(Ljava/util/concurrent/ConcurrentLinkedQueue$Node;Ljava/util/concurrent/ConcurrentLinkedQueue$Node;)V @ 11
Event: 1188.523 Thread 0x000000001ec51000 Uncommon trap: reason=unstable_if action=reinterpret pc=0x000000000386fd64 method=com.esotericsoftware.kryo.io.Input.require(I)I @ 180
Event: 1195.966 Thread 0x000000001ec58000 Uncommon trap: reason=bimorphic action=maybe_recompile pc=0x0000000003007500 method=java.util.HashMap.removeNode(ILjava/lang/Object;Ljava/lang/Object;ZZ)Ljava/util/HashMap$Node; @ 143
Event: 1196.354 Thread 0x000000001ec52800 Uncommon trap: reason=unstable_if action=reinterpret pc=0x000000000379a8d4 method=org.gradle.internal.time.MonotonicClock.advance(J)J @ 25

Classes redefined (0 events):
No events

Internal exceptions (10 events):
Event: 1195.228 Thread 0x000000001ec58000 Exception <a 'java/lang/ClassNotFoundException': build_dnefcj1b8nl4dbd2tkrgpehofCustomizer> (0x00000000e6884c50) thrown at [D:\src\AOSP-openjdk-cygwin\jdk8u\hotspot\src\share\vm\classfile\systemDictionary.cpp, line 210]
Event: 1195.504 Thread 0x000000001ec58000 Exception <a 'java/lang/ClassNotFoundException': build_dnefcj1b8nl4dbd2tkrgpehofBeanInfo> (0x00000000e72dada0) thrown at [D:\src\AOSP-openjdk-cygwin\jdk8u\hotspot\src\share\vm\classfile\systemDictionary.cpp, line 210]
Event: 1195.505 Thread 0x000000001ec58000 Exception <a 'java/lang/ClassNotFoundException': build_dnefcj1b8nl4dbd2tkrgpehofCustomizer> (0x00000000e72e6958) thrown at [D:\src\AOSP-openjdk-cygwin\jdk8u\hotspot\src\share\vm\classfile\systemDictionary.cpp, line 210]
Event: 1195.622 Thread 0x000000001ec58000 Exception <a 'java/lang/ClassNotFoundException': build_pyzxp44tzpi97m39rvtv33eeBeanInfo> (0x00000000e73b66d0) thrown at [D:\src\AOSP-openjdk-cygwin\jdk8u\hotspot\src\share\vm\classfile\systemDictionary.cpp, line 210]
Event: 1195.623 Thread 0x000000001ec58000 Exception <a 'java/lang/ClassNotFoundException': build_pyzxp44tzpi97m39rvtv33eeCustomizer> (0x00000000e73c2270) thrown at [D:\src\AOSP-openjdk-cygwin\jdk8u\hotspot\src\share\vm\classfile\systemDictionary.cpp, line 210]
Event: 1195.633 Thread 0x000000001ec58000 Exception <a 'sun/nio/fs/WindowsException'> (0x00000000e740fcf0) thrown at [D:\src\AOSP-openjdk-cygwin\jdk8u\hotspot\src\share\vm\prims\jni.cpp, line 710]
Event: 1195.806 Thread 0x000000001ec58000 Exception <a 'java/lang/ClassNotFoundException': build_pyzxp44tzpi97m39rvtv33ee$_run_closure1$_closure4BeanInfo> (0x00000000e75db560) thrown at [D:\src\AOSP-openjdk-cygwin\jdk8u\hotspot\src\share\vm\classfile\systemDictionary.cpp, line 210]
Event: 1195.810 Thread 0x000000001ec58000 Exception <a 'java/lang/ClassNotFoundException': build_pyzxp44tzpi97m39rvtv33ee$_run_closure1$_closure4Customizer> (0x00000000e75ece08) thrown at [D:\src\AOSP-openjdk-cygwin\jdk8u\hotspot\src\share\vm\classfile\systemDictionary.cpp, line 210]
Event: 1195.815 Thread 0x000000001ec58000 Exception <a 'java/lang/ClassNotFoundException': build_pyzxp44tzpi97m39rvtv33ee$_run_closure1BeanInfo> (0x00000000e76168c8) thrown at [D:\src\AOSP-openjdk-cygwin\jdk8u\hotspot\src\share\vm\classfile\systemDictionary.cpp, line 210]
Event: 1195.816 Thread 0x000000001ec58000 Exception <a 'java/lang/ClassNotFoundException': build_pyzxp44tzpi97m39rvtv33ee$_run_closure1Customizer> (0x00000000e7627690) thrown at [D:\src\AOSP-openjdk-cygwin\jdk8u\hotspot\src\share\vm\classfile\systemDictionary.cpp, line 210]

Events (10 events):
Event: 1196.370 Executing VM operation: RevokeBias done
Event: 1196.373 Thread 0x000000001ec5d000 Thread added: 0x000000001ec5d000
Event: 1196.494 Executing VM operation: RevokeBias
Event: 1196.494 Executing VM operation: RevokeBias done
Event: 1196.507 Executing VM operation: RevokeBias
Event: 1196.507 Executing VM operation: RevokeBias done
Event: 1196.508 Executing VM operation: RevokeBias
Event: 1196.508 Executing VM operation: RevokeBias done
Event: 1196.572 loading class org/gradle/cache/internal/btree/FreeListBlockStore$FreeListEntry
Event: 1196.572 loading class org/gradle/cache/internal/btree/FreeListBlockStore$FreeListEntry done


Dynamic libraries:
0x00007ff7a3fc0000 - 0x00007ff7a3ff1000 	C:\Program Files\Android\Android Studio\jre\bin\java.exe
0x00007fff84040000 - 0x00007fff84230000 	C:\WINDOWS\SYSTEM32\ntdll.dll
0x00007fff56cc0000 - 0x00007fff56cd4000 	C:\Program Files\AVAST Software\Avast\aswhook.dll
0x00007fff83e60000 - 0x00007fff83f12000 	C:\WINDOWS\System32\KERNEL32.DLL
0x00007fff813a0000 - 0x00007fff81643000 	C:\WINDOWS\System32\KERNELBASE.dll
0x00007fff83730000 - 0x00007fff837d3000 	C:\WINDOWS\System32\ADVAPI32.dll
0x00007fff82b60000 - 0x00007fff82bfe000 	C:\WINDOWS\System32\msvcrt.dll
0x00007fff820f0000 - 0x00007fff82187000 	C:\WINDOWS\System32\sechost.dll
0x00007fff83bb0000 - 0x00007fff83cd0000 	C:\WINDOWS\System32\RPCRT4.dll
0x00007fff83580000 - 0x00007fff83714000 	C:\WINDOWS\System32\USER32.dll
0x00007fff81370000 - 0x00007fff81391000 	C:\WINDOWS\System32\win32u.dll
0x00007fff83b80000 - 0x00007fff83ba6000 	C:\WINDOWS\System32\GDI32.dll
0x00007fff81e50000 - 0x00007fff81fe4000 	C:\WINDOWS\System32\gdi32full.dll
0x00007fff810d0000 - 0x00007fff8116e000 	C:\WINDOWS\System32\msvcp_win.dll
0x00007fff80fd0000 - 0x00007fff810ca000 	C:\WINDOWS\System32\ucrtbase.dll
0x00007fff6d850000 - 0x00007fff6dad5000 	C:\WINDOWS\WinSxS\amd64_microsoft.windows.common-controls_6595b64144ccf1df_6.0.18362.592_none_e6c0b1911312be02\COMCTL32.dll
0x00007fff82c00000 - 0x00007fff82f36000 	C:\WINDOWS\System32\combase.dll
0x00007fff812f0000 - 0x00007fff81370000 	C:\WINDOWS\System32\bcryptPrimitives.dll
0x00007fff82b30000 - 0x00007fff82b5e000 	C:\WINDOWS\System32\IMM32.DLL
0x000000005b550000 - 0x000000005b622000 	C:\Program Files\Android\Android Studio\jre\jre\bin\msvcr100.dll
0x000000005b630000 - 0x000000005be76000 	C:\Program Files\Android\Android Studio\jre\jre\bin\server\jvm.dll
0x00007fff83af0000 - 0x00007fff83af8000 	C:\WINDOWS\System32\PSAPI.DLL
0x00007fff70ba0000 - 0x00007fff70ba9000 	C:\WINDOWS\SYSTEM32\WSOCK32.dll
0x00007fff83cd0000 - 0x00007fff83d3f000 	C:\WINDOWS\System32\WS2_32.dll
0x00007fff7e040000 - 0x00007fff7e064000 	C:\WINDOWS\SYSTEM32\WINMM.dll
0x00007fff74c50000 - 0x00007fff74c5a000 	C:\WINDOWS\SYSTEM32\VERSION.dll
0x00007fff7e010000 - 0x00007fff7e03d000 	C:\WINDOWS\SYSTEM32\WINMMBASE.dll
0x00007fff81ff0000 - 0x00007fff8203a000 	C:\WINDOWS\System32\cfgmgr32.dll
0x00007fff7a3f0000 - 0x00007fff7a3ff000 	C:\Program Files\Android\Android Studio\jre\jre\bin\verify.dll
0x00007fff6df50000 - 0x00007fff6df79000 	C:\Program Files\Android\Android Studio\jre\jre\bin\java.dll
0x00007fff72ab0000 - 0x00007fff72ac6000 	C:\Program Files\Android\Android Studio\jre\jre\bin\zip.dll
0x00007fff82440000 - 0x00007fff82b25000 	C:\WINDOWS\System32\SHELL32.dll
0x00007fff82260000 - 0x00007fff82309000 	C:\WINDOWS\System32\shcore.dll
0x00007fff816d0000 - 0x00007fff81e4f000 	C:\WINDOWS\System32\windows.storage.dll
0x00007fff80fb0000 - 0x00007fff80fcf000 	C:\WINDOWS\System32\profapi.dll
0x00007fff80f60000 - 0x00007fff80faa000 	C:\WINDOWS\System32\powrprof.dll
0x00007fff80f10000 - 0x00007fff80f20000 	C:\WINDOWS\System32\UMPDC.dll
0x00007fff83fa0000 - 0x00007fff83ff2000 	C:\WINDOWS\System32\shlwapi.dll
0x00007fff80f40000 - 0x00007fff80f51000 	C:\WINDOWS\System32\kernel.appcore.dll
0x00007fff81650000 - 0x00007fff81667000 	C:\WINDOWS\System32\cryptsp.dll
0x00007fff6df30000 - 0x00007fff6df4a000 	C:\Program Files\Android\Android Studio\jre\jre\bin\net.dll
0x00007fff80780000 - 0x00007fff807e7000 	C:\WINDOWS\system32\mswsock.dll
0x00007fff7a900000 - 0x00007fff7a911000 	C:\Program Files\Android\Android Studio\jre\jre\bin\nio.dll
0x00007fff7a940000 - 0x00007fff7a966000 	C:\Users\rahul\.gradle\native\29\windows-amd64\native-platform.dll
0x00007fff7a290000 - 0x00007fff7a29d000 	C:\Program Files\Android\Android Studio\jre\jre\bin\management.dll
0x00007fff802f0000 - 0x00007fff80323000 	C:\WINDOWS\system32\rsaenh.dll
0x00007fff812c0000 - 0x00007fff812e6000 	C:\WINDOWS\System32\bcrypt.dll
0x00007fff80e30000 - 0x00007fff80e55000 	C:\WINDOWS\SYSTEM32\USERENV.dll
0x00007fff80950000 - 0x00007fff8095c000 	C:\WINDOWS\SYSTEM32\CRYPTBASE.dll
0x00007fff80490000 - 0x00007fff804ca000 	C:\WINDOWS\SYSTEM32\IPHLPAPI.DLL
0x00007fff83720000 - 0x00007fff83728000 	C:\WINDOWS\System32\NSI.dll
0x00007fff74f00000 - 0x00007fff74f16000 	C:\WINDOWS\SYSTEM32\dhcpcsvc6.DLL
0x00007fff74f40000 - 0x00007fff74f5c000 	C:\WINDOWS\SYSTEM32\dhcpcsvc.DLL
0x00007fff804e0000 - 0x00007fff805aa000 	C:\WINDOWS\SYSTEM32\DNSAPI.dll

VM Arguments:
jvm_args: -Xmx1536m -Dfile.encoding=windows-1252 -Duser.country=IN -Duser.language=en -Duser.variant 
java_command: org.gradle.launcher.daemon.bootstrap.GradleDaemon 5.4.1
java_class_path (initial): C:\Users\rahul\.gradle\wrapper\dists\gradle-5.4.1-all\3221gyojl5jsh0helicew7rwx\gradle-5.4.1\lib\gradle-launcher-5.4.1.jar
Launcher Type: SUN_STANDARD

Environment Variables:
PATH=C:\ProgramData\Oracle\Java\javapath;C:\WINDOWS\system32;C:\WINDOWS;C:\WINDOWS\System32\Wbem;C:\WINDOWS\System32\WindowsPowerShell\v1.0\;C:\WINDOWS\System32\OpenSSH\;C:\Program Files\Microsoft SQL Server\110\DTS\Binn\;C:\Program Files (x86)\Microsoft SQL Server\110\Tools\Binn\;C:\Program Files\Microsoft SQL Server\110\Tools\Binn\;C:\Program Files (x86)\Microsoft SQL Server\110\Tools\Binn\ManagementStudio\;C:\Program Files (x86)\Microsoft Visual Studio 10.0\Common7\IDE\PrivateAssemblies\;C:\Program Files (x86)\Microsoft SQL Server\110\DTS\Binn\;C:\Program Files\MySQL\MySQL Server 5.5\bin;C:\Users\rahul\AppData\Local\Programs\Python\Python37\Scripts\;C:\Users\rahul\AppData\Local\Programs\Python\Python37\;C:\Users\rahul\AppData\Local\Microsoft\WindowsApps;
USERNAME=rahul
OS=Windows_NT
PROCESSOR_IDENTIFIER=Intel64 Family 6 Model 142 Stepping 10, GenuineIntel



---------------  S Y S T E M  ---------------

OS: Windows 10.0 , 64 bit Build 18362 (10.0.18362.329)

CPU:total 8 (initial active 8) (4 cores per cpu, 2 threads per core) family 6 model 142 stepping 10, cmov, cx8, fxsr, mmx, sse, sse2, sse3, ssse3, sse4.1, sse4.2, popcnt, avx, avx2, aes, clmul, erms, 3dnowpref, lzcnt, ht, tsc, tscinvbit, bmi1, bmi2, adx

Memory: 4k page, physical 8283900k(1345880k free), swap 33449724k(5672k free)

vm_info: OpenJDK 64-Bit Server VM (25.202-b03) for windows-amd64 JRE (1.8.0_202-release-1483-b03), built by "builder" with MS VC++ 10.0 (VS2010)

time: Wed Feb 12 12:22:32 2020
timezone: India Standard Time
elapsed time: 1196 seconds (0d 0h 19m 56s)

