#
# There is insufficient memory for the Java Runtime Environment to continue.
# Native memory allocation (malloc) failed to allocate 1153536 bytes for Chunk::new
# Possible reasons:
#   The system is out of physical RAM or swap space
#   The process is running with CompressedOops enabled, and the Java Heap may be blocking the growth of the native heap
# Possible solutions:
#   Reduce memory load on the system
#   Increase physical memory or swap space
#   Check if swap backing store is full
#   Decrease Java heap size (-Xmx/-Xms)
#   Decrease number of Java threads
#   Decrease Java thread stack sizes (-Xss)
#   Set larger code cache with -XX:ReservedCodeCacheSize=
#   JVM is running with Unscaled Compressed Oops mode in which the Java heap is
#     placed in the first 4GB address space. The Java Heap base address is the
#     maximum limit for the native heap growth. Please use -XX:HeapBaseMinAddress
#     to set the Java Heap base and to place the Java Heap above 4GB virtual address.
# This output file may be truncated or incomplete.
#
#  Out of Memory Error (allocation.cpp:389), pid=12964, tid=0x0000000000001d58
#
# JRE version: OpenJDK Runtime Environment (8.0_202-b03) (build 1.8.0_202-release-1483-b03)
# Java VM: OpenJDK 64-Bit Server VM (25.202-b03 mixed mode windows-amd64 compressed oops)
# Failed to write core dump. Minidumps are not enabled by default on client versions of Windows
#

---------------  T H R E A D  ---------------

Current thread (0x0000000017fe1000):  JavaThread "C2 CompilerThread0" daemon [_thread_in_native, id=7512, stack(0x00000000188b0000,0x00000000189b0000)]

Stack: [0x00000000188b0000,0x00000000189b0000]
[error occurred during error reporting (printing stack bounds), id 0xc0000005]

Native frames: (J=compiled Java code, j=interpreted, Vv=VM code, C=native code)


Current CompileTask:
C2: 448569 11298       4       com.android.utils.PositionXmlParser::getPositionHelper (757 bytes)


---------------  P R O C E S S  ---------------

Java Threads: ( => current thread )
  0x000000001ea34000 JavaThread "ForkJoinPool.commonPool-worker-1" daemon [_thread_in_native, id=2628, stack(0x0000000025bc0000,0x0000000025cc0000)]
  0x000000001ea30800 JavaThread "stdout" [_thread_in_native, id=1172, stack(0x0000000029f30000,0x000000002a030000)]
  0x000000001ea28000 JavaThread "stderr" [_thread_in_native, id=5092, stack(0x0000000029e30000,0x0000000029f30000)]
  0x000000001ea2e000 JavaThread "stdout" [_thread_in_native, id=7980, stack(0x0000000029d30000,0x0000000029e30000)]
  0x000000001ea2c000 JavaThread "stderr" [_thread_in_native, id=13124, stack(0x0000000029c30000,0x0000000029d30000)]
  0x000000001ea29000 JavaThread "stdout" [_thread_in_native, id=8708, stack(0x0000000029b30000,0x0000000029c30000)]
  0x000000001ea2d800 JavaThread "stderr" [_thread_in_native, id=5096, stack(0x0000000029a30000,0x0000000029b30000)]
  0x000000001ea2b000 JavaThread "stdout" [_thread_in_native, id=4844, stack(0x00000000297d0000,0x00000000298d0000)]
  0x000000001ea2a800 JavaThread "stderr" [_thread_in_native, id=9488, stack(0x00000000296d0000,0x00000000297d0000)]
  0x000000001ea2c800 JavaThread "stdout" [_thread_in_native, id=5104, stack(0x00000000295d0000,0x00000000296d0000)]
  0x000000001ea29800 JavaThread "stderr" [_thread_in_native, id=3780, stack(0x00000000294d0000,0x00000000295d0000)]
  0x000000001c472800 JavaThread "stdout" [_thread_in_native, id=6468, stack(0x00000000293d0000,0x00000000294d0000)]
  0x000000002022f800 JavaThread "stderr" [_thread_in_native, id=12520, stack(0x00000000292d0000,0x00000000293d0000)]
  0x000000002022e800 JavaThread "stdout" [_thread_in_native, id=3132, stack(0x0000000028f60000,0x0000000029060000)]
  0x000000002022d000 JavaThread "stderr" [_thread_in_native, id=11504, stack(0x0000000028e60000,0x0000000028f60000)]
  0x000000002022e000 JavaThread "stdout" [_thread_in_native, id=6648, stack(0x00000000291d0000,0x00000000292d0000)]
  0x000000002022c800 JavaThread "stderr" [_thread_in_native, id=1280, stack(0x00000000290d0000,0x00000000291d0000)]
  0x000000002022a000 JavaThread "WorkerExecutor Queue Thread 8" [_thread_blocked, id=10764, stack(0x0000000028780000,0x0000000028880000)]
  0x0000000020222800 JavaThread "MarlinRenderer Disposer" daemon [_thread_blocked, id=2356, stack(0x0000000028680000,0x0000000028780000)]
  0x0000000020229800 JavaThread "Java2D Disposer" daemon [_thread_blocked, id=2244, stack(0x0000000028570000,0x0000000028670000)]
  0x0000000020225000 JavaThread "WorkerExecutor Queue Thread 7" [_thread_blocked, id=11940, stack(0x0000000028470000,0x0000000028570000)]
  0x0000000020228800 JavaThread "WorkerExecutor Queue Thread 6" [_thread_blocked, id=12292, stack(0x00000000272c0000,0x00000000273c0000)]
  0x0000000020223800 JavaThread "WorkerExecutor Queue Thread 5" [_thread_blocked, id=6924, stack(0x00000000271c0000,0x00000000272c0000)]
  0x0000000020228000 JavaThread "WorkerExecutor Queue Thread 4" [_thread_blocked, id=13500, stack(0x00000000270c0000,0x00000000271c0000)]
  0x0000000020220000 JavaThread "WorkerExecutor Queue Thread 3" [_thread_blocked, id=12588, stack(0x0000000026fc0000,0x00000000270c0000)]
  0x0000000020225800 JavaThread "WorkerExecutor Queue Thread 2" [_thread_blocked, id=852, stack(0x0000000026ec0000,0x0000000026fc0000)]
  0x0000000020227000 JavaThread "WorkerExecutor Queue" [_thread_blocked, id=11996, stack(0x0000000026dc0000,0x0000000026ec0000)]
  0x0000000020221000 JavaThread "Cache worker for execution history cache (C:\Users\rahul\AndroidStudioProjects\ButterKnifeDemo\.gradle\5.4.1\executionHistory)" [_thread_blocked, id=8340, stack(0x00000000268c0000,0x00000000269c0000)]
  0x000000001c474800 JavaThread "Cache worker for file content cache (C:\Users\rahul\AndroidStudioProjects\ButterKnifeDemo\.gradle\5.4.1\fileContent)" [_thread_blocked, id=3708, stack(0x0000000025ac0000,0x0000000025bc0000)]
  0x000000001c479000 JavaThread "Cache worker for file content cache (C:\Users\rahul\.gradle\caches\5.4.1\fileContent)" [_thread_blocked, id=4680, stack(0x00000000259c0000,0x0000000025ac0000)]
  0x000000001c473800 JavaThread "Cache worker for Build Output Cleanup Cache (C:\Users\rahul\AndroidStudioProjects\ButterKnifeDemo\.gradle\buildOutputCleanup)" [_thread_blocked, id=10328, stack(0x00000000256c0000,0x00000000257c0000)]
  0x000000001c477800 JavaThread "pool-3-thread-1" [_thread_blocked, id=13780, stack(0x0000000024510000,0x0000000024610000)]
  0x000000001ea1a800 JavaThread "Build operations Thread 8" [_thread_blocked, id=13668, stack(0x0000000023280000,0x0000000023380000)]
  0x000000001ea1d800 JavaThread "Build operations Thread 7" [_thread_blocked, id=6872, stack(0x0000000022f80000,0x0000000023080000)]
  0x000000001ea19800 JavaThread "Build operations Thread 6" [_thread_blocked, id=9884, stack(0x0000000022a80000,0x0000000022b80000)]
  0x000000001ea1c000 JavaThread "Build operations Thread 5" [_thread_blocked, id=12264, stack(0x0000000022980000,0x0000000022a80000)]
  0x000000001ea12000 JavaThread "Build operations Thread 4" [_thread_blocked, id=9936, stack(0x0000000022880000,0x0000000022980000)]
  0x000000001ea19000 JavaThread "Build operations Thread 3" [_thread_blocked, id=8524, stack(0x0000000022780000,0x0000000022880000)]
  0x000000001ea13800 JavaThread "Build operations Thread 2" [_thread_blocked, id=7348, stack(0x0000000022680000,0x0000000022780000)]
  0x000000001ea18000 JavaThread "Build operations" [_thread_blocked, id=3656, stack(0x0000000022580000,0x0000000022680000)]
  0x000000001ea13000 JavaThread "Cache worker for cache directory md-rule (C:\Users\rahul\.gradle\caches\5.4.1\md-rule)" [_thread_blocked, id=13248, stack(0x0000000022480000,0x0000000022580000)]
  0x000000001ea11000 JavaThread "Cache worker for cache directory md-supplier (C:\Users\rahul\.gradle\caches\5.4.1\md-supplier)" [_thread_blocked, id=10204, stack(0x00000000210f0000,0x00000000211f0000)]
  0x000000001ea15000 JavaThread "Cache worker for file hash cache (C:\Users\rahul\AndroidStudioProjects\ButterKnifeDemo\.gradle\5.4.1\fileHashes)" [_thread_blocked, id=2844, stack(0x0000000020cf0000,0x0000000020df0000)]
  0x000000001ea10800 JavaThread "Thread-64" [_thread_blocked, id=6616, stack(0x0000000020bf0000,0x0000000020cf0000)]
  0x000000001ea16800 JavaThread "Stdin handler" [_thread_blocked, id=1212, stack(0x000000001f520000,0x000000001f620000)]
  0x000000001ea0e000 JavaThread "Asynchronous log dispatcher for DefaultDaemonConnection: socket connection from /127.0.0.1:53391 to /127.0.0.1:53555" [_thread_blocked, id=4996, stack(0x000000001b600000,0x000000001b700000)]
  0x000000001ea0f800 JavaThread "Cancel handler" [_thread_blocked, id=10692, stack(0x000000001b400000,0x000000001b500000)]
  0x000000001ea0f000 JavaThread "Handler for socket connection from /127.0.0.1:53391 to /127.0.0.1:53555" [_thread_in_native, id=10732, stack(0x000000001b100000,0x000000001b200000)]
  0x000000001c472000 JavaThread "Daemon worker Thread 2" [_thread_in_Java, id=11792, stack(0x000000001b500000,0x000000001b600000)]
  0x000000001c476800 JavaThread "Daemon Thread 2" [_thread_blocked, id=6176, stack(0x000000001b000000,0x000000001b100000)]
  0x000000001ea16000 JavaThread "Memory manager" [_thread_blocked, id=4244, stack(0x0000000023b80000,0x0000000023c80000)]
  0x000000001ea14800 JavaThread "Cache worker for execution history cache (C:\Users\rahul\.gradle\caches\5.4.1\executionHistory)" [_thread_blocked, id=4348, stack(0x0000000020df0000,0x0000000020ef0000)]
  0x0000000019d08800 JavaThread "Cache worker for journal cache (C:\Users\rahul\.gradle\caches\journal-1)" [_thread_blocked, id=3372, stack(0x000000001bc00000,0x000000001bd00000)]
  0x0000000019d0d800 JavaThread "File lock request listener" [_thread_in_native, id=4156, stack(0x000000001bb00000,0x000000001bc00000)]
  0x0000000019d0a800 JavaThread "Cache worker for file hash cache (C:\Users\rahul\.gradle\caches\5.4.1\fileHashes)" [_thread_blocked, id=4176, stack(0x000000001ba00000,0x000000001bb00000)]
  0x00000000180f7000 JavaThread "Daemon periodic checks" [_thread_blocked, id=11988, stack(0x000000001af00000,0x000000001b000000)]
  0x00000000190d8000 JavaThread "Incoming local TCP Connector on port 53391" [_thread_in_native, id=5732, stack(0x000000001acc0000,0x000000001adc0000)]
  0x000000001a233000 JavaThread "Daemon health stats" [_thread_blocked, id=12864, stack(0x000000001a680000,0x000000001a780000)]
  0x000000001807c000 JavaThread "Service Thread" daemon [_thread_blocked, id=4144, stack(0x0000000018cb0000,0x0000000018db0000)]
  0x0000000017fec000 JavaThread "C1 CompilerThread3" daemon [_thread_in_vm, id=11476, stack(0x0000000018bb0000,0x0000000018cb0000)]
  0x00000000161bc000 JavaThread "C2 CompilerThread2" daemon [_thread_in_native, id=7940, stack(0x0000000018ab0000,0x0000000018bb0000)]
  0x0000000017fe4000 JavaThread "C2 CompilerThread1" daemon [_thread_blocked, id=9484, stack(0x00000000189b0000,0x0000000018ab0000)]
=>0x0000000017fe1000 JavaThread "C2 CompilerThread0" daemon [_thread_in_native, id=7512, stack(0x00000000188b0000,0x00000000189b0000)]
  0x0000000017fda000 JavaThread "Attach Listener" daemon [_thread_blocked, id=13608, stack(0x00000000187b0000,0x00000000188b0000)]
  0x0000000017fd9000 JavaThread "Signal Dispatcher" daemon [_thread_blocked, id=13536, stack(0x00000000186b0000,0x00000000187b0000)]
  0x0000000017fd0800 JavaThread "Finalizer" daemon [_thread_blocked, id=13592, stack(0x00000000184b0000,0x00000000185b0000)]
  0x00000000023e6800 JavaThread "Reference Handler" daemon [_thread_blocked, id=8868, stack(0x00000000183b0000,0x00000000184b0000)]
  0x00000000022ee000 JavaThread "main" [_thread_blocked, id=9356, stack(0x00000000021a0000,0x00000000022a0000)]

Other Threads:
  0x00000000161a8000 VMThread [stack: 0x0000000017eb0000,0x0000000017fb0000] [id=8136]
  0x0000000018032800 WatcherThread [stack: 0x0000000018db0000,0x0000000018eb0000] [id=11912]

VM state:not at safepoint (normal execution)

VM Mutex/Monitor currently owned by a thread:  ([mutex/lock_event])
[0x00000000022ed930] Threads_lock - owner thread: 0x00000000161a8000
[0x00000000022f0d50] Compile_lock - owner thread: 0x000000001c472000

heap address: 0x00000000a0000000, size: 1536 MB, Compressed Oops mode: 32-bit
Narrow klass base: 0x0000000000000000, Narrow klass shift: 3
Compressed class space size: 1073741824 Address: 0x0000000100000000

Heap:
 PSYoungGen      total 223744K, used 135407K [0x00000000e0000000, 0x00000000ef580000, 0x0000000100000000)
  eden space 198144K, 59% used [0x00000000e0000000,0x00000000e727ee90,0x00000000ec180000)
  from space 25600K, 70% used [0x00000000edc80000,0x00000000eee3d0e0,0x00000000ef580000)
  to   space 26624K, 0% used [0x00000000ec180000,0x00000000ec180000,0x00000000edb80000)
 ParOldGen       total 130048K, used 39794K [0x00000000a0000000, 0x00000000a7f00000, 0x00000000e0000000)
  object space 130048K, 30% used [0x00000000a0000000,0x00000000a26dcbe0,0x00000000a7f00000)
 Metaspace       used 74297K, capacity 76558K, committed 76888K, reserved 1116160K
  class space    used 9477K, capacity 10026K, committed 10112K, reserved 1048576K

Card table byte_map: [0x00000000117b0000,0x0000000011ac0000] byte_map_base: 0x00000000112b0000

Marking Bits: (ParMarkBitMap*) 0x000000006f689f30
 Begin Bits: [0x00000000124c0000, 0x0000000013cc0000)
 End Bits:   [0x0000000013cc0000, 0x00000000154c0000)

Polling page: 0x00000000006b0000

CodeCache: size=245760Kb used=32360Kb max_used=32462Kb free=213399Kb
 bounds [0x00000000023f0000, 0x00000000043d0000, 0x00000000113f0000]
 total_blobs=10555 nmethods=9607 adapters=860
 compilation: enabled

Compilation events (10 events):
Event: 448.345 Thread 0x0000000017fec000 11363       3       org.gradle.internal.serialize.AbstractEncoder$EncoderStream::write (11 bytes)
Event: 448.346 Thread 0x0000000017fec000 nmethod 11363 0x00000000043b8410 code [0x00000000043b8580, 0x00000000043b87a8]
Event: 448.346 Thread 0x0000000017fec000 11365       3       java.io.ObjectOutputStream$BlockDataOutputStream::writeBytes (144 bytes)
Event: 448.347 Thread 0x0000000017fec000 nmethod 11365 0x00000000043ba990 code [0x00000000043bab60, 0x00000000043bb2b8]
Event: 448.347 Thread 0x0000000017fec000 11366       1       java.lang.StackTraceElement::getLineNumber (5 bytes)
Event: 448.347 Thread 0x0000000017fec000 nmethod 11366 0x00000000043b6890 code [0x00000000043b69e0, 0x00000000043b6af0]
Event: 448.347 Thread 0x0000000017fec000 11367       1       java.lang.StackTraceElement::getFileName (5 bytes)
Event: 448.347 Thread 0x00000000161bc000 11368 %     4       java.io.ObjectOutputStream$BlockDataOutputStream::writeBytes @ 95 (144 bytes)
Event: 448.347 Thread 0x0000000017fec000 nmethod 11367 0x00000000043ba6d0 code [0x00000000043ba820, 0x00000000043ba930]
Event: 448.347 Thread 0x0000000017fec000 11369   !   3       java.io.ObjectOutputStream::writeObject0 (619 bytes)

GC Heap History (10 events):
Event: 422.228 GC heap before
{Heap before GC invocations=21 (full 3):
 PSYoungGen      total 109568K, used 96928K [0x00000000e0000000, 0x00000000e9980000, 0x0000000100000000)
  eden space 91648K, 100% used [0x00000000e0000000,0x00000000e5980000,0x00000000e5980000)
  from space 17920K, 29% used [0x00000000e5980000,0x00000000e5ea8148,0x00000000e6b00000)
  to   space 17920K, 0% used [0x00000000e8800000,0x00000000e8800000,0x00000000e9980000)
 ParOldGen       total 130048K, used 28095K [0x00000000a0000000, 0x00000000a7f00000, 0x00000000e0000000)
  object space 130048K, 21% used [0x00000000a0000000,0x00000000a1b6fcb0,0x00000000a7f00000)
 Metaspace       used 65530K, capacity 67540K, committed 67672K, reserved 1107968K
  class space    used 8557K, capacity 9049K, committed 9088K, reserved 1048576K
Event: 422.249 GC heap after
Heap after GC invocations=21 (full 3):
 PSYoungGen      total 137216K, used 12469K [0x00000000e0000000, 0x00000000e9900000, 0x0000000100000000)
  eden space 119808K, 0% used [0x00000000e0000000,0x00000000e0000000,0x00000000e7500000)
  from space 17408K, 71% used [0x00000000e8800000,0x00000000e942d7b0,0x00000000e9900000)
  to   space 18432K, 0% used [0x00000000e7500000,0x00000000e7500000,0x00000000e8700000)
 ParOldGen       total 130048K, used 28103K [0x00000000a0000000, 0x00000000a7f00000, 0x00000000e0000000)
  object space 130048K, 21% used [0x00000000a0000000,0x00000000a1b71cb0,0x00000000a7f00000)
 Metaspace       used 65530K, capacity 67540K, committed 67672K, reserved 1107968K
  class space    used 8557K, capacity 9049K, committed 9088K, reserved 1048576K
}
Event: 428.240 GC heap before
{Heap before GC invocations=22 (full 3):
 PSYoungGen      total 137216K, used 132269K [0x00000000e0000000, 0x00000000e9900000, 0x0000000100000000)
  eden space 119808K, 99% used [0x00000000e0000000,0x00000000e74fe048,0x00000000e7500000)
  from space 17408K, 71% used [0x00000000e8800000,0x00000000e942d7b0,0x00000000e9900000)
  to   space 18432K, 0% used [0x00000000e7500000,0x00000000e7500000,0x00000000e8700000)
 ParOldGen       total 130048K, used 28103K [0x00000000a0000000, 0x00000000a7f00000, 0x00000000e0000000)
  object space 130048K, 21% used [0x00000000a0000000,0x00000000a1b71cb0,0x00000000a7f00000)
 Metaspace       used 69523K, capacity 71630K, committed 71896K, reserved 1112064K
  class space    used 8988K, capacity 9470K, committed 9472K, reserved 1048576K
Event: 428.271 GC heap after
Heap after GC invocations=22 (full 3):
 PSYoungGen      total 138240K, used 16374K [0x00000000e0000000, 0x00000000ebd80000, 0x0000000100000000)
  eden space 119808K, 0% used [0x00000000e0000000,0x00000000e0000000,0x00000000e7500000)
  from space 18432K, 88% used [0x00000000e7500000,0x00000000e84fdac0,0x00000000e8700000)
  to   space 19968K, 0% used [0x00000000eaa00000,0x00000000eaa00000,0x00000000ebd80000)
 ParOldGen       total 130048K, used 28111K [0x00000000a0000000, 0x00000000a7f00000, 0x00000000e0000000)
  object space 130048K, 21% used [0x00000000a0000000,0x00000000a1b73cb0,0x00000000a7f00000)
 Metaspace       used 69523K, capacity 71630K, committed 71896K, reserved 1112064K
  class space    used 8988K, capacity 9470K, committed 9472K, reserved 1048576K
}
Event: 429.690 GC heap before
{Heap before GC invocations=23 (full 3):
 PSYoungGen      total 138240K, used 136182K [0x00000000e0000000, 0x00000000ebd80000, 0x0000000100000000)
  eden space 119808K, 100% used [0x00000000e0000000,0x00000000e7500000,0x00000000e7500000)
  from space 18432K, 88% used [0x00000000e7500000,0x00000000e84fdac0,0x00000000e8700000)
  to   space 19968K, 0% used [0x00000000eaa00000,0x00000000eaa00000,0x00000000ebd80000)
 ParOldGen       total 130048K, used 28111K [0x00000000a0000000, 0x00000000a7f00000, 0x00000000e0000000)
  object space 130048K, 21% used [0x00000000a0000000,0x00000000a1b73cb0,0x00000000a7f00000)
 Metaspace       used 69748K, capacity 71886K, committed 72152K, reserved 1112064K
  class space    used 8996K, capacity 9470K, committed 9472K, reserved 1048576K
Event: 430.004 GC heap after
Heap after GC invocations=23 (full 3):
 PSYoungGen      total 170496K, used 19964K [0x00000000e0000000, 0x00000000ec900000, 0x0000000100000000)
  eden space 150528K, 0% used [0x00000000e0000000,0x00000000e0000000,0x00000000e9300000)
  from space 19968K, 99% used [0x00000000eaa00000,0x00000000ebd7f0b0,0x00000000ebd80000)
  to   space 23552K, 0% used [0x00000000e9300000,0x00000000e9300000,0x00000000eaa00000)
 ParOldGen       total 130048K, used 30096K [0x00000000a0000000, 0x00000000a7f00000, 0x00000000e0000000)
  object space 130048K, 23% used [0x00000000a0000000,0x00000000a1d64240,0x00000000a7f00000)
 Metaspace       used 69748K, capacity 71886K, committed 72152K, reserved 1112064K
  class space    used 8996K, capacity 9470K, committed 9472K, reserved 1048576K
}
Event: 430.765 GC heap before
{Heap before GC invocations=24 (full 3):
 PSYoungGen      total 170496K, used 170492K [0x00000000e0000000, 0x00000000ec900000, 0x0000000100000000)
  eden space 150528K, 100% used [0x00000000e0000000,0x00000000e9300000,0x00000000e9300000)
  from space 19968K, 99% used [0x00000000eaa00000,0x00000000ebd7f0b0,0x00000000ebd80000)
  to   space 23552K, 0% used [0x00000000e9300000,0x00000000e9300000,0x00000000eaa00000)
 ParOldGen       total 130048K, used 30096K [0x00000000a0000000, 0x00000000a7f00000, 0x00000000e0000000)
  object space 130048K, 23% used [0x00000000a0000000,0x00000000a1d64240,0x00000000a7f00000)
 Metaspace       used 69773K, capacity 71886K, committed 72152K, reserved 1112064K
  class space    used 8996K, capacity 9470K, committed 9472K, reserved 1048576K
Event: 430.872 GC heap after
Heap after GC invocations=24 (full 3):
 PSYoungGen      total 174080K, used 20254K [0x00000000e0000000, 0x00000000ef580000, 0x0000000100000000)
  eden space 150528K, 0% used [0x00000000e0000000,0x00000000e0000000,0x00000000e9300000)
  from space 23552K, 85% used [0x00000000e9300000,0x00000000ea6c7a80,0x00000000eaa00000)
  to   space 25600K, 0% used [0x00000000edc80000,0x00000000edc80000,0x00000000ef580000)
 ParOldGen       total 130048K, used 30104K [0x00000000a0000000, 0x00000000a7f00000, 0x00000000e0000000)
  object space 130048K, 23% used [0x00000000a0000000,0x00000000a1d66240,0x00000000a7f00000)
 Metaspace       used 69773K, capacity 71886K, committed 72152K, reserved 1112064K
  class space    used 8996K, capacity 9470K, committed 9472K, reserved 1048576K
}
Event: 437.951 GC heap before
{Heap before GC invocations=25 (full 3):
 PSYoungGen      total 174080K, used 170782K [0x00000000e0000000, 0x00000000ef580000, 0x0000000100000000)
  eden space 150528K, 100% used [0x00000000e0000000,0x00000000e9300000,0x00000000e9300000)
  from space 23552K, 85% used [0x00000000e9300000,0x00000000ea6c7a80,0x00000000eaa00000)
  to   space 25600K, 0% used [0x00000000edc80000,0x00000000edc80000,0x00000000ef580000)
 ParOldGen       total 130048K, used 30104K [0x00000000a0000000, 0x00000000a7f00000, 0x00000000e0000000)
  object space 130048K, 23% used [0x00000000a0000000,0x00000000a1d66240,0x00000000a7f00000)
 Metaspace       used 72276K, capacity 74438K, committed 74712K, reserved 1114112K
  class space    used 9250K, capacity 9720K, committed 9728K, reserved 1048576K
Event: 438.031 GC heap after
Heap after GC invocations=25 (full 3):
 PSYoungGen      total 223744K, used 18164K [0x00000000e0000000, 0x00000000ef580000, 0x0000000100000000)
  eden space 198144K, 0% used [0x00000000e0000000,0x00000000e0000000,0x00000000ec180000)
  from space 25600K, 70% used [0x00000000edc80000,0x00000000eee3d0e0,0x00000000ef580000)
  to   space 26624K, 0% used [0x00000000ec180000,0x00000000ec180000,0x00000000edb80000)
 ParOldGen       total 130048K, used 39794K [0x00000000a0000000, 0x00000000a7f00000, 0x00000000e0000000)
  object space 130048K, 30% used [0x00000000a0000000,0x00000000a26dcbe0,0x00000000a7f00000)
 Metaspace       used 72276K, capacity 74438K, committed 74712K, reserved 1114112K
  class space    used 9250K, capacity 9720K, committed 9728K, reserved 1048576K
}

Deoptimization events (10 events):
Event: 448.287 Thread 0x000000001ea10800 Uncommon trap: reason=unstable_if action=reinterpret pc=0x00000000042c22cc method=java.io.ObjectOutputStream$BlockDataOutputStream.writeBytes(Ljava/lang/String;)V @ 22
Event: 448.287 Thread 0x000000001ea10800 Uncommon trap: reason=unstable_if action=reinterpret pc=0x0000000003ab8944 method=com.esotericsoftware.kryo.io.Output.writeBytes([BII)V @ 61
Event: 448.288 Thread 0x000000001ea10800 Uncommon trap: reason=unstable_if action=reinterpret pc=0x00000000037775e4 method=com.esotericsoftware.kryo.io.Output.writeBytes([BII)V @ 61
Event: 448.289 Thread 0x000000001ea10800 Uncommon trap: reason=unstable_if action=reinterpret pc=0x0000000003641a30 method=java.io.ObjectOutputStream$BlockDataOutputStream.writeBytes(Ljava/lang/String;)V @ 22
Event: 448.311 Thread 0x000000001c472000 Uncommon trap: reason=class_check action=maybe_recompile pc=0x0000000002e61e40 method=java.lang.Throwable.<init>(Ljava/lang/String;Ljava/lang/Throwable;)V @ 24
Event: 448.320 Thread 0x000000001c472000 Uncommon trap: reason=bimorphic action=maybe_recompile pc=0x00000000039e84ec method=java.util.Collections$SetFromMap.contains(Ljava/lang/Object;)Z @ 5
Event: 448.324 Thread 0x000000001c472000 Uncommon trap: reason=bimorphic action=maybe_recompile pc=0x00000000039e84ec method=java.util.Collections$SetFromMap.contains(Ljava/lang/Object;)Z @ 5
Event: 448.326 Thread 0x000000001c472000 Uncommon trap: reason=bimorphic action=maybe_recompile pc=0x00000000039e84ec method=java.util.Collections$SetFromMap.contains(Ljava/lang/Object;)Z @ 5
Event: 448.330 Thread 0x000000001c472000 Uncommon trap: reason=unstable_if action=reinterpret pc=0x000000000294bb24 method=org.gradle.execution.plan.Node.isComplete()Z @ 17
Event: 448.344 Thread 0x000000001ea10800 Uncommon trap: reason=unstable_if action=reinterpret pc=0x00000000031db31c method=java.io.ObjectOutputStream$BlockDataOutputStream.writeBytes(Ljava/lang/String;)V @ 22

Classes redefined (0 events):
No events

Internal exceptions (10 events):
Event: 444.696 Thread 0x000000001c472000 Exception <a 'java/lang/NoSuchMethodError': <clinit>> (0x00000000e4dae850) thrown at [D:\src\AOSP-openjdk-cygwin\jdk8u\hotspot\src\share\vm\prims\jni.cpp, line 1614]
Event: 444.712 Thread 0x000000001c472000 Exception <a 'java/lang/NoSuchMethodError': <clinit>> (0x00000000e4dfd798) thrown at [D:\src\AOSP-openjdk-cygwin\jdk8u\hotspot\src\share\vm\prims\jni.cpp, line 1614]
Event: 446.157 Thread 0x0000000020220000 Exception <a 'sun/nio/fs/WindowsException'> (0x00000000e51c89a8) thrown at [D:\src\AOSP-openjdk-cygwin\jdk8u\hotspot\src\share\vm\prims\jni.cpp, line 710]
Event: 446.937 Thread 0x0000000019d0b800 Exception <a 'java/lang/NoSuchMethodError': <clinit>> (0x00000000e5cc7998) thrown at [D:\src\AOSP-openjdk-cygwin\jdk8u\hotspot\src\share\vm\prims\jni.cpp, line 1614]
Event: 448.252 Thread 0x000000001c472000 Exception <a 'java/io/IOException'> (0x00000000e6b4cf78) thrown at [D:\src\AOSP-openjdk-cygwin\jdk8u\hotspot\src\share\vm\prims\jni.cpp, line 710]
Event: 448.253 Thread 0x000000001c472000 Exception <a 'java/lang/reflect/InvocationTargetException'> (0x00000000e6b4eca0) thrown at [D:\src\AOSP-openjdk-cygwin\jdk8u\hotspot\src\share\vm\runtime\reflection.cpp, line 1092]
Event: 448.284 Thread 0x000000001ea10800 Exception <a 'java/lang/NoSuchMethodError': <clinit>> (0x00000000e6c69d48) thrown at [D:\src\AOSP-openjdk-cygwin\jdk8u\hotspot\src\share\vm\prims\jni.cpp, line 1614]
Event: 448.286 Thread 0x000000001c472000 Exception <a 'sun/nio/fs/WindowsException'> (0x00000000e6c60948) thrown at [D:\src\AOSP-openjdk-cygwin\jdk8u\hotspot\src\share\vm\prims\jni.cpp, line 710]
Event: 448.286 Thread 0x000000001ea10800 Exception <a 'java/lang/NoSuchMethodError': <clinit>> (0x00000000e6c79f08) thrown at [D:\src\AOSP-openjdk-cygwin\jdk8u\hotspot\src\share\vm\prims\jni.cpp, line 1614]
Event: 448.343 Thread 0x000000001ea10800 Exception <a 'java/lang/NoSuchMethodError': <clinit>> (0x00000000e6e07870) thrown at [D:\src\AOSP-openjdk-cygwin\jdk8u\hotspot\src\share\vm\prims\jni.cpp, line 1614]

Events (10 events):
Event: 448.341 Executing VM operation: BulkRevokeBias
Event: 448.342 Executing VM operation: BulkRevokeBias done
Event: 448.342 Thread 0x0000000020222000 Thread exited: 0x0000000020222000
Event: 448.343 Thread 0x000000001ea10800 Uncommon trap: trap_request=0xffffff65 fr.pc=0x00000000031db31c
Event: 448.344 Thread 0x000000001ea10800 DEOPT PACKING pc=0x00000000031db31c sp=0x0000000020cedf30
Event: 448.344 Thread 0x000000001ea10800 DEOPT UNPACKING pc=0x000000000243557b sp=0x0000000020cedef0 mode 2
Event: 448.346 loading class org/gradle/internal/exceptions/Contextual
Event: 448.346 loading class org/gradle/internal/exceptions/Contextual done
Event: 448.347 loading class org/gradle/internal/exceptions/LocationAwareException$1
Event: 448.347 loading class org/gradle/internal/exceptions/LocationAwareException$1 done


Dynamic libraries:
0x00007ff6b56a0000 - 0x00007ff6b56d1000 	C:\Program Files\Android\Android Studio\jre\bin\java.exe
0x00007ffe5ff20000 - 0x00007ffe60110000 	C:\WINDOWS\SYSTEM32\ntdll.dll
0x00007ffe55c60000 - 0x00007ffe55c73000 	C:\Program Files\AVAST Software\Avast\aswhook.dll
0x00007ffe5fe20000 - 0x00007ffe5fed2000 	C:\WINDOWS\System32\KERNEL32.DLL
0x00007ffe5d1f0000 - 0x00007ffe5d493000 	C:\WINDOWS\System32\KERNELBASE.dll
0x00007ffe5f210000 - 0x00007ffe5f2b3000 	C:\WINDOWS\System32\ADVAPI32.dll
0x00007ffe5fb00000 - 0x00007ffe5fb9e000 	C:\WINDOWS\System32\msvcrt.dll
0x00007ffe5fa60000 - 0x00007ffe5faf7000 	C:\WINDOWS\System32\sechost.dll
0x00007ffe5fc10000 - 0x00007ffe5fd30000 	C:\WINDOWS\System32\RPCRT4.dll
0x00007ffe5e9a0000 - 0x00007ffe5eb34000 	C:\WINDOWS\System32\USER32.dll
0x00007ffe5ceb0000 - 0x00007ffe5ced1000 	C:\WINDOWS\System32\win32u.dll
0x00007ffe5f2c0000 - 0x00007ffe5f2e6000 	C:\WINDOWS\System32\GDI32.dll
0x00007ffe5d050000 - 0x00007ffe5d1e4000 	C:\WINDOWS\System32\gdi32full.dll
0x00007ffe5d530000 - 0x00007ffe5d5ce000 	C:\WINDOWS\System32\msvcp_win.dll
0x00007ffe5ddd0000 - 0x00007ffe5deca000 	C:\WINDOWS\System32\ucrtbase.dll
0x00007ffe2aaf0000 - 0x00007ffe2ad75000 	C:\WINDOWS\WinSxS\amd64_microsoft.windows.common-controls_6595b64144ccf1df_6.0.18362.778_none_e6c6b761130d4fb8\COMCTL32.dll
0x00007ffe5ee60000 - 0x00007ffe5f196000 	C:\WINDOWS\System32\combase.dll
0x00007ffe5d5d0000 - 0x00007ffe5d650000 	C:\WINDOWS\System32\bcryptPrimitives.dll
0x00007ffe5fbe0000 - 0x00007ffe5fc0e000 	C:\WINDOWS\System32\IMM32.DLL
0x000000006f850000 - 0x000000006f922000 	C:\Program Files\Android\Android Studio\jre\jre\bin\msvcr100.dll
0x000000006eec0000 - 0x000000006f706000 	C:\Program Files\Android\Android Studio\jre\jre\bin\server\jvm.dll
0x00007ffe5fe10000 - 0x00007ffe5fe18000 	C:\WINDOWS\System32\PSAPI.DLL
0x00007ffe4de10000 - 0x00007ffe4de19000 	C:\WINDOWS\SYSTEM32\WSOCK32.dll
0x00007ffe5f1a0000 - 0x00007ffe5f20f000 	C:\WINDOWS\System32\WS2_32.dll
0x00007ffe58d70000 - 0x00007ffe58d94000 	C:\WINDOWS\SYSTEM32\WINMM.dll
0x00007ffe54a50000 - 0x00007ffe54a5a000 	C:\WINDOWS\SYSTEM32\VERSION.dll
0x00007ffe58d40000 - 0x00007ffe58d6d000 	C:\WINDOWS\SYSTEM32\WINMMBASE.dll
0x00007ffe5ded0000 - 0x00007ffe5df1a000 	C:\WINDOWS\System32\cfgmgr32.dll
0x00007ffe58e00000 - 0x00007ffe58e0f000 	C:\Program Files\Android\Android Studio\jre\jre\bin\verify.dll
0x00007ffe4f670000 - 0x00007ffe4f699000 	C:\Program Files\Android\Android Studio\jre\jre\bin\java.dll
0x00007ffe4ed10000 - 0x00007ffe4ed26000 	C:\Program Files\Android\Android Studio\jre\jre\bin\zip.dll
0x00007ffe5f370000 - 0x00007ffe5fa55000 	C:\WINDOWS\System32\SHELL32.dll
0x00007ffe5e790000 - 0x00007ffe5e839000 	C:\WINDOWS\System32\shcore.dll
0x00007ffe5d650000 - 0x00007ffe5ddd0000 	C:\WINDOWS\System32\windows.storage.dll
0x00007ffe5cdf0000 - 0x00007ffe5ce13000 	C:\WINDOWS\System32\profapi.dll
0x00007ffe5ce60000 - 0x00007ffe5ceaa000 	C:\WINDOWS\System32\powrprof.dll
0x00007ffe5cde0000 - 0x00007ffe5cdf0000 	C:\WINDOWS\System32\UMPDC.dll
0x00007ffe5fdb0000 - 0x00007ffe5fe02000 	C:\WINDOWS\System32\shlwapi.dll
0x00007ffe5ce40000 - 0x00007ffe5ce51000 	C:\WINDOWS\System32\kernel.appcore.dll
0x00007ffe5cee0000 - 0x00007ffe5cef7000 	C:\WINDOWS\System32\cryptsp.dll
0x00007ffe48140000 - 0x00007ffe4815a000 	C:\Program Files\Android\Android Studio\jre\jre\bin\net.dll
0x00007ffe5c650000 - 0x00007ffe5c6b7000 	C:\WINDOWS\system32\mswsock.dll
0x00007ffe41570000 - 0x00007ffe41581000 	C:\Program Files\Android\Android Studio\jre\jre\bin\nio.dll
0x00007ffe2c110000 - 0x00007ffe2c136000 	C:\Users\rahul\.gradle\native\29\windows-amd64\native-platform.dll
0x00007ffe58af0000 - 0x00007ffe58afd000 	C:\Program Files\Android\Android Studio\jre\jre\bin\management.dll
0x00007ffe5c1c0000 - 0x00007ffe5c1f3000 	C:\WINDOWS\system32\rsaenh.dll
0x00007ffe5d500000 - 0x00007ffe5d526000 	C:\WINDOWS\System32\bcrypt.dll
0x00007ffe5cd00000 - 0x00007ffe5cd25000 	C:\WINDOWS\SYSTEM32\USERENV.dll
0x00007ffe5c820000 - 0x00007ffe5c82c000 	C:\WINDOWS\SYSTEM32\CRYPTBASE.dll
0x00007ffe5c360000 - 0x00007ffe5c39a000 	C:\WINDOWS\SYSTEM32\IPHLPAPI.DLL
0x00007ffe5fba0000 - 0x00007ffe5fba8000 	C:\WINDOWS\System32\NSI.dll
0x00007ffe54cd0000 - 0x00007ffe54ce6000 	C:\WINDOWS\SYSTEM32\dhcpcsvc6.DLL
0x00007ffe54cb0000 - 0x00007ffe54ccc000 	C:\WINDOWS\SYSTEM32\dhcpcsvc.DLL
0x00007ffe5c3a0000 - 0x00007ffe5c46a000 	C:\WINDOWS\SYSTEM32\DNSAPI.dll
0x00007ffe2eaf0000 - 0x00007ffe2eb14000 	C:\Program Files\Android\Android Studio\jre\jre\bin\sunec.dll
0x00007ffe50780000 - 0x00007ffe5078a000 	C:\Windows\System32\rasadhlp.dll
0x00007ffe54b60000 - 0x00007ffe54bd7000 	C:\WINDOWS\System32\fwpuclnt.dll
0x00007ffe4f660000 - 0x00007ffe4f66b000 	C:\Program Files\Android\Android Studio\jre\jre\bin\sunmscapi.dll
0x00007ffe5cf00000 - 0x00007ffe5d049000 	C:\WINDOWS\System32\CRYPT32.dll
0x00007ffe5ce20000 - 0x00007ffe5ce32000 	C:\WINDOWS\System32\MSASN1.dll
0x00007ffe2f030000 - 0x00007ffe2f1cc000 	C:\Program Files\Android\Android Studio\jre\jre\bin\awt.dll
0x00007ffe5e0a0000 - 0x00007ffe5e164000 	C:\WINDOWS\System32\OLEAUT32.dll
0x00007ffe5ac00000 - 0x00007ffe5ac2d000 	C:\WINDOWS\SYSTEM32\dwmapi.dll
0x00007ffe59000000 - 0x00007ffe595c0000 	C:\WINDOWS\SYSTEM32\d2d1.dll
0x00007ffe5a3e0000 - 0x00007ffe5a46f000 	C:\WINDOWS\SYSTEM32\apphelp.dll
0x00007ffe5a470000 - 0x00007ffe5a509000 	C:\WINDOWS\system32\uxtheme.dll

VM Arguments:
jvm_args: -Xmx1536m -Dfile.encoding=windows-1252 -Duser.country=IN -Duser.language=en -Duser.variant 
java_command: org.gradle.launcher.daemon.bootstrap.GradleDaemon 5.4.1
java_class_path (initial): C:\Users\rahul\.gradle\wrapper\dists\gradle-5.4.1-all\3221gyojl5jsh0helicew7rwx\gradle-5.4.1\lib\gradle-launcher-5.4.1.jar
Launcher Type: SUN_STANDARD

Environment Variables:
PATH=C:\ProgramData\Oracle\Java\javapath;C:\WINDOWS\system32;C:\WINDOWS;C:\WINDOWS\System32\Wbem;C:\WINDOWS\System32\WindowsPowerShell\v1.0\;C:\WINDOWS\System32\OpenSSH\;C:\Program Files\Microsoft SQL Server\110\DTS\Binn\;C:\Program Files (x86)\Microsoft SQL Server\110\Tools\Binn\;C:\Program Files\Microsoft SQL Server\110\Tools\Binn\;C:\Program Files (x86)\Microsoft SQL Server\110\Tools\Binn\ManagementStudio\;C:\Program Files (x86)\Microsoft Visual Studio 10.0\Common7\IDE\PrivateAssemblies\;C:\Program Files (x86)\Microsoft SQL Server\110\DTS\Binn\;C:\Program Files\MySQL\MySQL Server 5.5\bin;C:\Program Files\Microsoft SQL Server\Client SDK\ODBC\170\Tools\Binn\;C:\Program Files (x86)\Microsoft SQL Server\150\Tools\Binn\;C:\Program Files\Microsoft SQL Server\150\Tools\Binn\;C:\Program Files\Microsoft SQL Server\150\DTS\Binn\;C:\Program Files (x86)\Microsoft SQL Server\150\DTS\Binn\;C:\Users\rahul\AppData\Local\Programs\Python\Python37\Scripts\;C:\Users\rahul\AppData\Local\Programs\Python\Python37\;C:\Users\rahul\AppData\Local\Microsoft\WindowsApps;
USERNAME=rahul
OS=Windows_NT
PROCESSOR_IDENTIFIER=Intel64 Family 6 Model 142 Stepping 10, GenuineIntel



---------------  S Y S T E M  ---------------

OS: Windows 10.0 , 64 bit Build 18362 (10.0.18362.778)

CPU:total 8 (initial active 8) (4 cores per cpu, 2 threads per core) family 6 model 142 stepping 10, cmov, cx8, fxsr, mmx, sse, sse2, sse3, ssse3, sse4.1, sse4.2, popcnt, avx, avx2, aes, clmul, erms, 3dnowpref, lzcnt, ht, tsc, tscinvbit, bmi1, bmi2, adx

Memory: 4k page, physical 8283900k(302632k free), swap 33449724k(41140k free)

vm_info: OpenJDK 64-Bit Server VM (25.202-b03) for windows-amd64 JRE (1.8.0_202-release-1483-b03), built by "builder" with MS VC++ 10.0 (VS2010)

time: Wed May 06 20:19:17 2020
timezone: India Standard Time
elapsed time: 448 seconds (0d 0h 7m 28s)

