#
# There is insufficient memory for the Java Runtime Environment to continue.
# Native memory allocation (malloc) failed to allocate 790336 bytes for Chunk::new
# Possible reasons:
#   The system is out of physical RAM or swap space
#   The process is running with CompressedOops enabled, and the Java Heap may be blocking the growth of the native heap
# Possible solutions:
#   Reduce memory load on the system
#   Increase physical memory or swap space
#   Check if swap backing store is full
#   Decrease Java heap size (-Xmx/-Xms)
#   Decrease number of Java threads
#   Decrease Java thread stack sizes (-Xss)
#   Set larger code cache with -XX:ReservedCodeCacheSize=
#   JVM is running with Unscaled Compressed Oops mode in which the Java heap is
#     placed in the first 4GB address space. The Java Heap base address is the
#     maximum limit for the native heap growth. Please use -XX:HeapBaseMinAddress
#     to set the Java Heap base and to place the Java Heap above 4GB virtual address.
# This output file may be truncated or incomplete.
#
#  Out of Memory Error (allocation.cpp:389), pid=8732, tid=0x0000000000002320
#
# JRE version: OpenJDK Runtime Environment (8.0_212-b04) (build 1.8.0_212-release-1586-b04)
# Java VM: OpenJDK 64-Bit Server VM (25.212-b04 mixed mode windows-amd64 compressed oops)
# Failed to write core dump. Minidumps are not enabled by default on client versions of Windows
#

---------------  T H R E A D  ---------------

Current thread (0x00000000180e8800):  JavaThread "C2 CompilerThread2" daemon [_thread_in_native, id=8992, stack(0x0000000018bb0000,0x0000000018cb0000)]

Stack: [0x0000000018bb0000,0x0000000018cb0000]
[error occurred during error reporting (printing stack bounds), id 0xc0000005]

Native frames: (J=compiled Java code, j=interpreted, Vv=VM code, C=native code)


Current CompileTask:
C2:   4363 1416       4       java.net.URLClassLoader$1::run (5 bytes)


---------------  P R O C E S S  ---------------

Java Threads: ( => current thread )
  0x00000000198ba000 JavaThread "Cache worker for journal cache (C:\Users\rahul\.gradle\caches\journal-1)" [_thread_blocked, id=9768, stack(0x000000001ced0000,0x000000001cfd0000)]
  0x00000000198bb800 JavaThread "File lock request listener" [_thread_in_native, id=12900, stack(0x000000001cdd0000,0x000000001ced0000)]
  0x00000000198b9000 JavaThread "Cache worker for file hash cache (C:\Users\rahul\.gradle\caches\5.6.4\fileHashes)" [_thread_blocked, id=5168, stack(0x000000001ccd0000,0x000000001cdd0000)]
  0x000000001aaf4800 JavaThread "Thread-9" [_thread_blocked, id=5776, stack(0x000000001c9d0000,0x000000001cad0000)]
  0x000000001aafa800 JavaThread "Stdin handler" [_thread_blocked, id=9744, stack(0x000000001c8d0000,0x000000001c9d0000)]
  0x000000001aafa000 JavaThread "Asynchronous log dispatcher for DefaultDaemonConnection: socket connection from /127.0.0.1:54215 to /127.0.0.1:54216" [_thread_blocked, id=10024, stack(0x000000001c6d0000,0x000000001c7d0000)]
  0x000000001aaba000 JavaThread "Daemon worker" [_thread_in_native, id=9272, stack(0x000000001c5d0000,0x000000001c6d0000)]
  0x000000001aacb800 JavaThread "Cancel handler" [_thread_blocked, id=13156, stack(0x000000001c4d0000,0x000000001c5d0000)]
  0x000000001aaa7800 JavaThread "Handler for socket connection from /127.0.0.1:54215 to /127.0.0.1:54216" [_thread_in_native, id=11604, stack(0x000000001c1d0000,0x000000001c2d0000)]
  0x000000001aaa4800 JavaThread "Daemon" [_thread_blocked, id=6216, stack(0x000000001c0d0000,0x000000001c1d0000)]
  0x000000001aa81800 JavaThread "Daemon periodic checks" [_thread_blocked, id=1404, stack(0x000000001bfd0000,0x000000001c0d0000)]
  0x000000001aa21800 JavaThread "Incoming local TCP Connector on port 54215" [_thread_in_native, id=5232, stack(0x000000001bd90000,0x000000001be90000)]
  0x000000001920b800 JavaThread "Daemon health stats" [_thread_blocked, id=8116, stack(0x000000001b750000,0x000000001b850000)]
  0x0000000018147000 JavaThread "Service Thread" daemon [_thread_blocked, id=12132, stack(0x0000000018db0000,0x0000000018eb0000)]
  0x00000000180f2800 JavaThread "C1 CompilerThread3" daemon [_thread_blocked, id=8800, stack(0x0000000018cb0000,0x0000000018db0000)]
=>0x00000000180e8800 JavaThread "C2 CompilerThread2" daemon [_thread_in_native, id=8992, stack(0x0000000018bb0000,0x0000000018cb0000)]
  0x00000000180db800 JavaThread "C2 CompilerThread1" daemon [_thread_blocked, id=4396, stack(0x0000000018ab0000,0x0000000018bb0000)]
  0x00000000180d9000 JavaThread "C2 CompilerThread0" daemon [_thread_blocked, id=3852, stack(0x00000000189b0000,0x0000000018ab0000)]
  0x00000000180d6000 JavaThread "Attach Listener" daemon [_thread_blocked, id=9636, stack(0x00000000188b0000,0x00000000189b0000)]
  0x00000000180d5000 JavaThread "Signal Dispatcher" daemon [_thread_blocked, id=10016, stack(0x00000000187b0000,0x00000000188b0000)]
  0x00000000180d0800 JavaThread "Finalizer" daemon [_thread_blocked, id=9068, stack(0x00000000185b0000,0x00000000186b0000)]
  0x0000000002506000 JavaThread "Reference Handler" daemon [_thread_blocked, id=5292, stack(0x00000000184b0000,0x00000000185b0000)]
  0x00000000022ee000 JavaThread "main" [_thread_blocked, id=11100, stack(0x0000000002310000,0x0000000002410000)]

Other Threads:
  0x00000000162c7800 VMThread [stack: 0x0000000017fb0000,0x00000000180b0000] [id=11728]
  0x0000000018147800 WatcherThread [stack: 0x0000000018eb0000,0x0000000018fb0000] [id=5000]

VM state:not at safepoint (normal execution)

VM Mutex/Monitor currently owned by a thread: None

heap address: 0x00000000a0000000, size: 1536 MB, Compressed Oops mode: 32-bit
Narrow klass base: 0x0000000000000000, Narrow klass shift: 3
Compressed class space size: 1073741824 Address: 0x0000000100000000

Heap:
 PSYoungGen      total 38400K, used 36189K [0x00000000e0000000, 0x00000000e2a80000, 0x0000000100000000)
  eden space 33280K, 93% used [0x00000000e0000000,0x00000000e1e57588,0x00000000e2080000)
  from space 5120K, 100% used [0x00000000e2080000,0x00000000e2580000,0x00000000e2580000)
  to   space 5120K, 0% used [0x00000000e2580000,0x00000000e2580000,0x00000000e2a80000)
 ParOldGen       total 87552K, used 1563K [0x00000000a0000000, 0x00000000a5580000, 0x00000000e0000000)
  object space 87552K, 1% used [0x00000000a0000000,0x00000000a0186f80,0x00000000a5580000)
 Metaspace       used 14638K, capacity 14978K, committed 15232K, reserved 1064960K
  class space    used 2048K, capacity 2159K, committed 2176K, reserved 1048576K

Card table byte_map: [0x00000000118d0000,0x0000000011be0000] byte_map_base: 0x00000000113d0000

Marking Bits: (ParMarkBitMap*) 0x000000006f619f30
 Begin Bits: [0x00000000125e0000, 0x0000000013de0000)
 End Bits:   [0x0000000013de0000, 0x00000000155e0000)

Polling page: 0x00000000009e0000

CodeCache: size=245760Kb used=5057Kb max_used=5057Kb free=240702Kb
 bounds [0x0000000002510000, 0x0000000002a10000, 0x0000000011510000]
 total_blobs=1826 nmethods=1442 adapters=297
 compilation: enabled

Compilation events (10 events):
Event: 4.346 Thread 0x00000000180f2800 nmethod 1430 0x00000000029f7610 code [0x00000000029f77a0, 0x00000000029f7bf8]
Event: 4.348 Thread 0x00000000180f2800 1436       3       java.util.LinkedList::<init> (10 bytes)
Event: 4.348 Thread 0x00000000180f2800 nmethod 1436 0x00000000029f7090 code [0x00000000029f7200, 0x00000000029f74d0]
Event: 4.348 Thread 0x00000000180f2800 1437       3       java.util.AbstractSequentialList::<init> (5 bytes)
Event: 4.348 Thread 0x00000000180f2800 nmethod 1437 0x00000000029f6b90 code [0x00000000029f6d00, 0x00000000029f6f70]
Event: 4.360 Thread 0x00000000180f2800 1438       3       java.util.LinkedList$ListItr::remove (84 bytes)
Event: 4.360 Thread 0x00000000180f2800 nmethod 1438 0x00000000029fd210 code [0x00000000029fd3c0, 0x00000000029fd8a8]
Event: 4.360 Thread 0x00000000180f2800 1439       3       java.util.LinkedList::unlink (91 bytes)
Event: 4.361 Thread 0x00000000180f2800 nmethod 1439 0x00000000029f6650 code [0x00000000029f67c0, 0x00000000029f6a90]
Event: 4.361 Thread 0x00000000180f2800 1440   !   3       org.gradle.internal.service.MethodHandleBasedServiceMethodFactory::toServiceMethod (51 bytes)

GC Heap History (6 events):
Event: 1.228 GC heap before
{Heap before GC invocations=1 (full 0):
 PSYoungGen      total 38400K, used 33280K [0x00000000e0000000, 0x00000000e2a80000, 0x0000000100000000)
  eden space 33280K, 100% used [0x00000000e0000000,0x00000000e2080000,0x00000000e2080000)
  from space 5120K, 0% used [0x00000000e2580000,0x00000000e2580000,0x00000000e2a80000)
  to   space 5120K, 0% used [0x00000000e2080000,0x00000000e2080000,0x00000000e2580000)
 ParOldGen       total 87552K, used 0K [0x00000000a0000000, 0x00000000a5580000, 0x00000000e0000000)
  object space 87552K, 0% used [0x00000000a0000000,0x00000000a0000000,0x00000000a5580000)
 Metaspace       used 6698K, capacity 6896K, committed 7040K, reserved 1056768K
  class space    used 817K, capacity 876K, committed 896K, reserved 1048576K
Event: 1.233 GC heap after
Heap after GC invocations=1 (full 0):
 PSYoungGen      total 38400K, used 4236K [0x00000000e0000000, 0x00000000e2a80000, 0x0000000100000000)
  eden space 33280K, 0% used [0x00000000e0000000,0x00000000e0000000,0x00000000e2080000)
  from space 5120K, 82% used [0x00000000e2080000,0x00000000e24a33c0,0x00000000e2580000)
  to   space 5120K, 0% used [0x00000000e2580000,0x00000000e2580000,0x00000000e2a80000)
 ParOldGen       total 87552K, used 8K [0x00000000a0000000, 0x00000000a5580000, 0x00000000e0000000)
  object space 87552K, 0% used [0x00000000a0000000,0x00000000a0002000,0x00000000a5580000)
 Metaspace       used 6698K, capacity 6896K, committed 7040K, reserved 1056768K
  class space    used 817K, capacity 876K, committed 896K, reserved 1048576K
}
Event: 1.643 GC heap before
{Heap before GC invocations=2 (full 0):
 PSYoungGen      total 38400K, used 37516K [0x00000000e0000000, 0x00000000e2a80000, 0x0000000100000000)
  eden space 33280K, 100% used [0x00000000e0000000,0x00000000e2080000,0x00000000e2080000)
  from space 5120K, 82% used [0x00000000e2080000,0x00000000e24a33c0,0x00000000e2580000)
  to   space 5120K, 0% used [0x00000000e2580000,0x00000000e2580000,0x00000000e2a80000)
 ParOldGen       total 87552K, used 8K [0x00000000a0000000, 0x00000000a5580000, 0x00000000e0000000)
  object space 87552K, 0% used [0x00000000a0000000,0x00000000a0002000,0x00000000a5580000)
 Metaspace       used 7057K, capacity 7210K, committed 7424K, reserved 1056768K
  class space    used 873K, capacity 917K, committed 1024K, reserved 1048576K
Event: 1.647 GC heap after
Heap after GC invocations=2 (full 0):
 PSYoungGen      total 38400K, used 3437K [0x00000000e0000000, 0x00000000e2a80000, 0x0000000100000000)
  eden space 33280K, 0% used [0x00000000e0000000,0x00000000e0000000,0x00000000e2080000)
  from space 5120K, 67% used [0x00000000e2580000,0x00000000e28db6d0,0x00000000e2a80000)
  to   space 5120K, 0% used [0x00000000e2080000,0x00000000e2080000,0x00000000e2580000)
 ParOldGen       total 87552K, used 16K [0x00000000a0000000, 0x00000000a5580000, 0x00000000e0000000)
  object space 87552K, 0% used [0x00000000a0000000,0x00000000a0004000,0x00000000a5580000)
 Metaspace       used 7057K, capacity 7210K, committed 7424K, reserved 1056768K
  class space    used 873K, capacity 917K, committed 1024K, reserved 1048576K
}
Event: 3.999 GC heap before
{Heap before GC invocations=3 (full 0):
 PSYoungGen      total 38400K, used 36717K [0x00000000e0000000, 0x00000000e2a80000, 0x0000000100000000)
  eden space 33280K, 100% used [0x00000000e0000000,0x00000000e2080000,0x00000000e2080000)
  from space 5120K, 67% used [0x00000000e2580000,0x00000000e28db6d0,0x00000000e2a80000)
  to   space 5120K, 0% used [0x00000000e2080000,0x00000000e2080000,0x00000000e2580000)
 ParOldGen       total 87552K, used 16K [0x00000000a0000000, 0x00000000a5580000, 0x00000000e0000000)
  object space 87552K, 0% used [0x00000000a0000000,0x00000000a0004000,0x00000000a5580000)
 Metaspace       used 12420K, capacity 12794K, committed 12928K, reserved 1060864K
  class space    used 1680K, capacity 1835K, committed 1920K, reserved 1048576K
Event: 4.008 GC heap after
Heap after GC invocations=3 (full 0):
 PSYoungGen      total 38400K, used 5120K [0x00000000e0000000, 0x00000000e2a80000, 0x0000000100000000)
  eden space 33280K, 0% used [0x00000000e0000000,0x00000000e0000000,0x00000000e2080000)
  from space 5120K, 100% used [0x00000000e2080000,0x00000000e2580000,0x00000000e2580000)
  to   space 5120K, 0% used [0x00000000e2580000,0x00000000e2580000,0x00000000e2a80000)
 ParOldGen       total 87552K, used 1563K [0x00000000a0000000, 0x00000000a5580000, 0x00000000e0000000)
  object space 87552K, 1% used [0x00000000a0000000,0x00000000a0186f80,0x00000000a5580000)
 Metaspace       used 12420K, capacity 12794K, committed 12928K, reserved 1060864K
  class space    used 1680K, capacity 1835K, committed 1920K, reserved 1048576K
}

Deoptimization events (10 events):
Event: 1.904 Thread 0x00000000022ee000 Uncommon trap: reason=bimorphic action=maybe_recompile pc=0x000000000276b998 method=java.util.HashMap.putVal(ILjava/lang/Object;Ljava/lang/Object;ZZ)Ljava/lang/Object; @ 203
Event: 3.077 Thread 0x00000000022ee000 Uncommon trap: reason=unstable_if action=reinterpret pc=0x00000000027d199c method=java.io.WinNTFileSystem.normalize(Ljava/lang/String;)Ljava/lang/String; @ 128
Event: 3.833 Thread 0x000000001aaa7800 Uncommon trap: reason=unstable_if action=reinterpret pc=0x00000000028e0f70 method=java.util.concurrent.ConcurrentHashMap.putVal(Ljava/lang/Object;Ljava/lang/Object;Z)Ljava/lang/Object; @ 206
Event: 3.898 Thread 0x000000001aaba000 Uncommon trap: reason=bimorphic action=maybe_recompile pc=0x000000000276b94c method=java.util.HashMap.putVal(ILjava/lang/Object;Ljava/lang/Object;ZZ)Ljava/lang/Object; @ 253
Event: 3.899 Thread 0x000000001aaba000 Uncommon trap: reason=bimorphic action=maybe_recompile pc=0x000000000276b94c method=java.util.HashMap.putVal(ILjava/lang/Object;Ljava/lang/Object;ZZ)Ljava/lang/Object; @ 253
Event: 3.899 Thread 0x000000001aaba000 Uncommon trap: reason=bimorphic action=maybe_recompile pc=0x000000000276b94c method=java.util.HashMap.putVal(ILjava/lang/Object;Ljava/lang/Object;ZZ)Ljava/lang/Object; @ 253
Event: 4.181 Thread 0x000000001aaba000 Uncommon trap: reason=class_check action=maybe_recompile pc=0x00000000027e1d98 method=java.util.regex.Matcher.match(II)Z @ 86
Event: 4.199 Thread 0x000000001aaba000 Uncommon trap: reason=class_check action=maybe_recompile pc=0x00000000027e1d98 method=java.util.regex.Matcher.match(II)Z @ 86
Event: 4.199 Thread 0x000000001aaba000 Uncommon trap: reason=class_check action=maybe_recompile pc=0x00000000027e1d98 method=java.util.regex.Matcher.match(II)Z @ 86
Event: 4.200 Thread 0x000000001aaba000 Uncommon trap: reason=class_check action=maybe_recompile pc=0x000000000267655c method=java.util.regex.Matcher.match(II)Z @ 86

Classes redefined (0 events):
No events

Internal exceptions (10 events):
Event: 3.837 Thread 0x000000001aaa7800 Exception <a 'java/lang/NoSuchMethodError': <clinit>> (0x00000000e178cdb8) thrown at [D:\src\AOSP-openjdk-cygwin\jdk8u\hotspot\src\share\vm\prims\jni.cpp, line 1614]
Event: 3.842 Thread 0x000000001aaa7800 Exception <a 'java/lang/NoSuchMethodError': <clinit>> (0x00000000e179ffb8) thrown at [D:\src\AOSP-openjdk-cygwin\jdk8u\hotspot\src\share\vm\prims\jni.cpp, line 1614]
Event: 3.847 Thread 0x000000001aaa7800 Exception <a 'java/lang/NoSuchMethodError': <clinit>> (0x00000000e17c7388) thrown at [D:\src\AOSP-openjdk-cygwin\jdk8u\hotspot\src\share\vm\prims\jni.cpp, line 1614]
Event: 3.849 Thread 0x000000001aaa7800 Exception <a 'java/lang/NoSuchMethodError': <clinit>> (0x00000000e17df358) thrown at [D:\src\AOSP-openjdk-cygwin\jdk8u\hotspot\src\share\vm\prims\jni.cpp, line 1614]
Event: 3.850 Thread 0x000000001aaa7800 Exception <a 'java/lang/NoSuchMethodError': <clinit>> (0x00000000e17e7fe8) thrown at [D:\src\AOSP-openjdk-cygwin\jdk8u\hotspot\src\share\vm\prims\jni.cpp, line 1614]
Event: 3.853 Thread 0x000000001aaa7800 Exception <a 'java/lang/NoSuchMethodError': <clinit>> (0x00000000e17fe5e8) thrown at [D:\src\AOSP-openjdk-cygwin\jdk8u\hotspot\src\share\vm\prims\jni.cpp, line 1614]
Event: 3.861 Thread 0x000000001aaa7800 Exception <a 'java/lang/NoSuchMethodError': <clinit>> (0x00000000e185c6f8) thrown at [D:\src\AOSP-openjdk-cygwin\jdk8u\hotspot\src\share\vm\prims\jni.cpp, line 1614]
Event: 3.865 Thread 0x000000001aaa7800 Exception <a 'java/lang/NoSuchMethodError': <clinit>> (0x00000000e18893f8) thrown at [D:\src\AOSP-openjdk-cygwin\jdk8u\hotspot\src\share\vm\prims\jni.cpp, line 1614]
Event: 3.869 Thread 0x000000001aaa7800 Exception <a 'java/lang/NoSuchMethodError': <clinit>> (0x00000000e18b7770) thrown at [D:\src\AOSP-openjdk-cygwin\jdk8u\hotspot\src\share\vm\prims\jni.cpp, line 1614]
Event: 3.870 Thread 0x000000001aaa7800 Exception <a 'java/lang/NoSuchMethodError': <clinit>> (0x00000000e18c2b78) thrown at [D:\src\AOSP-openjdk-cygwin\jdk8u\hotspot\src\share\vm\prims\jni.cpp, line 1614]

Events (10 events):
Event: 4.358 loading class org/gradle/jvm/internal/services/PlatformJvmServices$BuildScopeServices
Event: 4.358 loading class org/gradle/jvm/internal/services/PlatformJvmServices$BuildScopeServices done
Event: 4.358 loading class org/gradle/jvm/toolchain/internal/JavaInstallationProbe
Event: 4.358 loading class org/gradle/jvm/toolchain/internal/JavaInstallationProbe done
Event: 4.359 loading class org/gradle/jvm/internal/services/PlatformJvmServices$LocalLibraryDependencyResolverFactory
Event: 4.359 loading class org/gradle/jvm/internal/services/PlatformJvmServices$LocalLibraryDependencyResolverFactory done
Event: 4.360 loading class org/gradle/language/jvm/internal/JvmPluginServiceRegistry$ComponentRegistrationAction
Event: 4.360 loading class org/gradle/language/jvm/internal/JvmPluginServiceRegistry$ComponentRegistrationAction done
Event: 4.361 loading class org/gradle/api/internal/component/DefaultComponentTypeRegistry
Event: 4.361 loading class org/gradle/api/internal/component/DefaultComponentTypeRegistry done


Dynamic libraries:
0x00007ff64b6f0000 - 0x00007ff64b721000 	C:\Program Files\Android\Android Studio\jre\bin\java.exe
0x00007ffde9580000 - 0x00007ffde9770000 	C:\WINDOWS\SYSTEM32\ntdll.dll
0x00007ffde0e70000 - 0x00007ffde0e83000 	C:\Program Files\AVAST Software\Avast\aswhook.dll
0x00007ffde7640000 - 0x00007ffde76f2000 	C:\WINDOWS\System32\KERNEL32.DLL
0x00007ffde6510000 - 0x00007ffde67b3000 	C:\WINDOWS\System32\KERNELBASE.dll
0x00007ffde8d30000 - 0x00007ffde8dd3000 	C:\WINDOWS\System32\ADVAPI32.dll
0x00007ffde88f0000 - 0x00007ffde898e000 	C:\WINDOWS\System32\msvcrt.dll
0x00007ffde9190000 - 0x00007ffde9227000 	C:\WINDOWS\System32\sechost.dll
0x00007ffde8b30000 - 0x00007ffde8c50000 	C:\WINDOWS\System32\RPCRT4.dll
0x00007ffde8990000 - 0x00007ffde8b24000 	C:\WINDOWS\System32\USER32.dll
0x00007ffde6e80000 - 0x00007ffde6ea1000 	C:\WINDOWS\System32\win32u.dll
0x00007ffde9300000 - 0x00007ffde9326000 	C:\WINDOWS\System32\GDI32.dll
0x00007ffde6be0000 - 0x00007ffde6d74000 	C:\WINDOWS\System32\gdi32full.dll
0x00007ffde6b40000 - 0x00007ffde6bde000 	C:\WINDOWS\System32\msvcp_win.dll
0x00007ffde6d80000 - 0x00007ffde6e7a000 	C:\WINDOWS\System32\ucrtbase.dll
0x00007ffdb5d00000 - 0x00007ffdb5f85000 	C:\WINDOWS\WinSxS\amd64_microsoft.windows.common-controls_6595b64144ccf1df_6.0.18362.778_none_e6c6b761130d4fb8\COMCTL32.dll
0x00007ffde8df0000 - 0x00007ffde9126000 	C:\WINDOWS\System32\combase.dll
0x00007ffde6ac0000 - 0x00007ffde6b40000 	C:\WINDOWS\System32\bcryptPrimitives.dll
0x00007ffde8860000 - 0x00007ffde888e000 	C:\WINDOWS\System32\IMM32.DLL
0x00000000702c0000 - 0x0000000070392000 	C:\Program Files\Android\Android Studio\jre\jre\bin\msvcr100.dll
0x000000006ee50000 - 0x000000006f696000 	C:\Program Files\Android\Android Studio\jre\jre\bin\server\jvm.dll
0x00007ffde8cc0000 - 0x00007ffde8cc8000 	C:\WINDOWS\System32\PSAPI.DLL
0x00007ffdd6de0000 - 0x00007ffdd6de9000 	C:\WINDOWS\SYSTEM32\WSOCK32.dll
0x00007ffde8c50000 - 0x00007ffde8cbf000 	C:\WINDOWS\System32\WS2_32.dll
0x00007ffde2350000 - 0x00007ffde2374000 	C:\WINDOWS\SYSTEM32\WINMM.dll
0x00007ffde4020000 - 0x00007ffde402a000 	C:\WINDOWS\SYSTEM32\VERSION.dll
0x00007ffde2320000 - 0x00007ffde234d000 	C:\WINDOWS\SYSTEM32\WINMMBASE.dll
0x00007ffde6a70000 - 0x00007ffde6aba000 	C:\WINDOWS\System32\cfgmgr32.dll
0x00007ffde3a90000 - 0x00007ffde3a9f000 	C:\Program Files\Android\Android Studio\jre\jre\bin\verify.dll
0x00007ffdc4ab0000 - 0x00007ffdc4ad9000 	C:\Program Files\Android\Android Studio\jre\jre\bin\java.dll
0x00007ffdb5ce0000 - 0x00007ffdb5cf6000 	C:\Program Files\Android\Android Studio\jre\jre\bin\zip.dll
0x00007ffde7700000 - 0x00007ffde7de5000 	C:\WINDOWS\System32\SHELL32.dll
0x00007ffde9490000 - 0x00007ffde9539000 	C:\WINDOWS\System32\shcore.dll
0x00007ffde6eb0000 - 0x00007ffde7630000 	C:\WINDOWS\System32\windows.storage.dll
0x00007ffde64e0000 - 0x00007ffde6503000 	C:\WINDOWS\System32\profapi.dll
0x00007ffde6490000 - 0x00007ffde64da000 	C:\WINDOWS\System32\powrprof.dll
0x00007ffde6440000 - 0x00007ffde6450000 	C:\WINDOWS\System32\UMPDC.dll
0x00007ffde8890000 - 0x00007ffde88e2000 	C:\WINDOWS\System32\shlwapi.dll
0x00007ffde6470000 - 0x00007ffde6481000 	C:\WINDOWS\System32\kernel.appcore.dll
0x00007ffde6900000 - 0x00007ffde6917000 	C:\WINDOWS\System32\cryptsp.dll
0x00007ffdc2a90000 - 0x00007ffdc2aaa000 	C:\Program Files\Android\Android Studio\jre\jre\bin\net.dll
0x00007ffdd20f0000 - 0x00007ffdd22c5000 	C:\WINDOWS\SYSTEM32\urlmon.dll
0x00007ffdd1e40000 - 0x00007ffdd20e6000 	C:\WINDOWS\SYSTEM32\iertutil.dll
0x00007ffde5e80000 - 0x00007ffde5e8c000 	C:\WINDOWS\SYSTEM32\CRYPTBASE.DLL
0x00007ffde5cb0000 - 0x00007ffde5d17000 	C:\WINDOWS\system32\mswsock.dll
0x00007ffdc2a70000 - 0x00007ffdc2a83000 	C:\Program Files\Android\Android Studio\jre\jre\bin\nio.dll
0x00007ffdd7b90000 - 0x00007ffdd7bb6000 	C:\Users\rahul\.gradle\native\30\windows-amd64\native-platform.dll
0x00007ffdd4c80000 - 0x00007ffdd4c8d000 	C:\Program Files\Android\Android Studio\jre\jre\bin\management.dll
0x00007ffde5820000 - 0x00007ffde5853000 	C:\WINDOWS\system32\rsaenh.dll
0x00007ffde67c0000 - 0x00007ffde67e6000 	C:\WINDOWS\System32\bcrypt.dll
0x00007ffde6360000 - 0x00007ffde6385000 	C:\WINDOWS\SYSTEM32\USERENV.dll
0x00007ffde59c0000 - 0x00007ffde59fa000 	C:\WINDOWS\SYSTEM32\IPHLPAPI.DLL
0x00007ffde7630000 - 0x00007ffde7638000 	C:\WINDOWS\System32\NSI.dll
0x00007ffddf470000 - 0x00007ffddf486000 	C:\WINDOWS\SYSTEM32\dhcpcsvc6.DLL
0x00007ffddf450000 - 0x00007ffddf46c000 	C:\WINDOWS\SYSTEM32\dhcpcsvc.DLL
0x00007ffde5a00000 - 0x00007ffde5aca000 	C:\WINDOWS\SYSTEM32\DNSAPI.dll

VM Arguments:
jvm_args: -Xmx1536m -Dfile.encoding=windows-1252 -Duser.country=US -Duser.language=en -Duser.variant 
java_command: org.gradle.launcher.daemon.bootstrap.GradleDaemon 5.6.4
java_class_path (initial): C:\Users\rahul\.gradle\wrapper\dists\gradle-5.6.4-all\ankdp27end7byghfw1q2sw75f\gradle-5.6.4\lib\gradle-launcher-5.6.4.jar
Launcher Type: SUN_STANDARD

Environment Variables:
PATH=C:\ProgramData\Oracle\Java\javapath;C:\WINDOWS\system32;C:\WINDOWS;C:\WINDOWS\System32\Wbem;C:\WINDOWS\System32\WindowsPowerShell\v1.0\;C:\WINDOWS\System32\OpenSSH\;C:\Program Files\Microsoft SQL Server\110\DTS\Binn\;C:\Program Files (x86)\Microsoft SQL Server\110\Tools\Binn\;C:\Program Files\Microsoft SQL Server\110\Tools\Binn\;C:\Program Files (x86)\Microsoft SQL Server\110\Tools\Binn\ManagementStudio\;C:\Program Files (x86)\Microsoft Visual Studio 10.0\Common7\IDE\PrivateAssemblies\;C:\Program Files (x86)\Microsoft SQL Server\110\DTS\Binn\;C:\Program Files\MySQL\MySQL Server 5.5\bin;C:\Program Files\Microsoft SQL Server\Client SDK\ODBC\170\Tools\Binn\;C:\Program Files (x86)\Microsoft SQL Server\150\Tools\Binn\;C:\Program Files\Microsoft SQL Server\150\Tools\Binn\;C:\Program Files\Microsoft SQL Server\150\DTS\Binn\;C:\Program Files (x86)\Microsoft SQL Server\150\DTS\Binn\;C:\Users\rahul\AppData\Local\Programs\Python\Python37\Scripts\;C:\Users\rahul\AppData\Local\Programs\Python\Python37\;C:\Users\rahul\AppData\Local\Microsoft\WindowsApps;
USERNAME=rahul
OS=Windows_NT
PROCESSOR_IDENTIFIER=Intel64 Family 6 Model 142 Stepping 10, GenuineIntel



---------------  S Y S T E M  ---------------

OS: Windows 10.0 , 64 bit Build 18362 (10.0.18362.778)

CPU:total 8 (initial active 8) (4 cores per cpu, 2 threads per core) family 6 model 142 stepping 10, cmov, cx8, fxsr, mmx, sse, sse2, sse3, ssse3, sse4.1, sse4.2, popcnt, avx, avx2, aes, clmul, erms, 3dnowpref, lzcnt, ht, tsc, tscinvbit, bmi1, bmi2, adx

Memory: 4k page, physical 8283900k(622540k free), swap 33449724k(3984k free)

vm_info: OpenJDK 64-Bit Server VM (25.212-b04) for windows-amd64 JRE (1.8.0_212-release-1586-b04), built by "builder" with MS VC++ 10.0 (VS2010)

time: Sat May 09 15:54:47 2020
timezone: India Standard Time
elapsed time: 4 seconds (0d 0h 0m 4s)

