#
# There is insufficient memory for the Java Runtime Environment to continue.
# Native memory allocation (malloc) failed to allocate 32744 bytes for ChunkPool::allocate
# Possible reasons:
#   The system is out of physical RAM or swap space
#   The process is running with CompressedOops enabled, and the Java Heap may be blocking the growth of the native heap
# Possible solutions:
#   Reduce memory load on the system
#   Increase physical memory or swap space
#   Check if swap backing store is full
#   Decrease Java heap size (-Xmx/-Xms)
#   Decrease number of Java threads
#   Decrease Java thread stack sizes (-Xss)
#   Set larger code cache with -XX:ReservedCodeCacheSize=
#   JVM is running with Unscaled Compressed Oops mode in which the Java heap is
#     placed in the first 4GB address space. The Java Heap base address is the
#     maximum limit for the native heap growth. Please use -XX:HeapBaseMinAddress
#     to set the Java Heap base and to place the Java Heap above 4GB virtual address.
# This output file may be truncated or incomplete.
#
#  Out of Memory Error (allocation.cpp:272), pid=12572, tid=0x0000000000002b3c
#
# JRE version: OpenJDK Runtime Environment (8.0_212-b04) (build 1.8.0_212-release-1586-b04)
# Java VM: OpenJDK 64-Bit Server VM (25.212-b04 mixed mode windows-amd64 compressed oops)
# Failed to write core dump. Minidumps are not enabled by default on client versions of Windows
#

---------------  T H R E A D  ---------------

Current thread (0x0000000018d21000):  JavaThread "C2 CompilerThread2" daemon [_thread_in_native, id=11068, stack(0x00000000197f0000,0x00000000198f0000)]

Stack: [0x00000000197f0000,0x00000000198f0000]
[error occurred during error reporting (printing stack bounds), id 0xc0000005]

Native frames: (J=compiled Java code, j=interpreted, Vv=VM code, C=native code)


Current CompileTask:
C2:   4300 1452   !   4       java.net.URLClassLoader$1::run (63 bytes)


---------------  P R O C E S S  ---------------

Java Threads: ( => current thread )
  0x0000000019dea800 JavaThread "Cache worker for file hash cache (C:\Users\rahul\AndroidStudioProjects\AbhishekGoogleIn\.gradle\5.6.4\fileHashes)" [_thread_blocked, id=2796, stack(0x000000001fdb0000,0x000000001feb0000)]
  0x0000000019de5000 JavaThread "Cache worker for journal cache (C:\Users\rahul\.gradle\caches\journal-1)" [_thread_blocked, id=9444, stack(0x000000001db10000,0x000000001dc10000)]
  0x0000000019deb000 JavaThread "File lock request listener" [_thread_in_native, id=7872, stack(0x000000001da10000,0x000000001db10000)]
  0x0000000019de7800 JavaThread "Cache worker for file hash cache (C:\Users\rahul\.gradle\caches\5.6.4\fileHashes)" [_thread_blocked, id=10556, stack(0x000000001d910000,0x000000001da10000)]
  0x000000001b785000 JavaThread "Thread-9" [_thread_blocked, id=1224, stack(0x000000001d610000,0x000000001d710000)]
  0x000000001b7cb000 JavaThread "Stdin handler" [_thread_blocked, id=324, stack(0x000000001d510000,0x000000001d610000)]
  0x000000001b7ca000 JavaThread "Asynchronous log dispatcher for DefaultDaemonConnection: socket connection from /127.0.0.1:54192 to /127.0.0.1:54193" [_thread_blocked, id=11024, stack(0x000000001d310000,0x000000001d410000)]
  0x000000001b75c800 JavaThread "Daemon worker" [_thread_in_vm, id=12988, stack(0x000000001d210000,0x000000001d310000)]
  0x000000001b786800 JavaThread "Cancel handler" [_thread_blocked, id=5480, stack(0x000000001d110000,0x000000001d210000)]
  0x000000001b740800 JavaThread "Handler for socket connection from /127.0.0.1:54192 to /127.0.0.1:54193" [_thread_in_native, id=7348, stack(0x000000001ce10000,0x000000001cf10000)]
  0x000000001b73c000 JavaThread "Daemon" [_thread_blocked, id=1064, stack(0x000000001cd10000,0x000000001ce10000)]
  0x000000001b6dd800 JavaThread "Daemon periodic checks" [_thread_blocked, id=2640, stack(0x000000001cc10000,0x000000001cd10000)]
  0x000000001b6d3000 JavaThread "Incoming local TCP Connector on port 54192" [_thread_in_native, id=9808, stack(0x000000001c9d0000,0x000000001cad0000)]
  0x000000001b68c800 JavaThread "Daemon health stats" [_thread_blocked, id=3200, stack(0x000000001c390000,0x000000001c490000)]
  0x0000000018dba800 JavaThread "Service Thread" daemon [_thread_blocked, id=4128, stack(0x00000000199f0000,0x0000000019af0000)]
  0x0000000018d26800 JavaThread "C1 CompilerThread3" daemon [_thread_blocked, id=9456, stack(0x00000000198f0000,0x00000000199f0000)]
=>0x0000000018d21000 JavaThread "C2 CompilerThread2" daemon [_thread_in_native, id=11068, stack(0x00000000197f0000,0x00000000198f0000)]
  0x0000000018d1d800 JavaThread "C2 CompilerThread1" daemon [_thread_in_native, id=4588, stack(0x00000000196f0000,0x00000000197f0000)]
  0x0000000018d1a800 JavaThread "C2 CompilerThread0" daemon [_thread_in_native, id=4412, stack(0x00000000195f0000,0x00000000196f0000)]
  0x0000000018d15800 JavaThread "Attach Listener" daemon [_thread_blocked, id=824, stack(0x00000000194f0000,0x00000000195f0000)]
  0x0000000018d14000 JavaThread "Signal Dispatcher" daemon [_thread_blocked, id=5972, stack(0x00000000193f0000,0x00000000194f0000)]
  0x0000000003149800 JavaThread "Finalizer" daemon [_thread_blocked, id=11308, stack(0x00000000191f0000,0x00000000192f0000)]
  0x0000000003146000 JavaThread "Reference Handler" daemon [_thread_blocked, id=4380, stack(0x00000000190f0000,0x00000000191f0000)]
  0x000000000167e000 JavaThread "main" [_thread_blocked, id=5856, stack(0x0000000002e50000,0x0000000002f50000)]

Other Threads:
  0x0000000016f08000 VMThread [stack: 0x0000000018bf0000,0x0000000018cf0000] [id=396]
  0x0000000018dbb000 WatcherThread [stack: 0x0000000019af0000,0x0000000019bf0000] [id=1160]

VM state:not at safepoint (normal execution)

VM Mutex/Monitor currently owned by a thread: None

heap address: 0x00000000a0000000, size: 1536 MB, Compressed Oops mode: 32-bit
Narrow klass base: 0x0000000000000000, Narrow klass shift: 3
Compressed class space size: 1073741824 Address: 0x0000000100000000

Heap:
 PSYoungGen      total 38400K, used 11636K [0x00000000e0000000, 0x00000000e5600000, 0x0000000100000000)
  eden space 33280K, 19% used [0x00000000e0000000,0x00000000e0665048,0x00000000e2080000)
  from space 5120K, 99% used [0x00000000e2080000,0x00000000e2578020,0x00000000e2580000)
  to   space 10752K, 0% used [0x00000000e4b80000,0x00000000e4b80000,0x00000000e5600000)
 ParOldGen       total 87552K, used 7717K [0x00000000a0000000, 0x00000000a5580000, 0x00000000e0000000)
  object space 87552K, 8% used [0x00000000a0000000,0x00000000a07895b0,0x00000000a5580000)
 Metaspace       used 18333K, capacity 18736K, committed 19072K, reserved 1064960K
  class space    used 2650K, capacity 2820K, committed 2944K, reserved 1048576K

Card table byte_map: [0x0000000012510000,0x0000000012820000] byte_map_base: 0x0000000012010000

Marking Bits: (ParMarkBitMap*) 0x000000006f619f30
 Begin Bits: [0x0000000013220000, 0x0000000014a20000)
 End Bits:   [0x0000000014a20000, 0x0000000016220000)

Polling page: 0x0000000001620000

CodeCache: size=245760Kb used=5529Kb max_used=5529Kb free=240230Kb
 bounds [0x0000000003150000, 0x00000000036c0000, 0x0000000012150000]
 total_blobs=2040 nmethods=1630 adapters=323
 compilation: enabled

Compilation events (10 events):
Event: 4.267 Thread 0x0000000018d26800 nmethod 1628 0x00000000036b3a50 code [0x00000000036b3bc0, 0x00000000036b3e90]
Event: 4.272 Thread 0x0000000018d26800 1629   !   3       org.gradle.internal.event.DefaultListenerManager$EventBroadcast::maybeAdd (99 bytes)
Event: 4.272 Thread 0x0000000018d1d800 1632       4       java.io.DataOutputStream::writeShort (35 bytes)
Event: 4.273 Thread 0x0000000018d26800 nmethod 1629 0x00000000036b3fd0 code [0x00000000036b41e0, 0x00000000036b4e38]
Event: 4.273 Thread 0x0000000018d26800 1630       3       sun.misc.ProxyGenerator::access$900 (5 bytes)
Event: 4.273 Thread 0x0000000018d26800 nmethod 1630 0x00000000036b5410 code [0x00000000036b5580, 0x00000000036b57e8]
Event: 4.273 Thread 0x0000000018d26800 1631       3       sun.misc.ProxyGenerator$ConstantPool::getFieldRef (33 bytes)
Event: 4.275 Thread 0x0000000018d26800 nmethod 1631 0x00000000036b58d0 code [0x00000000036b5b60, 0x00000000036b6908]
Event: 4.290 Thread 0x0000000018d26800 1633       3       java.util.regex.Pattern$Branch::match (66 bytes)
Event: 4.291 Thread 0x0000000018d26800 nmethod 1633 0x00000000036b83d0 code [0x00000000036b8560, 0x00000000036b8a38]

GC Heap History (10 events):
Event: 1.319 GC heap before
{Heap before GC invocations=1 (full 0):
 PSYoungGen      total 38400K, used 33280K [0x00000000e0000000, 0x00000000e2a80000, 0x0000000100000000)
  eden space 33280K, 100% used [0x00000000e0000000,0x00000000e2080000,0x00000000e2080000)
  from space 5120K, 0% used [0x00000000e2580000,0x00000000e2580000,0x00000000e2a80000)
  to   space 5120K, 0% used [0x00000000e2080000,0x00000000e2080000,0x00000000e2580000)
 ParOldGen       total 87552K, used 0K [0x00000000a0000000, 0x00000000a5580000, 0x00000000e0000000)
  object space 87552K, 0% used [0x00000000a0000000,0x00000000a0000000,0x00000000a5580000)
 Metaspace       used 6699K, capacity 6896K, committed 7040K, reserved 1056768K
  class space    used 817K, capacity 876K, committed 896K, reserved 1048576K
Event: 1.328 GC heap after
Heap after GC invocations=1 (full 0):
 PSYoungGen      total 38400K, used 4274K [0x00000000e0000000, 0x00000000e2a80000, 0x0000000100000000)
  eden space 33280K, 0% used [0x00000000e0000000,0x00000000e0000000,0x00000000e2080000)
  from space 5120K, 83% used [0x00000000e2080000,0x00000000e24aca68,0x00000000e2580000)
  to   space 5120K, 0% used [0x00000000e2580000,0x00000000e2580000,0x00000000e2a80000)
 ParOldGen       total 87552K, used 8K [0x00000000a0000000, 0x00000000a5580000, 0x00000000e0000000)
  object space 87552K, 0% used [0x00000000a0000000,0x00000000a0002000,0x00000000a5580000)
 Metaspace       used 6699K, capacity 6896K, committed 7040K, reserved 1056768K
  class space    used 817K, capacity 876K, committed 896K, reserved 1048576K
}
Event: 1.801 GC heap before
{Heap before GC invocations=2 (full 0):
 PSYoungGen      total 38400K, used 37554K [0x00000000e0000000, 0x00000000e2a80000, 0x0000000100000000)
  eden space 33280K, 100% used [0x00000000e0000000,0x00000000e2080000,0x00000000e2080000)
  from space 5120K, 83% used [0x00000000e2080000,0x00000000e24aca68,0x00000000e2580000)
  to   space 5120K, 0% used [0x00000000e2580000,0x00000000e2580000,0x00000000e2a80000)
 ParOldGen       total 87552K, used 8K [0x00000000a0000000, 0x00000000a5580000, 0x00000000e0000000)
  object space 87552K, 0% used [0x00000000a0000000,0x00000000a0002000,0x00000000a5580000)
 Metaspace       used 7045K, capacity 7210K, committed 7424K, reserved 1056768K
  class space    used 873K, capacity 917K, committed 1024K, reserved 1048576K
Event: 1.805 GC heap after
Heap after GC invocations=2 (full 0):
 PSYoungGen      total 38400K, used 3357K [0x00000000e0000000, 0x00000000e2a80000, 0x0000000100000000)
  eden space 33280K, 0% used [0x00000000e0000000,0x00000000e0000000,0x00000000e2080000)
  from space 5120K, 65% used [0x00000000e2580000,0x00000000e28c7700,0x00000000e2a80000)
  to   space 5120K, 0% used [0x00000000e2080000,0x00000000e2080000,0x00000000e2580000)
 ParOldGen       total 87552K, used 16K [0x00000000a0000000, 0x00000000a5580000, 0x00000000e0000000)
  object space 87552K, 0% used [0x00000000a0000000,0x00000000a0004000,0x00000000a5580000)
 Metaspace       used 7045K, capacity 7210K, committed 7424K, reserved 1056768K
  class space    used 873K, capacity 917K, committed 1024K, reserved 1048576K
}
Event: 3.298 GC heap before
{Heap before GC invocations=3 (full 0):
 PSYoungGen      total 38400K, used 36637K [0x00000000e0000000, 0x00000000e2a80000, 0x0000000100000000)
  eden space 33280K, 100% used [0x00000000e0000000,0x00000000e2080000,0x00000000e2080000)
  from space 5120K, 65% used [0x00000000e2580000,0x00000000e28c7700,0x00000000e2a80000)
  to   space 5120K, 0% used [0x00000000e2080000,0x00000000e2080000,0x00000000e2580000)
 ParOldGen       total 87552K, used 16K [0x00000000a0000000, 0x00000000a5580000, 0x00000000e0000000)
  object space 87552K, 0% used [0x00000000a0000000,0x00000000a0004000,0x00000000a5580000)
 Metaspace       used 12405K, capacity 12794K, committed 12928K, reserved 1060864K
  class space    used 1681K, capacity 1835K, committed 1920K, reserved 1048576K
Event: 3.306 GC heap after
Heap after GC invocations=3 (full 0):
 PSYoungGen      total 38400K, used 5104K [0x00000000e0000000, 0x00000000e2a80000, 0x0000000100000000)
  eden space 33280K, 0% used [0x00000000e0000000,0x00000000e0000000,0x00000000e2080000)
  from space 5120K, 99% used [0x00000000e2080000,0x00000000e257c010,0x00000000e2580000)
  to   space 5120K, 0% used [0x00000000e2580000,0x00000000e2580000,0x00000000e2a80000)
 ParOldGen       total 87552K, used 1603K [0x00000000a0000000, 0x00000000a5580000, 0x00000000e0000000)
  object space 87552K, 1% used [0x00000000a0000000,0x00000000a0190f38,0x00000000a5580000)
 Metaspace       used 12405K, capacity 12794K, committed 12928K, reserved 1060864K
  class space    used 1681K, capacity 1835K, committed 1920K, reserved 1048576K
}
Event: 3.777 GC heap before
{Heap before GC invocations=4 (full 0):
 PSYoungGen      total 38400K, used 38384K [0x00000000e0000000, 0x00000000e2a80000, 0x0000000100000000)
  eden space 33280K, 100% used [0x00000000e0000000,0x00000000e2080000,0x00000000e2080000)
  from space 5120K, 99% used [0x00000000e2080000,0x00000000e257c010,0x00000000e2580000)
  to   space 5120K, 0% used [0x00000000e2580000,0x00000000e2580000,0x00000000e2a80000)
 ParOldGen       total 87552K, used 1603K [0x00000000a0000000, 0x00000000a5580000, 0x00000000e0000000)
  object space 87552K, 1% used [0x00000000a0000000,0x00000000a0190f38,0x00000000a5580000)
 Metaspace       used 14675K, capacity 15046K, committed 15232K, reserved 1062912K
  class space    used 2062K, capacity 2161K, committed 2176K, reserved 1048576K
Event: 3.783 GC heap after
Heap after GC invocations=4 (full 0):
 PSYoungGen      total 38400K, used 5088K [0x00000000e0000000, 0x00000000e2a80000, 0x0000000100000000)
  eden space 33280K, 0% used [0x00000000e0000000,0x00000000e0000000,0x00000000e2080000)
  from space 5120K, 99% used [0x00000000e2580000,0x00000000e2a78040,0x00000000e2a80000)
  to   space 5120K, 0% used [0x00000000e2080000,0x00000000e2080000,0x00000000e2580000)
 ParOldGen       total 87552K, used 4044K [0x00000000a0000000, 0x00000000a5580000, 0x00000000e0000000)
  object space 87552K, 4% used [0x00000000a0000000,0x00000000a03f3270,0x00000000a5580000)
 Metaspace       used 14675K, capacity 15046K, committed 15232K, reserved 1062912K
  class space    used 2062K, capacity 2161K, committed 2176K, reserved 1048576K
}
Event: 4.189 GC heap before
{Heap before GC invocations=5 (full 0):
 PSYoungGen      total 38400K, used 38368K [0x00000000e0000000, 0x00000000e2a80000, 0x0000000100000000)
  eden space 33280K, 100% used [0x00000000e0000000,0x00000000e2080000,0x00000000e2080000)
  from space 5120K, 99% used [0x00000000e2580000,0x00000000e2a78040,0x00000000e2a80000)
  to   space 5120K, 0% used [0x00000000e2080000,0x00000000e2080000,0x00000000e2580000)
 ParOldGen       total 87552K, used 4044K [0x00000000a0000000, 0x00000000a5580000, 0x00000000e0000000)
  object space 87552K, 4% used [0x00000000a0000000,0x00000000a03f3270,0x00000000a5580000)
 Metaspace       used 17728K, capacity 18192K, committed 18432K, reserved 1064960K
  class space    used 2554K, capacity 2724K, committed 2816K, reserved 1048576K
Event: 4.200 GC heap after
Heap after GC invocations=5 (full 0):
 PSYoungGen      total 38400K, used 5088K [0x00000000e0000000, 0x00000000e5600000, 0x0000000100000000)
  eden space 33280K, 0% used [0x00000000e0000000,0x00000000e0000000,0x00000000e2080000)
  from space 5120K, 99% used [0x00000000e2080000,0x00000000e2578020,0x00000000e2580000)
  to   space 10752K, 0% used [0x00000000e4b80000,0x00000000e4b80000,0x00000000e5600000)
 ParOldGen       total 87552K, used 7717K [0x00000000a0000000, 0x00000000a5580000, 0x00000000e0000000)
  object space 87552K, 8% used [0x00000000a0000000,0x00000000a07895b0,0x00000000a5580000)
 Metaspace       used 17728K, capacity 18192K, committed 18432K, reserved 1064960K
  class space    used 2554K, capacity 2724K, committed 2816K, reserved 1048576K
}

Deoptimization events (10 events):
Event: 3.483 Thread 0x000000001b75c800 Uncommon trap: reason=class_check action=maybe_recompile pc=0x0000000003419f58 method=java.util.regex.Matcher.match(II)Z @ 86
Event: 3.515 Thread 0x000000001b75c800 Uncommon trap: reason=class_check action=maybe_recompile pc=0x0000000003419f58 method=java.util.regex.Matcher.match(II)Z @ 86
Event: 3.516 Thread 0x000000001b75c800 Uncommon trap: reason=class_check action=maybe_recompile pc=0x0000000003419f58 method=java.util.regex.Matcher.match(II)Z @ 86
Event: 3.517 Thread 0x000000001b75c800 Uncommon trap: reason=class_check action=maybe_recompile pc=0x00000000032be95c method=java.util.regex.Matcher.match(II)Z @ 86
Event: 3.878 Thread 0x000000001b75c800 Uncommon trap: reason=unstable_if action=reinterpret pc=0x00000000035b7034 method=java.lang.String.lastIndexOf([CII[CIII)I @ 66
Event: 3.969 Thread 0x000000001b75c800 Uncommon trap: reason=unstable_if action=reinterpret pc=0x00000000035b97ec method=java.util.HashMap.putVal(ILjava/lang/Object;Ljava/lang/Object;ZZ)Ljava/lang/Object; @ 236
Event: 4.210 Thread 0x000000001b75c800 Uncommon trap: reason=unstable_if action=reinterpret pc=0x0000000003460cc8 method=java.net.URI.match(CJJ)Z @ 19
Event: 4.210 Thread 0x000000001b75c800 Uncommon trap: reason=unstable_if action=reinterpret pc=0x00000000032c1b88 method=java.net.URI.match(CJJ)Z @ 19
Event: 4.210 Thread 0x000000001b75c800 Uncommon trap: reason=unstable_if action=reinterpret pc=0x000000000339a6c0 method=java.net.URI.match(CJJ)Z @ 19
Event: 4.274 Thread 0x000000001b75c800 Uncommon trap: reason=unstable_if action=reinterpret pc=0x000000000341b818 method=java.io.File.getName()Ljava/lang/String; @ 16

Classes redefined (0 events):
No events

Internal exceptions (10 events):
Event: 3.145 Thread 0x000000001b740800 Exception <a 'java/lang/NoSuchMethodError': <clinit>> (0x00000000e17d9500) thrown at [D:\src\AOSP-openjdk-cygwin\jdk8u\hotspot\src\share\vm\prims\jni.cpp, line 1614]
Event: 3.145 Thread 0x000000001b740800 Exception <a 'java/lang/NoSuchMethodError': <clinit>> (0x00000000e17e2190) thrown at [D:\src\AOSP-openjdk-cygwin\jdk8u\hotspot\src\share\vm\prims\jni.cpp, line 1614]
Event: 3.148 Thread 0x000000001b740800 Exception <a 'java/lang/NoSuchMethodError': <clinit>> (0x00000000e17f8798) thrown at [D:\src\AOSP-openjdk-cygwin\jdk8u\hotspot\src\share\vm\prims\jni.cpp, line 1614]
Event: 3.159 Thread 0x000000001b740800 Exception <a 'java/lang/NoSuchMethodError': <clinit>> (0x00000000e1856860) thrown at [D:\src\AOSP-openjdk-cygwin\jdk8u\hotspot\src\share\vm\prims\jni.cpp, line 1614]
Event: 3.164 Thread 0x000000001b740800 Exception <a 'java/lang/NoSuchMethodError': <clinit>> (0x00000000e1883560) thrown at [D:\src\AOSP-openjdk-cygwin\jdk8u\hotspot\src\share\vm\prims\jni.cpp, line 1614]
Event: 3.171 Thread 0x000000001b740800 Exception <a 'java/lang/NoSuchMethodError': <clinit>> (0x00000000e18b18f0) thrown at [D:\src\AOSP-openjdk-cygwin\jdk8u\hotspot\src\share\vm\prims\jni.cpp, line 1614]
Event: 3.172 Thread 0x000000001b740800 Exception <a 'java/lang/NoSuchMethodError': <clinit>> (0x00000000e18bccf8) thrown at [D:\src\AOSP-openjdk-cygwin\jdk8u\hotspot\src\share\vm\prims\jni.cpp, line 1614]
Event: 3.852 Thread 0x000000001b75c800 Exception <a 'java/lang/NoSuchMethodError': java.lang.Object.lambda$and$0(Ljava/util/function/Predicate;Ljava/lang/Object;)Z> (0x00000000e05df608) thrown at [D:\src\AOSP-openjdk-cygwin\jdk8u\hotspot\src\share\vm\interpreter\linkResolver.cpp, line 620]
Event: 3.857 Thread 0x000000001b75c800 Exception <a 'java/lang/IncompatibleClassChangeError': Found class java.lang.Object, but interface was expected> (0x00000000e05f58f8) thrown at [D:\src\AOSP-openjdk-cygwin\jdk8u\hotspot\src\share\vm\interpreter\linkResolver.cpp, line 653]
Event: 3.859 Thread 0x000000001b75c800 Exception <a 'java/lang/NoSuchMethodError': java.lang.Object.lambda$or$2(Ljava/util/function/Predicate;Ljava/lang/Object;)Z> (0x00000000e05fa808) thrown at [D:\src\AOSP-openjdk-cygwin\jdk8u\hotspot\src\share\vm\interpreter\linkResolver.cpp, line 620]

Events (10 events):
Event: 4.296 loading class org/gradle/tooling/internal/provider/BuildModelAction
Event: 4.296 loading class org/gradle/tooling/internal/provider/BuildModelAction done
Event: 4.296 loading class org/gradle/tooling/internal/provider/TestExecutionRequestAction
Event: 4.296 loading class org/gradle/tooling/internal/provider/TestExecutionRequestAction done
Event: 4.297 loading class org/gradle/tooling/internal/provider/serialization/DefaultPayloadClassLoaderRegistry$2
Event: 4.297 loading class org/gradle/tooling/internal/provider/serialization/DefaultPayloadClassLoaderRegistry$2 done
Event: 4.297 loading class org/gradle/tooling/internal/provider/serialization/WellKnownClassLoaderRegistry$2
Event: 4.297 loading class org/gradle/tooling/internal/provider/serialization/WellKnownClassLoaderRegistry$2 done
Event: 4.298 loading class org/gradle/internal/io/StreamByteBuffer
Event: 4.298 loading class org/gradle/internal/io/StreamByteBuffer done


Dynamic libraries:
0x00007ff64b6f0000 - 0x00007ff64b721000 	C:\Program Files\Android\Android Studio\jre\bin\java.exe
0x00007ffde9580000 - 0x00007ffde9770000 	C:\WINDOWS\SYSTEM32\ntdll.dll
0x00007ffde0e70000 - 0x00007ffde0e83000 	C:\Program Files\AVAST Software\Avast\aswhook.dll
0x00007ffde7640000 - 0x00007ffde76f2000 	C:\WINDOWS\System32\KERNEL32.DLL
0x00007ffde6510000 - 0x00007ffde67b3000 	C:\WINDOWS\System32\KERNELBASE.dll
0x00007ffde8d30000 - 0x00007ffde8dd3000 	C:\WINDOWS\System32\ADVAPI32.dll
0x00007ffde88f0000 - 0x00007ffde898e000 	C:\WINDOWS\System32\msvcrt.dll
0x00007ffde9190000 - 0x00007ffde9227000 	C:\WINDOWS\System32\sechost.dll
0x00007ffde8b30000 - 0x00007ffde8c50000 	C:\WINDOWS\System32\RPCRT4.dll
0x00007ffde8990000 - 0x00007ffde8b24000 	C:\WINDOWS\System32\USER32.dll
0x00007ffde6e80000 - 0x00007ffde6ea1000 	C:\WINDOWS\System32\win32u.dll
0x00007ffde9300000 - 0x00007ffde9326000 	C:\WINDOWS\System32\GDI32.dll
0x00007ffde6be0000 - 0x00007ffde6d74000 	C:\WINDOWS\System32\gdi32full.dll
0x00007ffde6b40000 - 0x00007ffde6bde000 	C:\WINDOWS\System32\msvcp_win.dll
0x00007ffde6d80000 - 0x00007ffde6e7a000 	C:\WINDOWS\System32\ucrtbase.dll
0x00007ffdb5d00000 - 0x00007ffdb5f85000 	C:\WINDOWS\WinSxS\amd64_microsoft.windows.common-controls_6595b64144ccf1df_6.0.18362.778_none_e6c6b761130d4fb8\COMCTL32.dll
0x00007ffde8df0000 - 0x00007ffde9126000 	C:\WINDOWS\System32\combase.dll
0x00007ffde6ac0000 - 0x00007ffde6b40000 	C:\WINDOWS\System32\bcryptPrimitives.dll
0x00007ffde8860000 - 0x00007ffde888e000 	C:\WINDOWS\System32\IMM32.DLL
0x00000000702c0000 - 0x0000000070392000 	C:\Program Files\Android\Android Studio\jre\jre\bin\msvcr100.dll
0x000000006ee50000 - 0x000000006f696000 	C:\Program Files\Android\Android Studio\jre\jre\bin\server\jvm.dll
0x00007ffde8cc0000 - 0x00007ffde8cc8000 	C:\WINDOWS\System32\PSAPI.DLL
0x00007ffdd6de0000 - 0x00007ffdd6de9000 	C:\WINDOWS\SYSTEM32\WSOCK32.dll
0x00007ffde8c50000 - 0x00007ffde8cbf000 	C:\WINDOWS\System32\WS2_32.dll
0x00007ffde2350000 - 0x00007ffde2374000 	C:\WINDOWS\SYSTEM32\WINMM.dll
0x00007ffde4020000 - 0x00007ffde402a000 	C:\WINDOWS\SYSTEM32\VERSION.dll
0x00007ffde2320000 - 0x00007ffde234d000 	C:\WINDOWS\SYSTEM32\WINMMBASE.dll
0x00007ffde6a70000 - 0x00007ffde6aba000 	C:\WINDOWS\System32\cfgmgr32.dll
0x00007ffde3a90000 - 0x00007ffde3a9f000 	C:\Program Files\Android\Android Studio\jre\jre\bin\verify.dll
0x00007ffdc4ab0000 - 0x00007ffdc4ad9000 	C:\Program Files\Android\Android Studio\jre\jre\bin\java.dll
0x00007ffdb5ce0000 - 0x00007ffdb5cf6000 	C:\Program Files\Android\Android Studio\jre\jre\bin\zip.dll
0x00007ffde7700000 - 0x00007ffde7de5000 	C:\WINDOWS\System32\SHELL32.dll
0x00007ffde9490000 - 0x00007ffde9539000 	C:\WINDOWS\System32\shcore.dll
0x00007ffde6eb0000 - 0x00007ffde7630000 	C:\WINDOWS\System32\windows.storage.dll
0x00007ffde64e0000 - 0x00007ffde6503000 	C:\WINDOWS\System32\profapi.dll
0x00007ffde6490000 - 0x00007ffde64da000 	C:\WINDOWS\System32\powrprof.dll
0x00007ffde6440000 - 0x00007ffde6450000 	C:\WINDOWS\System32\UMPDC.dll
0x00007ffde8890000 - 0x00007ffde88e2000 	C:\WINDOWS\System32\shlwapi.dll
0x00007ffde6470000 - 0x00007ffde6481000 	C:\WINDOWS\System32\kernel.appcore.dll
0x00007ffde6900000 - 0x00007ffde6917000 	C:\WINDOWS\System32\cryptsp.dll
0x00007ffdc2a90000 - 0x00007ffdc2aaa000 	C:\Program Files\Android\Android Studio\jre\jre\bin\net.dll
0x00007ffdd20f0000 - 0x00007ffdd22c5000 	C:\WINDOWS\SYSTEM32\urlmon.dll
0x00007ffdd1e40000 - 0x00007ffdd20e6000 	C:\WINDOWS\SYSTEM32\iertutil.dll
0x00007ffde5e80000 - 0x00007ffde5e8c000 	C:\WINDOWS\SYSTEM32\CRYPTBASE.DLL
0x00007ffde5cb0000 - 0x00007ffde5d17000 	C:\WINDOWS\system32\mswsock.dll
0x00007ffdc2a70000 - 0x00007ffdc2a83000 	C:\Program Files\Android\Android Studio\jre\jre\bin\nio.dll
0x00007ffdd7b90000 - 0x00007ffdd7bb6000 	C:\Users\rahul\.gradle\native\30\windows-amd64\native-platform.dll
0x00007ffdd4c80000 - 0x00007ffdd4c8d000 	C:\Program Files\Android\Android Studio\jre\jre\bin\management.dll
0x00007ffde5820000 - 0x00007ffde5853000 	C:\WINDOWS\system32\rsaenh.dll
0x00007ffde67c0000 - 0x00007ffde67e6000 	C:\WINDOWS\System32\bcrypt.dll
0x00007ffde6360000 - 0x00007ffde6385000 	C:\WINDOWS\SYSTEM32\USERENV.dll
0x00007ffde59c0000 - 0x00007ffde59fa000 	C:\WINDOWS\SYSTEM32\IPHLPAPI.DLL
0x00007ffde7630000 - 0x00007ffde7638000 	C:\WINDOWS\System32\NSI.dll
0x00007ffddf470000 - 0x00007ffddf486000 	C:\WINDOWS\SYSTEM32\dhcpcsvc6.DLL
0x00007ffddf450000 - 0x00007ffddf46c000 	C:\WINDOWS\SYSTEM32\dhcpcsvc.DLL
0x00007ffde5a00000 - 0x00007ffde5aca000 	C:\WINDOWS\SYSTEM32\DNSAPI.dll

VM Arguments:
jvm_args: -Xmx1536m -Dfile.encoding=windows-1252 -Duser.country=US -Duser.language=en -Duser.variant 
java_command: org.gradle.launcher.daemon.bootstrap.GradleDaemon 5.6.4
java_class_path (initial): C:\Users\rahul\.gradle\wrapper\dists\gradle-5.6.4-all\ankdp27end7byghfw1q2sw75f\gradle-5.6.4\lib\gradle-launcher-5.6.4.jar
Launcher Type: SUN_STANDARD

Environment Variables:
PATH=C:\ProgramData\Oracle\Java\javapath;C:\WINDOWS\system32;C:\WINDOWS;C:\WINDOWS\System32\Wbem;C:\WINDOWS\System32\WindowsPowerShell\v1.0\;C:\WINDOWS\System32\OpenSSH\;C:\Program Files\Microsoft SQL Server\110\DTS\Binn\;C:\Program Files (x86)\Microsoft SQL Server\110\Tools\Binn\;C:\Program Files\Microsoft SQL Server\110\Tools\Binn\;C:\Program Files (x86)\Microsoft SQL Server\110\Tools\Binn\ManagementStudio\;C:\Program Files (x86)\Microsoft Visual Studio 10.0\Common7\IDE\PrivateAssemblies\;C:\Program Files (x86)\Microsoft SQL Server\110\DTS\Binn\;C:\Program Files\MySQL\MySQL Server 5.5\bin;C:\Program Files\Microsoft SQL Server\Client SDK\ODBC\170\Tools\Binn\;C:\Program Files (x86)\Microsoft SQL Server\150\Tools\Binn\;C:\Program Files\Microsoft SQL Server\150\Tools\Binn\;C:\Program Files\Microsoft SQL Server\150\DTS\Binn\;C:\Program Files (x86)\Microsoft SQL Server\150\DTS\Binn\;C:\Users\rahul\AppData\Local\Programs\Python\Python37\Scripts\;C:\Users\rahul\AppData\Local\Programs\Python\Python37\;C:\Users\rahul\AppData\Local\Microsoft\WindowsApps;
USERNAME=rahul
OS=Windows_NT
PROCESSOR_IDENTIFIER=Intel64 Family 6 Model 142 Stepping 10, GenuineIntel



---------------  S Y S T E M  ---------------

OS: Windows 10.0 , 64 bit Build 18362 (10.0.18362.778)

CPU:total 8 (initial active 8) (4 cores per cpu, 2 threads per core) family 6 model 142 stepping 10, cmov, cx8, fxsr, mmx, sse, sse2, sse3, ssse3, sse4.1, sse4.2, popcnt, avx, avx2, aes, clmul, erms, 3dnowpref, lzcnt, ht, tsc, tscinvbit, bmi1, bmi2, adx

Memory: 4k page, physical 8283900k(722008k free), swap 33449724k(2860k free)

vm_info: OpenJDK 64-Bit Server VM (25.212-b04) for windows-amd64 JRE (1.8.0_212-release-1586-b04), built by "builder" with MS VC++ 10.0 (VS2010)

time: Sat May 09 15:54:07 2020
timezone: India Standard Time
elapsed time: 4 seconds (0d 0h 0m 4s)

