#
# There is insufficient memory for the Java Runtime Environment to continue.
# Native memory allocation (malloc) failed to allocate 74384 bytes for Chunk::new
# Possible reasons:
#   The system is out of physical RAM or swap space
#   The process is running with CompressedOops enabled, and the Java Heap may be blocking the growth of the native heap
# Possible solutions:
#   Reduce memory load on the system
#   Increase physical memory or swap space
#   Check if swap backing store is full
#   Decrease Java heap size (-Xmx/-Xms)
#   Decrease number of Java threads
#   Decrease Java thread stack sizes (-Xss)
#   Set larger code cache with -XX:ReservedCodeCacheSize=
#   JVM is running with Unscaled Compressed Oops mode in which the Java heap is
#     placed in the first 4GB address space. The Java Heap base address is the
#     maximum limit for the native heap growth. Please use -XX:HeapBaseMinAddress
#     to set the Java Heap base and to place the Java Heap above 4GB virtual address.
# This output file may be truncated or incomplete.
#
#  Out of Memory Error (allocation.cpp:389), pid=8060, tid=0x000000000000111c
#
# JRE version: OpenJDK Runtime Environment (8.0_212-b04) (build 1.8.0_212-release-1586-b04)
# Java VM: OpenJDK 64-Bit Server VM (25.212-b04 mixed mode windows-amd64 compressed oops)
# Failed to write core dump. Minidumps are not enabled by default on client versions of Windows
#

---------------  T H R E A D  ---------------

Current thread (0x0000000018560000):  JavaThread "C2 CompilerThread2" daemon [_thread_in_native, id=4380, stack(0x0000000019040000,0x0000000019140000)]

Stack: [0x0000000019040000,0x0000000019140000]
[error occurred during error reporting (printing stack bounds), id 0xc0000005]

Native frames: (J=compiled Java code, j=interpreted, Vv=VM code, C=native code)


Current CompileTask:
C2:8360523 31308       4       org.codehaus.groovy.reflection.ParameterTypes::getParameterTypes (16 bytes)


---------------  P R O C E S S  ---------------

Java Threads: ( => current thread )
  0x000000001efa6800 JavaThread "Cache worker for file hash cache (C:\Users\rahul\AndroidStudioProjects\AbhishekGoogleIn\.gradle\5.6.4\fileHashes)" [_thread_blocked, id=7712, stack(0x0000000022330000,0x0000000022430000)]
  0x000000001efa5800 JavaThread "Thread-372" [_thread_blocked, id=10388, stack(0x000000001fd00000,0x000000001fe00000)]
  0x000000001ef9e000 JavaThread "Stdin handler" [_thread_blocked, id=5548, stack(0x000000001f600000,0x000000001f700000)]
  0x000000001efa4000 JavaThread "Asynchronous log dispatcher for DefaultDaemonConnection: socket connection from /127.0.0.1:51876 to /127.0.0.1:53986" [_thread_blocked, id=8800, stack(0x000000001cb60000,0x000000001cc60000)]
  0x000000001ef9f800 JavaThread "Cancel handler" [_thread_blocked, id=2516, stack(0x000000001c960000,0x000000001ca60000)]
  0x000000001efa2800 JavaThread "Handler for socket connection from /127.0.0.1:51876 to /127.0.0.1:53986" [_thread_in_native, id=7440, stack(0x000000001c660000,0x000000001c760000)]
  0x000000001efa3800 JavaThread "ForkJoinPool.commonPool-worker-2" daemon [_thread_blocked, id=7512, stack(0x00000000325a0000,0x00000000326a0000)]
  0x000000001b962000 JavaThread "ForkJoinPool.commonPool-worker-5" daemon [_thread_blocked, id=11460, stack(0x0000000031aa0000,0x0000000031ba0000)]
  0x000000001b966800 JavaThread "Daemon worker Thread 8" [_thread_in_Java, id=9756, stack(0x000000001ca60000,0x000000001cb60000)]
  0x000000001b964000 JavaThread "Daemon Thread 8" [_thread_blocked, id=13208, stack(0x000000001c560000,0x000000001c660000)]
  0x000000001efa8000 JavaThread "Device List Monitor" [_thread_in_native, id=7952, stack(0x0000000033ba0000,0x0000000033ca0000)]
  0x000000001efa1000 JavaThread "Monitor" [_thread_in_native, id=13128, stack(0x0000000033aa0000,0x0000000033ba0000)]
  0x000000001bad0800 JavaThread "MarlinRenderer Disposer" daemon [_thread_blocked, id=9636, stack(0x000000002c470000,0x000000002c570000)]
  0x0000000019576800 JavaThread "Java2D Disposer" daemon [_thread_blocked, id=140, stack(0x000000002b1e0000,0x000000002b2e0000)]
  0x000000001db1f000 JavaThread "Device List Monitor" [_thread_in_native, id=8616, stack(0x0000000028440000,0x0000000028540000)]
  0x000000001db26000 JavaThread "Monitor" [_thread_in_native, id=8416, stack(0x0000000028340000,0x0000000028440000)]
  0x000000001baca800 JavaThread "Cache worker for Java compile cache (C:\Users\rahul\.gradle\caches\5.6.4\javaCompile)" [_thread_blocked, id=2616, stack(0x0000000025500000,0x0000000025600000)]
  0x000000001b96e000 JavaThread "Cache worker for file content cache (C:\Users\rahul\.gradle\caches\5.6.4\fileContent)" [_thread_blocked, id=12144, stack(0x0000000024330000,0x0000000024430000)]
  0x000000001b96a000 JavaThread "Memory manager" [_thread_blocked, id=6124, stack(0x0000000024460000,0x0000000024560000)]
  0x0000000019572800 JavaThread "Cache worker for execution history cache (C:\Users\rahul\.gradle\caches\5.6.4\executionHistory)" [_thread_blocked, id=8196, stack(0x0000000022430000,0x0000000022530000)]
  0x0000000019573800 JavaThread "Cache worker for journal cache (C:\Users\rahul\.gradle\caches\journal-1)" [_thread_blocked, id=10648, stack(0x000000001d360000,0x000000001d460000)]
  0x0000000019575800 JavaThread "File lock request listener" [_thread_in_native, id=13076, stack(0x000000001d260000,0x000000001d360000)]
  0x0000000019644000 JavaThread "Cache worker for file hash cache (C:\Users\rahul\.gradle\caches\5.6.4\fileHashes)" [_thread_blocked, id=400, stack(0x000000001cf60000,0x000000001d060000)]
  0x000000001af08800 JavaThread "Daemon periodic checks" [_thread_blocked, id=1528, stack(0x000000001c460000,0x000000001c560000)]
  0x000000001aefd000 JavaThread "Incoming local TCP Connector on port 51876" [_thread_in_native, id=396, stack(0x000000001c220000,0x000000001c320000)]
  0x000000001ae1e800 JavaThread "Daemon health stats" [_thread_blocked, id=9052, stack(0x000000001bbe0000,0x000000001bce0000)]
  0x00000000185f6800 JavaThread "Service Thread" daemon [_thread_blocked, id=6560, stack(0x0000000019240000,0x0000000019340000)]
  0x0000000018565800 JavaThread "C1 CompilerThread3" daemon [_thread_blocked, id=7804, stack(0x0000000019140000,0x0000000019240000)]
=>0x0000000018560000 JavaThread "C2 CompilerThread2" daemon [_thread_in_native, id=4380, stack(0x0000000019040000,0x0000000019140000)]
  0x000000001855c800 JavaThread "C2 CompilerThread1" daemon [_thread_blocked, id=10400, stack(0x0000000018f40000,0x0000000019040000)]
  0x0000000018559800 JavaThread "C2 CompilerThread0" daemon [_thread_blocked, id=11672, stack(0x0000000018e40000,0x0000000018f40000)]
  0x0000000018557000 JavaThread "Attach Listener" daemon [_thread_blocked, id=1320, stack(0x0000000018d40000,0x0000000018e40000)]
  0x0000000018556000 JavaThread "Signal Dispatcher" daemon [_thread_blocked, id=9920, stack(0x0000000018c40000,0x0000000018d40000)]
  0x0000000002989800 JavaThread "Finalizer" daemon [_thread_blocked, id=3476, stack(0x0000000018a30000,0x0000000018b30000)]
  0x0000000002986000 JavaThread "Reference Handler" daemon [_thread_blocked, id=5448, stack(0x0000000018930000,0x0000000018a30000)]
  0x000000000285e000 JavaThread "main" [_thread_blocked, id=11052, stack(0x0000000002730000,0x0000000002830000)]

Other Threads:
  0x0000000016748000 VMThread [stack: 0x0000000018430000,0x0000000018530000] [id=6852]
  0x00000000185f7000 WatcherThread [stack: 0x0000000019340000,0x0000000019440000] [id=10772]

VM state:not at safepoint (normal execution)

VM Mutex/Monitor currently owned by a thread: None

heap address: 0x00000000a0000000, size: 1536 MB, Compressed Oops mode: 32-bit
Narrow klass base: 0x0000000000000000, Narrow klass shift: 3
Compressed class space size: 1073741824 Address: 0x0000000100000000

Heap:
 PSYoungGen      total 457216K, used 271893K [0x00000000e0000000, 0x00000000ff900000, 0x0000000100000000)
  eden space 404480K, 62% used [0x00000000e0000000,0x00000000ef5f7408,0x00000000f8b00000)
  from space 52736K, 37% used [0x00000000fc580000,0x00000000fd90e308,0x00000000ff900000)
  to   space 56320K, 0% used [0x00000000f8b00000,0x00000000f8b00000,0x00000000fc200000)
 ParOldGen       total 247808K, used 132051K [0x00000000a0000000, 0x00000000af200000, 0x00000000e0000000)
  object space 247808K, 53% used [0x00000000a0000000,0x00000000a80f4f80,0x00000000af200000)
 Metaspace       used 153080K, capacity 160160K, committed 164416K, reserved 1191936K
  class space    used 19603K, capacity 20933K, committed 22080K, reserved 1048576K

Card table byte_map: [0x0000000011d50000,0x0000000012060000] byte_map_base: 0x0000000011850000

Marking Bits: (ParMarkBitMap*) 0x000000006f619f30
 Begin Bits: [0x0000000012a60000, 0x0000000014260000)
 End Bits:   [0x0000000014260000, 0x0000000015a60000)

Polling page: 0x00000000009f0000

CodeCache: size=245760Kb used=85259Kb max_used=85483Kb free=160500Kb
 bounds [0x0000000002990000, 0x0000000007e90000, 0x0000000011990000]
 total_blobs=24846 nmethods=23789 adapters=964
 compilation: enabled

Compilation events (10 events):
Event: 8360.228 Thread 0x0000000018565800 31304       3       org.gradle.internal.service.DefaultServiceRegistry::<init> (7 bytes)
Event: 8360.229 Thread 0x0000000018565800 nmethod 31304 0x000000000725a290 code [0x000000000725a400, 0x000000000725a5a8]
Event: 8360.231 Thread 0x0000000018565800 31305       3       org.codehaus.groovy.control.CompilationUnit$SourceUnitOperation::<init> (5 bytes)
Event: 8360.232 Thread 0x0000000018565800 nmethod 31305 0x0000000007259ed0 code [0x000000000725a020, 0x000000000725a1d0]
Event: 8360.238 Thread 0x0000000018559800 nmethod 31300 0x000000000740f210 code [0x000000000740f420, 0x0000000007410110]
Event: 8360.310 Thread 0x0000000018565800 31306       3       com.google.common.cache.CacheBuilder::getMaximumWeight (39 bytes)
Event: 8360.310 Thread 0x0000000018565800 nmethod 31306 0x000000000740ed90 code [0x000000000740ef00, 0x000000000740f150]
Event: 8360.310 Thread 0x0000000018565800 31307       3       com.google.common.cache.LocalCache$EntryFactory::getFactory (39 bytes)
Event: 8360.311 Thread 0x0000000018565800 nmethod 31307 0x00000000063e49d0 code [0x00000000063e4b40, 0x00000000063e4db0]
Event: 8360.379 Thread 0x0000000018560000 31308       4       org.codehaus.groovy.reflection.ParameterTypes::getParameterTypes (16 bytes)

GC Heap History (10 events):
Event: 8314.121 GC heap before
{Heap before GC invocations=37 (full 5):
 PSYoungGen      total 461824K, used 422389K [0x00000000e0000000, 0x00000000ffe00000, 0x0000000100000000)
  eden space 400896K, 100% used [0x00000000e0000000,0x00000000f8780000,0x00000000f8780000)
  from space 60928K, 35% used [0x00000000f8780000,0x00000000f9c7d4e0,0x00000000fc300000)
  to   space 59392K, 0% used [0x00000000fc400000,0x00000000fc400000,0x00000000ffe00000)
 ParOldGen       total 247808K, used 96748K [0x00000000a0000000, 0x00000000af200000, 0x00000000e0000000)
  object space 247808K, 39% used [0x00000000a0000000,0x00000000a5e7b068,0x00000000af200000)
 Metaspace       used 152086K, capacity 158956K, committed 164160K, reserved 1191936K
  class space    used 19485K, capacity 20763K, committed 22080K, reserved 1048576K
Event: 8314.778 GC heap after
Heap after GC invocations=37 (full 5):
 PSYoungGen      total 462848K, used 12458K [0x00000000e0000000, 0x00000000ffe80000, 0x0000000100000000)
  eden space 403456K, 0% used [0x00000000e0000000,0x00000000e0000000,0x00000000f8a00000)
  from space 59392K, 20% used [0x00000000fc400000,0x00000000fd02a8d8,0x00000000ffe00000)
  to   space 59392K, 0% used [0x00000000f8a00000,0x00000000f8a00000,0x00000000fc400000)
 ParOldGen       total 247808K, used 113094K [0x00000000a0000000, 0x00000000af200000, 0x00000000e0000000)
  object space 247808K, 45% used [0x00000000a0000000,0x00000000a6e719c0,0x00000000af200000)
 Metaspace       used 152086K, capacity 158956K, committed 164160K, reserved 1191936K
  class space    used 19485K, capacity 20763K, committed 22080K, reserved 1048576K
}
Event: 8315.706 GC heap before
{Heap before GC invocations=38 (full 5):
 PSYoungGen      total 462848K, used 415914K [0x00000000e0000000, 0x00000000ffe80000, 0x0000000100000000)
  eden space 403456K, 100% used [0x00000000e0000000,0x00000000f8a00000,0x00000000f8a00000)
  from space 59392K, 20% used [0x00000000fc400000,0x00000000fd02a8d8,0x00000000ffe00000)
  to   space 59392K, 0% used [0x00000000f8a00000,0x00000000f8a00000,0x00000000fc400000)
 ParOldGen       total 247808K, used 113094K [0x00000000a0000000, 0x00000000af200000, 0x00000000e0000000)
  object space 247808K, 45% used [0x00000000a0000000,0x00000000a6e719c0,0x00000000af200000)
 Metaspace       used 152232K, capacity 159162K, committed 164160K, reserved 1191936K
  class space    used 19492K, capacity 20774K, committed 22080K, reserved 1048576K
Event: 8315.780 GC heap after
Heap after GC invocations=38 (full 5):
 PSYoungGen      total 462848K, used 6559K [0x00000000e0000000, 0x0000000100000000, 0x0000000100000000)
  eden space 403456K, 0% used [0x00000000e0000000,0x00000000e0000000,0x00000000f8a00000)
  from space 59392K, 11% used [0x00000000f8a00000,0x00000000f9067e38,0x00000000fc400000)
  to   space 59904K, 0% used [0x00000000fc580000,0x00000000fc580000,0x0000000100000000)
 ParOldGen       total 247808K, used 122396K [0x00000000a0000000, 0x00000000af200000, 0x00000000e0000000)
  object space 247808K, 49% used [0x00000000a0000000,0x00000000a77870c0,0x00000000af200000)
 Metaspace       used 152232K, capacity 159162K, committed 164160K, reserved 1191936K
  class space    used 19492K, capacity 20774K, committed 22080K, reserved 1048576K
}
Event: 8316.807 GC heap before
{Heap before GC invocations=39 (full 5):
 PSYoungGen      total 462848K, used 410015K [0x00000000e0000000, 0x0000000100000000, 0x0000000100000000)
  eden space 403456K, 100% used [0x00000000e0000000,0x00000000f8a00000,0x00000000f8a00000)
  from space 59392K, 11% used [0x00000000f8a00000,0x00000000f9067e38,0x00000000fc400000)
  to   space 59904K, 0% used [0x00000000fc580000,0x00000000fc580000,0x0000000100000000)
 ParOldGen       total 247808K, used 122396K [0x00000000a0000000, 0x00000000af200000, 0x00000000e0000000)
  object space 247808K, 49% used [0x00000000a0000000,0x00000000a77870c0,0x00000000af200000)
 Metaspace       used 152341K, capacity 159242K, committed 164160K, reserved 1191936K
  class space    used 19492K, capacity 20774K, committed 22080K, reserved 1048576K
Event: 8316.832 GC heap after
Heap after GC invocations=39 (full 5):
 PSYoungGen      total 464384K, used 5837K [0x00000000e0000000, 0x0000000100000000, 0x0000000100000000)
  eden space 404480K, 0% used [0x00000000e0000000,0x00000000e0000000,0x00000000f8b00000)
  from space 59904K, 9% used [0x00000000fc580000,0x00000000fcb33478,0x0000000100000000)
  to   space 59904K, 0% used [0x00000000f8b00000,0x00000000f8b00000,0x00000000fc580000)
 ParOldGen       total 247808K, used 126460K [0x00000000a0000000, 0x00000000af200000, 0x00000000e0000000)
  object space 247808K, 51% used [0x00000000a0000000,0x00000000a7b7f100,0x00000000af200000)
 Metaspace       used 152341K, capacity 159242K, committed 164160K, reserved 1191936K
  class space    used 19492K, capacity 20774K, committed 22080K, reserved 1048576K
}
Event: 8318.804 GC heap before
{Heap before GC invocations=40 (full 5):
 PSYoungGen      total 464384K, used 410317K [0x00000000e0000000, 0x0000000100000000, 0x0000000100000000)
  eden space 404480K, 100% used [0x00000000e0000000,0x00000000f8b00000,0x00000000f8b00000)
  from space 59904K, 9% used [0x00000000fc580000,0x00000000fcb33478,0x0000000100000000)
  to   space 59904K, 0% used [0x00000000f8b00000,0x00000000f8b00000,0x00000000fc580000)
 ParOldGen       total 247808K, used 126460K [0x00000000a0000000, 0x00000000af200000, 0x00000000e0000000)
  object space 247808K, 51% used [0x00000000a0000000,0x00000000a7b7f100,0x00000000af200000)
 Metaspace       used 152388K, capacity 159314K, committed 164160K, reserved 1191936K
  class space    used 19494K, capacity 20774K, committed 22080K, reserved 1048576K
Event: 8318.822 GC heap after
Heap after GC invocations=40 (full 5):
 PSYoungGen      total 464384K, used 2869K [0x00000000e0000000, 0x0000000100000000, 0x0000000100000000)
  eden space 404480K, 0% used [0x00000000e0000000,0x00000000e0000000,0x00000000f8b00000)
  from space 59904K, 4% used [0x00000000f8b00000,0x00000000f8dcd418,0x00000000fc580000)
  to   space 59904K, 0% used [0x00000000fc580000,0x00000000fc580000,0x0000000100000000)
 ParOldGen       total 247808K, used 130198K [0x00000000a0000000, 0x00000000af200000, 0x00000000e0000000)
  object space 247808K, 52% used [0x00000000a0000000,0x00000000a7f25b68,0x00000000af200000)
 Metaspace       used 152388K, capacity 159314K, committed 164160K, reserved 1191936K
  class space    used 19494K, capacity 20774K, committed 22080K, reserved 1048576K
}
Event: 8321.805 GC heap before
{Heap before GC invocations=41 (full 5):
 PSYoungGen      total 464384K, used 407349K [0x00000000e0000000, 0x0000000100000000, 0x0000000100000000)
  eden space 404480K, 100% used [0x00000000e0000000,0x00000000f8b00000,0x00000000f8b00000)
  from space 59904K, 4% used [0x00000000f8b00000,0x00000000f8dcd418,0x00000000fc580000)
  to   space 59904K, 0% used [0x00000000fc580000,0x00000000fc580000,0x0000000100000000)
 ParOldGen       total 247808K, used 130198K [0x00000000a0000000, 0x00000000af200000, 0x00000000e0000000)
  object space 247808K, 52% used [0x00000000a0000000,0x00000000a7f25b68,0x00000000af200000)
 Metaspace       used 152469K, capacity 159488K, committed 164160K, reserved 1191936K
  class space    used 19496K, capacity 20807K, committed 22080K, reserved 1048576K
Event: 8321.823 GC heap after
Heap after GC invocations=41 (full 5):
 PSYoungGen      total 457216K, used 20024K [0x00000000e0000000, 0x00000000ff900000, 0x0000000100000000)
  eden space 404480K, 0% used [0x00000000e0000000,0x00000000e0000000,0x00000000f8b00000)
  from space 52736K, 37% used [0x00000000fc580000,0x00000000fd90e308,0x00000000ff900000)
  to   space 56320K, 0% used [0x00000000f8b00000,0x00000000f8b00000,0x00000000fc200000)
 ParOldGen       total 247808K, used 132051K [0x00000000a0000000, 0x00000000af200000, 0x00000000e0000000)
  object space 247808K, 53% used [0x00000000a0000000,0x00000000a80f4f80,0x00000000af200000)
 Metaspace       used 152469K, capacity 159488K, committed 164160K, reserved 1191936K
  class space    used 19496K, capacity 20807K, committed 22080K, reserved 1048576K
}

Deoptimization events (10 events):
Event: 8319.592 Thread 0x0000000028cb2000 Uncommon trap: reason=unstable_if action=reinterpret pc=0x0000000005af5ab0 method=com.android.ide.common.blame.SourceFilePosition.equals(Ljava/lang/Object;)Z @ 2
Event: 8319.594 Thread 0x0000000028cb2000 Uncommon trap: reason=unstable_if action=reinterpret pc=0x0000000005cdd5b0 method=com.google.common.base.Objects.equal(Ljava/lang/Object;Ljava/lang/Object;)Z @ 6
Event: 8320.499 Thread 0x000000001bad5000 Uncommon trap: reason=unstable_if action=reinterpret pc=0x0000000002df2f10 method=com.android.tools.r8.dex.j.j()Lcom/android/tools/r8/graph/DexValue; @ 39
Event: 8321.032 Thread 0x000000001bac7000 Uncommon trap: reason=unstable_if action=reinterpret pc=0x00000000066b39e0 method=com.android.tools.r8.dex.o.a(Lcom/android/tools/r8/graph/x;)Z @ 10
Event: 8321.032 Thread 0x000000001bac7000 Uncommon trap: reason=unstable_if action=reinterpret pc=0x00000000061aabac method=com.android.tools.r8.dex.o.a(Lcom/android/tools/r8/graph/x;)Z @ 10
Event: 8321.032 Thread 0x000000001bac7000 Uncommon trap: reason=unstable_if action=reinterpret pc=0x0000000006632f4c method=com.android.tools.r8.dex.o.a(Lcom/android/tools/r8/graph/x;)Z @ 10
Event: 8321.899 Thread 0x000000001bac7000 Uncommon trap: reason=unloaded action=reinterpret pc=0x000000000664d17c method=com.android.tools.r8.code.o1.a(Ljava/nio/ShortBuffer;IILcom/android/tools/r8/graph/F0;)[Lcom/android/tools/r8/code/n1; @ 3786
Event: 8324.137 Thread 0x0000000028cb2000 Uncommon trap: reason=unstable_if action=reinterpret pc=0x0000000003bd7b70 method=org.gradle.internal.snapshot.impl.AbstractScalarValueSnapshot.equals(Ljava/lang/Object;)Z @ 19
Event: 8324.277 Thread 0x000000001efaa000 Uncommon trap: reason=unstable_if action=reinterpret pc=0x0000000006632330 method=sun.security.util.Cache$EqualByteArray.hashCode()I @ 6
Event: 8327.110 Thread 0x000000001b966800 Uncommon trap: reason=array_check action=maybe_recompile pc=0x0000000005abc498 method=java.util.Arrays.fill([Ljava/lang/Object;IILjava/lang/Object;)V @ 20

Classes redefined (0 events):
No events

Internal exceptions (10 events):
Event: 8324.192 Thread 0x0000000028cb2000 Exception <a 'java/lang/NoSuchMethodError': <clinit>> (0x00000000ecfb3180) thrown at [D:\src\AOSP-openjdk-cygwin\jdk8u\hotspot\src\share\vm\prims\jni.cpp, line 1614]
Event: 8324.193 Thread 0x0000000028cb2000 Exception <a 'java/lang/NoSuchMethodError': <clinit>> (0x00000000ecfb79e0) thrown at [D:\src\AOSP-openjdk-cygwin\jdk8u\hotspot\src\share\vm\prims\jni.cpp, line 1614]
Event: 8324.194 Thread 0x0000000028cb2000 Exception <a 'java/lang/NoSuchMethodError': <clinit>> (0x00000000ecfc6490) thrown at [D:\src\AOSP-openjdk-cygwin\jdk8u\hotspot\src\share\vm\prims\jni.cpp, line 1614]
Event: 8324.195 Thread 0x0000000028cb2000 Exception <a 'java/lang/NoSuchMethodError': <clinit>> (0x00000000ecfd7dd8) thrown at [D:\src\AOSP-openjdk-cygwin\jdk8u\hotspot\src\share\vm\prims\jni.cpp, line 1614]
Event: 8324.286 Thread 0x000000001efaa000 Exception <a 'sun/nio/fs/WindowsException'> (0x00000000ed54aaf0) thrown at [D:\src\AOSP-openjdk-cygwin\jdk8u\hotspot\src\share\vm\prims\jni.cpp, line 710]
Event: 8324.286 Thread 0x000000001efaa000 Exception <a 'sun/nio/fs/WindowsException'> (0x00000000ed54b008) thrown at [D:\src\AOSP-openjdk-cygwin\jdk8u\hotspot\src\share\vm\prims\jni.cpp, line 710]
Event: 8327.132 Thread 0x000000001b966800 Exception <a 'sun/nio/fs/WindowsException'> (0x00000000eed3f380) thrown at [D:\src\AOSP-openjdk-cygwin\jdk8u\hotspot\src\share\vm\prims\jni.cpp, line 710]
Event: 8360.165 Thread 0x000000001efa2800 Exception <a 'java/lang/NoSuchMethodError': <clinit>> (0x00000000ef1d7708) thrown at [D:\src\AOSP-openjdk-cygwin\jdk8u\hotspot\src\share\vm\prims\jni.cpp, line 1614]
Event: 8360.395 Thread 0x000000001b966800 Exception <a 'java/lang/ClassNotFoundException': ijresolvers_13lm28m0lq4k279itj98ro65uBeanInfo> (0x00000000ef4b6a00) thrown at [D:\src\AOSP-openjdk-cygwin\jdk8u\hotspot\src\share\vm\classfile\systemDictionary.cpp, line 210]
Event: 8360.395 Thread 0x000000001b966800 Exception <a 'java/lang/ClassNotFoundException': ijresolvers_13lm28m0lq4k279itj98ro65uCustomizer> (0x00000000ef4c39a8) thrown at [D:\src\AOSP-openjdk-cygwin\jdk8u\hotspot\src\share\vm\classfile\systemDictionary.cpp, line 210]

Events (10 events):
Event: 8360.418 loading class groovy/lang/Closure
Event: 8360.418 loading class groovy/lang/Closure done
Event: 8360.419 loading class groovy/runtime/metaclass/ijresolvers_13lm28m0lq4k279itj98ro65u$_run_closure1MetaClass
Event: 8360.419 loading class groovy/runtime/metaclass/ijresolvers_13lm28m0lq4k279itj98ro65u$_run_closure1MetaClass done
Event: 8360.420 loading class org/gradle/util/GradleVersion
Event: 8360.420 loading class org/gradle/util/GradleVersion done
Event: 8360.420 loading class groovy/runtime/metaclass/org/gradle/util/GradleVersionMetaClass
Event: 8360.420 loading class groovy/runtime/metaclass/org/gradle/util/GradleVersionMetaClass done
Event: 8360.425 loading class org/codehaus/groovy/runtime/ScriptBytecodeAdapter
Event: 8360.425 loading class org/codehaus/groovy/runtime/ScriptBytecodeAdapter done


Dynamic libraries:
0x00007ff64b6f0000 - 0x00007ff64b721000 	C:\Program Files\Android\Android Studio\jre\bin\java.exe
0x00007ffde9580000 - 0x00007ffde9770000 	C:\WINDOWS\SYSTEM32\ntdll.dll
0x00007ffde0e70000 - 0x00007ffde0e83000 	C:\Program Files\AVAST Software\Avast\aswhook.dll
0x00007ffde7640000 - 0x00007ffde76f2000 	C:\WINDOWS\System32\KERNEL32.DLL
0x00007ffde6510000 - 0x00007ffde67b3000 	C:\WINDOWS\System32\KERNELBASE.dll
0x00007ffde8d30000 - 0x00007ffde8dd3000 	C:\WINDOWS\System32\ADVAPI32.dll
0x00007ffde88f0000 - 0x00007ffde898e000 	C:\WINDOWS\System32\msvcrt.dll
0x00007ffde9190000 - 0x00007ffde9227000 	C:\WINDOWS\System32\sechost.dll
0x00007ffde8b30000 - 0x00007ffde8c50000 	C:\WINDOWS\System32\RPCRT4.dll
0x00007ffde8990000 - 0x00007ffde8b24000 	C:\WINDOWS\System32\USER32.dll
0x00007ffde6e80000 - 0x00007ffde6ea1000 	C:\WINDOWS\System32\win32u.dll
0x00007ffde9300000 - 0x00007ffde9326000 	C:\WINDOWS\System32\GDI32.dll
0x00007ffde6be0000 - 0x00007ffde6d74000 	C:\WINDOWS\System32\gdi32full.dll
0x00007ffde6b40000 - 0x00007ffde6bde000 	C:\WINDOWS\System32\msvcp_win.dll
0x00007ffde6d80000 - 0x00007ffde6e7a000 	C:\WINDOWS\System32\ucrtbase.dll
0x00007ffdb5d00000 - 0x00007ffdb5f85000 	C:\WINDOWS\WinSxS\amd64_microsoft.windows.common-controls_6595b64144ccf1df_6.0.18362.778_none_e6c6b761130d4fb8\COMCTL32.dll
0x00007ffde8df0000 - 0x00007ffde9126000 	C:\WINDOWS\System32\combase.dll
0x00007ffde6ac0000 - 0x00007ffde6b40000 	C:\WINDOWS\System32\bcryptPrimitives.dll
0x00007ffde8860000 - 0x00007ffde888e000 	C:\WINDOWS\System32\IMM32.DLL
0x000000006ed70000 - 0x000000006ee42000 	C:\Program Files\Android\Android Studio\jre\jre\bin\msvcr100.dll
0x000000006ee50000 - 0x000000006f696000 	C:\Program Files\Android\Android Studio\jre\jre\bin\server\jvm.dll
0x00007ffde8cc0000 - 0x00007ffde8cc8000 	C:\WINDOWS\System32\PSAPI.DLL
0x00007ffdd6de0000 - 0x00007ffdd6de9000 	C:\WINDOWS\SYSTEM32\WSOCK32.dll
0x00007ffde8c50000 - 0x00007ffde8cbf000 	C:\WINDOWS\System32\WS2_32.dll
0x00007ffde2350000 - 0x00007ffde2374000 	C:\WINDOWS\SYSTEM32\WINMM.dll
0x00007ffde4020000 - 0x00007ffde402a000 	C:\WINDOWS\SYSTEM32\VERSION.dll
0x00007ffde2320000 - 0x00007ffde234d000 	C:\WINDOWS\SYSTEM32\WINMMBASE.dll
0x00007ffde6a70000 - 0x00007ffde6aba000 	C:\WINDOWS\System32\cfgmgr32.dll
0x00007ffde3a90000 - 0x00007ffde3a9f000 	C:\Program Files\Android\Android Studio\jre\jre\bin\verify.dll
0x00007ffdc4ab0000 - 0x00007ffdc4ad9000 	C:\Program Files\Android\Android Studio\jre\jre\bin\java.dll
0x00007ffdb5ce0000 - 0x00007ffdb5cf6000 	C:\Program Files\Android\Android Studio\jre\jre\bin\zip.dll
0x00007ffde7700000 - 0x00007ffde7de5000 	C:\WINDOWS\System32\SHELL32.dll
0x00007ffde9490000 - 0x00007ffde9539000 	C:\WINDOWS\System32\shcore.dll
0x00007ffde6eb0000 - 0x00007ffde7630000 	C:\WINDOWS\System32\windows.storage.dll
0x00007ffde64e0000 - 0x00007ffde6503000 	C:\WINDOWS\System32\profapi.dll
0x00007ffde6490000 - 0x00007ffde64da000 	C:\WINDOWS\System32\powrprof.dll
0x00007ffde6440000 - 0x00007ffde6450000 	C:\WINDOWS\System32\UMPDC.dll
0x00007ffde8890000 - 0x00007ffde88e2000 	C:\WINDOWS\System32\shlwapi.dll
0x00007ffde6470000 - 0x00007ffde6481000 	C:\WINDOWS\System32\kernel.appcore.dll
0x00007ffde6900000 - 0x00007ffde6917000 	C:\WINDOWS\System32\cryptsp.dll
0x00007ffdc2a90000 - 0x00007ffdc2aaa000 	C:\Program Files\Android\Android Studio\jre\jre\bin\net.dll
0x00007ffdd20f0000 - 0x00007ffdd22c5000 	C:\WINDOWS\SYSTEM32\urlmon.dll
0x00007ffdd1e40000 - 0x00007ffdd20e6000 	C:\WINDOWS\SYSTEM32\iertutil.dll
0x00007ffde5e80000 - 0x00007ffde5e8c000 	C:\WINDOWS\SYSTEM32\CRYPTBASE.DLL
0x00007ffde5cb0000 - 0x00007ffde5d17000 	C:\WINDOWS\system32\mswsock.dll
0x00007ffdc2a70000 - 0x00007ffdc2a83000 	C:\Program Files\Android\Android Studio\jre\jre\bin\nio.dll
0x00007ffdd7b90000 - 0x00007ffdd7bb6000 	C:\Users\rahul\.gradle\native\30\windows-amd64\native-platform.dll
0x00007ffdd4c80000 - 0x00007ffdd4c8d000 	C:\Program Files\Android\Android Studio\jre\jre\bin\management.dll
0x00007ffde5820000 - 0x00007ffde5853000 	C:\WINDOWS\system32\rsaenh.dll
0x00007ffde67c0000 - 0x00007ffde67e6000 	C:\WINDOWS\System32\bcrypt.dll
0x00007ffde6360000 - 0x00007ffde6385000 	C:\WINDOWS\SYSTEM32\USERENV.dll
0x00007ffde59c0000 - 0x00007ffde59fa000 	C:\WINDOWS\SYSTEM32\IPHLPAPI.DLL
0x00007ffde7630000 - 0x00007ffde7638000 	C:\WINDOWS\System32\NSI.dll
0x00007ffddf470000 - 0x00007ffddf486000 	C:\WINDOWS\SYSTEM32\dhcpcsvc6.DLL
0x00007ffddf450000 - 0x00007ffddf46c000 	C:\WINDOWS\SYSTEM32\dhcpcsvc.DLL
0x00007ffde5a00000 - 0x00007ffde5aca000 	C:\WINDOWS\SYSTEM32\DNSAPI.dll
0x00007ffdabd20000 - 0x00007ffdabebc000 	C:\Program Files\Android\Android Studio\jre\jre\bin\awt.dll
0x00007ffde7df0000 - 0x00007ffde7eb4000 	C:\WINDOWS\System32\OLEAUT32.dll
0x00007ffde4580000 - 0x00007ffde45ad000 	C:\WINDOWS\SYSTEM32\dwmapi.dll
0x00007ffde2450000 - 0x00007ffde2a10000 	C:\WINDOWS\SYSTEM32\d2d1.dll
0x00007ffde3870000 - 0x00007ffde38ff000 	C:\WINDOWS\SYSTEM32\apphelp.dll
0x00007ffde3930000 - 0x00007ffde39c9000 	C:\WINDOWS\system32\uxtheme.dll
0x00007ffdc34f0000 - 0x00007ffdc3514000 	C:\Program Files\Android\Android Studio\jre\jre\bin\sunec.dll
0x00007ffdd92c0000 - 0x00007ffdd92ca000 	C:\Windows\System32\rasadhlp.dll
0x00007ffdda0d0000 - 0x00007ffdda147000 	C:\WINDOWS\System32\fwpuclnt.dll
0x00007ffdd32e0000 - 0x00007ffdd32eb000 	C:\Program Files\Android\Android Studio\jre\jre\bin\sunmscapi.dll
0x00007ffde6920000 - 0x00007ffde6a69000 	C:\WINDOWS\System32\CRYPT32.dll
0x00007ffde6450000 - 0x00007ffde6462000 	C:\WINDOWS\System32\MSASN1.dll
0x00007ffde54a0000 - 0x00007ffde54d1000 	C:\WINDOWS\SYSTEM32\ntmarta.dll

VM Arguments:
jvm_args: -Xmx1536m -Dfile.encoding=windows-1252 -Duser.country=US -Duser.language=en -Duser.variant 
java_command: org.gradle.launcher.daemon.bootstrap.GradleDaemon 5.6.4
java_class_path (initial): C:\Users\rahul\.gradle\wrapper\dists\gradle-5.6.4-all\ankdp27end7byghfw1q2sw75f\gradle-5.6.4\lib\gradle-launcher-5.6.4.jar
Launcher Type: SUN_STANDARD

Environment Variables:
PATH=C:\ProgramData\Oracle\Java\javapath;C:\WINDOWS\system32;C:\WINDOWS;C:\WINDOWS\System32\Wbem;C:\WINDOWS\System32\WindowsPowerShell\v1.0\;C:\WINDOWS\System32\OpenSSH\;C:\Program Files\Microsoft SQL Server\110\DTS\Binn\;C:\Program Files (x86)\Microsoft SQL Server\110\Tools\Binn\;C:\Program Files\Microsoft SQL Server\110\Tools\Binn\;C:\Program Files (x86)\Microsoft SQL Server\110\Tools\Binn\ManagementStudio\;C:\Program Files (x86)\Microsoft Visual Studio 10.0\Common7\IDE\PrivateAssemblies\;C:\Program Files (x86)\Microsoft SQL Server\110\DTS\Binn\;C:\Program Files\MySQL\MySQL Server 5.5\bin;C:\Program Files\Microsoft SQL Server\Client SDK\ODBC\170\Tools\Binn\;C:\Program Files (x86)\Microsoft SQL Server\150\Tools\Binn\;C:\Program Files\Microsoft SQL Server\150\Tools\Binn\;C:\Program Files\Microsoft SQL Server\150\DTS\Binn\;C:\Program Files (x86)\Microsoft SQL Server\150\DTS\Binn\;C:\Users\rahul\AppData\Local\Programs\Python\Python37\Scripts\;C:\Users\rahul\AppData\Local\Programs\Python\Python37\;C:\Users\rahul\AppData\Local\Microsoft\WindowsApps;
USERNAME=rahul
OS=Windows_NT
PROCESSOR_IDENTIFIER=Intel64 Family 6 Model 142 Stepping 10, GenuineIntel



---------------  S Y S T E M  ---------------

OS: Windows 10.0 , 64 bit Build 18362 (10.0.18362.778)

CPU:total 8 (initial active 8) (4 cores per cpu, 2 threads per core) family 6 model 142 stepping 10, cmov, cx8, fxsr, mmx, sse, sse2, sse3, ssse3, sse4.1, sse4.2, popcnt, avx, avx2, aes, clmul, erms, 3dnowpref, lzcnt, ht, tsc, tscinvbit, bmi1, bmi2, adx

Memory: 4k page, physical 8283900k(417620k free), swap 33449724k(392k free)

vm_info: OpenJDK 64-Bit Server VM (25.212-b04) for windows-amd64 JRE (1.8.0_212-release-1586-b04), built by "builder" with MS VC++ 10.0 (VS2010)

time: Sat May 09 15:48:12 2020
timezone: India Standard Time
elapsed time: 8360 seconds (0d 2h 19m 20s)

