#
# There is insufficient memory for the Java Runtime Environment to continue.
# Native memory allocation (malloc) failed to allocate 1261616 bytes for Chunk::new
# Possible reasons:
#   The system is out of physical RAM or swap space
#   The process is running with CompressedOops enabled, and the Java Heap may be blocking the growth of the native heap
# Possible solutions:
#   Reduce memory load on the system
#   Increase physical memory or swap space
#   Check if swap backing store is full
#   Decrease Java heap size (-Xmx/-Xms)
#   Decrease number of Java threads
#   Decrease Java thread stack sizes (-Xss)
#   Set larger code cache with -XX:ReservedCodeCacheSize=
#   JVM is running with Unscaled Compressed Oops mode in which the Java heap is
#     placed in the first 4GB address space. The Java Heap base address is the
#     maximum limit for the native heap growth. Please use -XX:HeapBaseMinAddress
#     to set the Java Heap base and to place the Java Heap above 4GB virtual address.
# This output file may be truncated or incomplete.
#
#  Out of Memory Error (allocation.cpp:389), pid=6720, tid=0x0000000000003268
#
# JRE version: OpenJDK Runtime Environment (8.0_212-b04) (build 1.8.0_212-release-1586-b04)
# Java VM: OpenJDK 64-Bit Server VM (25.212-b04 mixed mode windows-amd64 compressed oops)
# Failed to write core dump. Minidumps are not enabled by default on client versions of Windows
#

---------------  T H R E A D  ---------------

Current thread (0x00000000180a3000):  JavaThread "C2 CompilerThread2" daemon [_thread_in_native, id=12904, stack(0x0000000018b70000,0x0000000018c70000)]

Stack: [0x0000000018b70000,0x0000000018c70000]
[error occurred during error reporting (printing stack bounds), id 0xc0000005]

Native frames: (J=compiled Java code, j=interpreted, Vv=VM code, C=native code)


Current CompileTask:
C2:   9496 3223       4       groovy.lang.MetaClassImpl$1MOPIter::methodNameAction (325 bytes)


---------------  P R O C E S S  ---------------

Java Threads: ( => current thread )
  0x000000001841d000 JavaThread "Build operations Thread 8" [_thread_blocked, id=10168, stack(0x0000000022c40000,0x0000000022d40000)]
  0x0000000018416000 JavaThread "Build operations Thread 7" [_thread_blocked, id=1952, stack(0x0000000022b40000,0x0000000022c40000)]
  0x0000000018417800 JavaThread "Build operations Thread 6" [_thread_blocked, id=10372, stack(0x0000000022a40000,0x0000000022b40000)]
  0x000000001841b800 JavaThread "Build operations Thread 5" [_thread_blocked, id=5320, stack(0x0000000022940000,0x0000000022a40000)]
  0x000000001841c000 JavaThread "Build operations Thread 4" [_thread_blocked, id=8688, stack(0x0000000022840000,0x0000000022940000)]
  0x000000001841a000 JavaThread "Build operations Thread 3" [_thread_blocked, id=7456, stack(0x0000000022740000,0x0000000022840000)]
  0x0000000018418800 JavaThread "Build operations Thread 2" [_thread_blocked, id=3236, stack(0x0000000022640000,0x0000000022740000)]
  0x0000000018417000 JavaThread "Build operations" [_thread_blocked, id=4268, stack(0x0000000022540000,0x0000000022640000)]
  0x000000001841a800 JavaThread "Cache worker for execution history cache (C:\Users\rahul\.gradle\caches\5.6.4\executionHistory)" [_thread_blocked, id=12928, stack(0x0000000020d90000,0x0000000020e90000)]
  0x000000001ab09800 JavaThread "Cache worker for cache directory md-rule (C:\Users\rahul\.gradle\caches\5.6.4\md-rule)" [_thread_blocked, id=13116, stack(0x000000001f800000,0x000000001f900000)]
  0x000000001ab09000 JavaThread "Cache worker for cache directory md-supplier (C:\Users\rahul\.gradle\caches\5.6.4\md-supplier)" [_thread_blocked, id=1432, stack(0x000000001f330000,0x000000001f430000)]
  0x000000001ab0d800 JavaThread "Cache worker for file hash cache (C:\Users\rahul\AndroidStudioProjects\AbhishekGoogleIn\.gradle\5.6.4\fileHashes)" [_thread_blocked, id=12356, stack(0x000000001f500000,0x000000001f600000)]
  0x000000001ab0c800 JavaThread "Cache worker for journal cache (C:\Users\rahul\.gradle\caches\journal-1)" [_thread_blocked, id=12540, stack(0x000000001ce90000,0x000000001cf90000)]
  0x000000001ab0c000 JavaThread "File lock request listener" [_thread_in_native, id=11352, stack(0x000000001cd90000,0x000000001ce90000)]
  0x000000001ab0a800 JavaThread "Cache worker for file hash cache (C:\Users\rahul\.gradle\caches\5.6.4\fileHashes)" [_thread_blocked, id=440, stack(0x000000001cc90000,0x000000001cd90000)]
  0x000000001aa76800 JavaThread "Thread-9" [_thread_blocked, id=232, stack(0x000000001c990000,0x000000001ca90000)]
  0x000000001aa83800 JavaThread "Stdin handler" [_thread_blocked, id=10136, stack(0x000000001c890000,0x000000001c990000)]
  0x000000001aacc800 JavaThread "Asynchronous log dispatcher for DefaultDaemonConnection: socket connection from /127.0.0.1:54171 to /127.0.0.1:54172" [_thread_blocked, id=5332, stack(0x000000001c690000,0x000000001c790000)]
  0x000000001aaac800 JavaThread "Daemon worker" [_thread_in_native, id=3732, stack(0x000000001c590000,0x000000001c690000)]
  0x000000001aa87000 JavaThread "Cancel handler" [_thread_blocked, id=9768, stack(0x000000001c490000,0x000000001c590000)]
  0x0000000019c3f000 JavaThread "Handler for socket connection from /127.0.0.1:54171 to /127.0.0.1:54172" [_thread_in_native, id=1500, stack(0x000000001c190000,0x000000001c290000)]
  0x000000001aa59800 JavaThread "Daemon" [_thread_blocked, id=8432, stack(0x000000001c090000,0x000000001c190000)]
  0x000000001a9f8000 JavaThread "Daemon periodic checks" [_thread_blocked, id=6216, stack(0x000000001bf90000,0x000000001c090000)]
  0x000000001a9e7000 JavaThread "Incoming local TCP Connector on port 54171" [_thread_in_native, id=5776, stack(0x000000001bd50000,0x000000001be50000)]
  0x0000000018ff3800 JavaThread "Daemon health stats" [_thread_blocked, id=7040, stack(0x000000001b710000,0x000000001b810000)]
  0x0000000018130000 JavaThread "Service Thread" daemon [_thread_blocked, id=10364, stack(0x0000000018d70000,0x0000000018e70000)]
  0x00000000180aa000 JavaThread "C1 CompilerThread3" daemon [_thread_blocked, id=8220, stack(0x0000000018c70000,0x0000000018d70000)]
=>0x00000000180a3000 JavaThread "C2 CompilerThread2" daemon [_thread_in_native, id=12904, stack(0x0000000018b70000,0x0000000018c70000)]
  0x000000001809b800 JavaThread "C2 CompilerThread1" daemon [_thread_in_native, id=5240, stack(0x0000000018a70000,0x0000000018b70000)]
  0x0000000018099000 JavaThread "C2 CompilerThread0" daemon [_thread_in_native, id=13156, stack(0x0000000018970000,0x0000000018a70000)]
  0x0000000018096000 JavaThread "Attach Listener" daemon [_thread_blocked, id=10796, stack(0x0000000018870000,0x0000000018970000)]
  0x0000000018095000 JavaThread "Signal Dispatcher" daemon [_thread_blocked, id=9272, stack(0x0000000018770000,0x0000000018870000)]
  0x0000000018090800 JavaThread "Finalizer" daemon [_thread_blocked, id=11604, stack(0x0000000018570000,0x0000000018670000)]
  0x00000000024d6000 JavaThread "Reference Handler" daemon [_thread_blocked, id=11684, stack(0x0000000018470000,0x0000000018570000)]
  0x00000000023de000 JavaThread "main" [_thread_blocked, id=1404, stack(0x0000000002250000,0x0000000002350000)]

Other Threads:
  0x0000000016297800 VMThread [stack: 0x0000000017f70000,0x0000000018070000] [id=6580]
  0x0000000018131000 WatcherThread [stack: 0x0000000018e70000,0x0000000018f70000] [id=5256]

VM state:not at safepoint (normal execution)

VM Mutex/Monitor currently owned by a thread: None

heap address: 0x00000000a0000000, size: 1536 MB, Compressed Oops mode: 32-bit
Narrow klass base: 0x0000000000000000, Narrow klass shift: 3
Compressed class space size: 1073741824 Address: 0x0000000100000000

Heap:
 PSYoungGen      total 123392K, used 10216K [0x00000000e0000000, 0x00000000e8400000, 0x0000000100000000)
  eden space 111616K, 9% used [0x00000000e0000000,0x00000000e09fa3b8,0x00000000e6d00000)
  from space 11776K, 0% used [0x00000000e6d00000,0x00000000e6d00000,0x00000000e7880000)
  to   space 11264K, 0% used [0x00000000e7900000,0x00000000e7900000,0x00000000e8400000)
 ParOldGen       total 57856K, used 17452K [0x00000000a0000000, 0x00000000a3880000, 0x00000000e0000000)
  object space 57856K, 30% used [0x00000000a0000000,0x00000000a110b3e8,0x00000000a3880000)
 Metaspace       used 35050K, capacity 35856K, committed 36136K, reserved 1081344K
  class space    used 4824K, capacity 5051K, committed 5160K, reserved 1048576K

Card table byte_map: [0x00000000118a0000,0x0000000011bb0000] byte_map_base: 0x00000000113a0000

Marking Bits: (ParMarkBitMap*) 0x000000006f619f30
 Begin Bits: [0x00000000125b0000, 0x0000000013db0000)
 End Bits:   [0x0000000013db0000, 0x00000000155b0000)

Polling page: 0x00000000009a0000

CodeCache: size=245760Kb used=10987Kb max_used=10987Kb free=234772Kb
 bounds [0x00000000024e0000, 0x0000000002fb0000, 0x00000000114e0000]
 total_blobs=3837 nmethods=3133 adapters=615
 compilation: enabled

Compilation events (10 events):
Event: 9.478 Thread 0x00000000180aa000 nmethod 3345 0x0000000002f98a10 code [0x0000000002f98d60, 0x0000000002f9a9e8]
Event: 9.478 Thread 0x00000000180aa000 3346       3       sun.misc.ProxyGenerator::getFieldType (65 bytes)
Event: 9.479 Thread 0x00000000180aa000 nmethod 3346 0x0000000002f9db10 code [0x0000000002f9dd80, 0x0000000002f9ee68]
Event: 9.479 Thread 0x00000000180aa000 3348       3       sun.reflect.annotation.AnnotationParser::parseSig (61 bytes)
Event: 9.481 Thread 0x000000001809b800 3349       4       sun.misc.URLClassPath$JarLoader$2::getContentLength (9 bytes)
Event: 9.481 Thread 0x00000000180aa000 nmethod 3348 0x0000000002f9f410 code [0x0000000002f9f6a0, 0x0000000002fa0928]
Event: 9.481 Thread 0x00000000180aa000 3347       3       java.nio.Buffer::nextGetIndex (31 bytes)
Event: 9.481 Thread 0x00000000180aa000 nmethod 3347 0x0000000002f985d0 code [0x0000000002f98740, 0x0000000002f98948]
Event: 9.482 Thread 0x000000001809b800 nmethod 3349 0x0000000002f6d590 code [0x0000000002f6d6c0, 0x0000000002f6d738]
Event: 9.482 Thread 0x000000001809b800 3350       4       sun.misc.URLClassPath$JarLoader$2::getCodeSigners (8 bytes)

GC Heap History (10 events):
Event: 6.524 GC heap before
{Heap before GC invocations=7 (full 1):
 PSYoungGen      total 76800K, used 8973K [0x00000000e0000000, 0x00000000e5700000, 0x0000000100000000)
  eden space 66048K, 0% used [0x00000000e0000000,0x00000000e0000000,0x00000000e4080000)
  from space 10752K, 83% used [0x00000000e4b80000,0x00000000e5443548,0x00000000e5600000)
  to   space 11264K, 0% used [0x00000000e4080000,0x00000000e4080000,0x00000000e4b80000)
 ParOldGen       total 87552K, used 7726K [0x00000000a0000000, 0x00000000a5580000, 0x00000000e0000000)
  object space 87552K, 8% used [0x00000000a0000000,0x00000000a078bb58,0x00000000a5580000)
 Metaspace       used 20791K, capacity 21202K, committed 21296K, reserved 1067008K
  class space    used 3011K, capacity 3161K, committed 3200K, reserved 1048576K
Event: 6.560 GC heap after
Heap after GC invocations=7 (full 1):
 PSYoungGen      total 76800K, used 0K [0x00000000e0000000, 0x00000000e5700000, 0x0000000100000000)
  eden space 66048K, 0% used [0x00000000e0000000,0x00000000e0000000,0x00000000e4080000)
  from space 10752K, 0% used [0x00000000e4b80000,0x00000000e4b80000,0x00000000e5600000)
  to   space 11264K, 0% used [0x00000000e4080000,0x00000000e4080000,0x00000000e4b80000)
 ParOldGen       total 57856K, used 9602K [0x00000000a0000000, 0x00000000a3880000, 0x00000000e0000000)
  object space 57856K, 16% used [0x00000000a0000000,0x00000000a0960ad8,0x00000000a3880000)
 Metaspace       used 20791K, capacity 21202K, committed 21296K, reserved 1067008K
  class space    used 3011K, capacity 3161K, committed 3200K, reserved 1048576K
}
Event: 7.659 GC heap before
{Heap before GC invocations=8 (full 1):
 PSYoungGen      total 76800K, used 66048K [0x00000000e0000000, 0x00000000e5700000, 0x0000000100000000)
  eden space 66048K, 100% used [0x00000000e0000000,0x00000000e4080000,0x00000000e4080000)
  from space 10752K, 0% used [0x00000000e4b80000,0x00000000e4b80000,0x00000000e5600000)
  to   space 11264K, 0% used [0x00000000e4080000,0x00000000e4080000,0x00000000e4b80000)
 ParOldGen       total 57856K, used 9602K [0x00000000a0000000, 0x00000000a3880000, 0x00000000e0000000)
  object space 57856K, 16% used [0x00000000a0000000,0x00000000a0960ad8,0x00000000a3880000)
 Metaspace       used 29114K, capacity 29710K, committed 30080K, reserved 1075200K
  class space    used 3926K, capacity 4133K, committed 4224K, reserved 1048576K
Event: 7.670 GC heap after
Heap after GC invocations=8 (full 1):
 PSYoungGen      total 77312K, used 8016K [0x00000000e0000000, 0x00000000e8480000, 0x0000000100000000)
  eden space 66048K, 0% used [0x00000000e0000000,0x00000000e0000000,0x00000000e4080000)
  from space 11264K, 71% used [0x00000000e4080000,0x00000000e4854338,0x00000000e4b80000)
  to   space 11776K, 0% used [0x00000000e7900000,0x00000000e7900000,0x00000000e8480000)
 ParOldGen       total 57856K, used 9610K [0x00000000a0000000, 0x00000000a3880000, 0x00000000e0000000)
  object space 57856K, 16% used [0x00000000a0000000,0x00000000a0962ad8,0x00000000a3880000)
 Metaspace       used 29114K, capacity 29710K, committed 30080K, reserved 1075200K
  class space    used 3926K, capacity 4133K, committed 4224K, reserved 1048576K
}
Event: 8.474 GC heap before
{Heap before GC invocations=9 (full 1):
 PSYoungGen      total 77312K, used 74064K [0x00000000e0000000, 0x00000000e8480000, 0x0000000100000000)
  eden space 66048K, 100% used [0x00000000e0000000,0x00000000e4080000,0x00000000e4080000)
  from space 11264K, 71% used [0x00000000e4080000,0x00000000e4854338,0x00000000e4b80000)
  to   space 11776K, 0% used [0x00000000e7900000,0x00000000e7900000,0x00000000e8480000)
 ParOldGen       total 57856K, used 9610K [0x00000000a0000000, 0x00000000a3880000, 0x00000000e0000000)
  object space 57856K, 16% used [0x00000000a0000000,0x00000000a0962ad8,0x00000000a3880000)
 Metaspace       used 32168K, capacity 32780K, committed 33152K, reserved 1077248K
  class space    used 4412K, capacity 4623K, committed 4736K, reserved 1048576K
Event: 8.484 GC heap after
Heap after GC invocations=9 (full 1):
 PSYoungGen      total 122880K, used 8489K [0x00000000e0000000, 0x00000000e8400000, 0x0000000100000000)
  eden space 111616K, 0% used [0x00000000e0000000,0x00000000e0000000,0x00000000e6d00000)
  from space 11264K, 75% used [0x00000000e7900000,0x00000000e814a4d0,0x00000000e8400000)
  to   space 11776K, 0% used [0x00000000e6d00000,0x00000000e6d00000,0x00000000e7880000)
 ParOldGen       total 57856K, used 9618K [0x00000000a0000000, 0x00000000a3880000, 0x00000000e0000000)
  object space 57856K, 16% used [0x00000000a0000000,0x00000000a0964ad8,0x00000000a3880000)
 Metaspace       used 32168K, capacity 32780K, committed 33152K, reserved 1077248K
  class space    used 4412K, capacity 4623K, committed 4736K, reserved 1048576K
}
Event: 9.270 GC heap before
{Heap before GC invocations=10 (full 1):
 PSYoungGen      total 122880K, used 69750K [0x00000000e0000000, 0x00000000e8400000, 0x0000000100000000)
  eden space 111616K, 54% used [0x00000000e0000000,0x00000000e3bd36f8,0x00000000e6d00000)
  from space 11264K, 75% used [0x00000000e7900000,0x00000000e814a4d0,0x00000000e8400000)
  to   space 11776K, 0% used [0x00000000e6d00000,0x00000000e6d00000,0x00000000e7880000)
 ParOldGen       total 57856K, used 9618K [0x00000000a0000000, 0x00000000a3880000, 0x00000000e0000000)
  object space 57856K, 16% used [0x00000000a0000000,0x00000000a0964ad8,0x00000000a3880000)
 Metaspace       used 34681K, capacity 35438K, committed 35496K, reserved 1079296K
  class space    used 4767K, capacity 4998K, committed 5032K, reserved 1048576K
Event: 9.284 GC heap after
Heap after GC invocations=10 (full 1):
 PSYoungGen      total 123392K, used 10604K [0x00000000e0000000, 0x00000000e8400000, 0x0000000100000000)
  eden space 111616K, 0% used [0x00000000e0000000,0x00000000e0000000,0x00000000e6d00000)
  from space 11776K, 90% used [0x00000000e6d00000,0x00000000e775b0e8,0x00000000e7880000)
  to   space 11264K, 0% used [0x00000000e7900000,0x00000000e7900000,0x00000000e8400000)
 ParOldGen       total 57856K, used 9626K [0x00000000a0000000, 0x00000000a3880000, 0x00000000e0000000)
  object space 57856K, 16% used [0x00000000a0000000,0x00000000a0966ad8,0x00000000a3880000)
 Metaspace       used 34681K, capacity 35438K, committed 35496K, reserved 1079296K
  class space    used 4767K, capacity 4998K, committed 5032K, reserved 1048576K
}
Event: 9.284 GC heap before
{Heap before GC invocations=11 (full 2):
 PSYoungGen      total 123392K, used 10604K [0x00000000e0000000, 0x00000000e8400000, 0x0000000100000000)
  eden space 111616K, 0% used [0x00000000e0000000,0x00000000e0000000,0x00000000e6d00000)
  from space 11776K, 90% used [0x00000000e6d00000,0x00000000e775b0e8,0x00000000e7880000)
  to   space 11264K, 0% used [0x00000000e7900000,0x00000000e7900000,0x00000000e8400000)
 ParOldGen       total 57856K, used 9626K [0x00000000a0000000, 0x00000000a3880000, 0x00000000e0000000)
  object space 57856K, 16% used [0x00000000a0000000,0x00000000a0966ad8,0x00000000a3880000)
 Metaspace       used 34681K, capacity 35438K, committed 35496K, reserved 1079296K
  class space    used 4767K, capacity 4998K, committed 5032K, reserved 1048576K
Event: 9.345 GC heap after
Heap after GC invocations=11 (full 2):
 PSYoungGen      total 123392K, used 0K [0x00000000e0000000, 0x00000000e8400000, 0x0000000100000000)
  eden space 111616K, 0% used [0x00000000e0000000,0x00000000e0000000,0x00000000e6d00000)
  from space 11776K, 0% used [0x00000000e6d00000,0x00000000e6d00000,0x00000000e7880000)
  to   space 11264K, 0% used [0x00000000e7900000,0x00000000e7900000,0x00000000e8400000)
 ParOldGen       total 57856K, used 17452K [0x00000000a0000000, 0x00000000a3880000, 0x00000000e0000000)
  object space 57856K, 30% used [0x00000000a0000000,0x00000000a110b3e8,0x00000000a3880000)
 Metaspace       used 34667K, capacity 35390K, committed 35496K, reserved 1079296K
  class space    used 4763K, capacity 4990K, committed 5032K, reserved 1048576K
}

Deoptimization events (10 events):
Event: 7.671 Thread 0x00000000024d6000 Uncommon trap: reason=unstable_if action=reinterpret pc=0x00000000029d9efc method=java.lang.ref.Reference.tryHandlePending(Z)Z @ 104
Event: 7.673 Thread 0x0000000018090800 Uncommon trap: reason=unstable_if action=reinterpret pc=0x0000000002a4acfc method=java.lang.ref.Finalizer.remove()V @ 10
Event: 7.814 Thread 0x000000001aaac800 Uncommon trap: reason=unstable_if action=reinterpret pc=0x000000000277ebcc method=java.io.WinNTFileSystem.resolve(Ljava/lang/String;Ljava/lang/String;)Ljava/lang/String; @ 49
Event: 7.925 Thread 0x000000001aaac800 Uncommon trap: reason=bimorphic action=maybe_recompile pc=0x0000000002ce84f8 method=java.util.WeakHashMap.eq(Ljava/lang/Object;Ljava/lang/Object;)Z @ 7
Event: 8.411 Thread 0x000000001aaac800 Uncommon trap: reason=unstable_if action=reinterpret pc=0x0000000002d380a0 method=java.net.URI.match(CJJ)Z @ 45
Event: 8.894 Thread 0x000000001aaac800 Uncommon trap: reason=unstable_if action=reinterpret pc=0x0000000002e203c0 method=java.util.concurrent.ConcurrentHashMap.get(Ljava/lang/Object;)Ljava/lang/Object; @ 76
Event: 8.894 Thread 0x000000001aaac800 Uncommon trap: reason=class_check action=maybe_recompile pc=0x00000000029f82e4 method=java.util.concurrent.ConcurrentHashMap.putVal(Ljava/lang/Object;Ljava/lang/Object;Z)Ljava/lang/Object; @ 192
Event: 8.932 Thread 0x0000000018417000 Uncommon trap: reason=unstable_if action=reinterpret pc=0x00000000029f8358 method=java.util.concurrent.ConcurrentHashMap.addCount(JI)V @ 168
Event: 9.150 Thread 0x000000001aaac800 Uncommon trap: reason=unstable_if action=reinterpret pc=0x00000000027d67b8 method=java.util.jar.JarFile.match([C[B[I[I)Z @ 29
Event: 9.258 Thread 0x000000001aaac800 Uncommon trap: reason=range_check action=make_not_entrant pc=0x0000000002dec98c method=java.lang.String.charAt(I)C @ 27

Classes redefined (0 events):
No events

Internal exceptions (10 events):
Event: 9.393 Thread 0x000000001aaac800 Exception <a 'java/lang/ClassNotFoundException': org/gradle/api/internal/AbstractTaskBeanInfo> (0x00000000e032f118) thrown at [D:\src\AOSP-openjdk-cygwin\jdk8u\hotspot\src\share\vm\classfile\systemDictionary.cpp, line 210]
Event: 9.394 Thread 0x000000001aaac800 Exception <a 'java/lang/ClassNotFoundException': org/gradle/api/internal/AbstractTaskCustomizer> (0x00000000e03622c0) thrown at [D:\src\AOSP-openjdk-cygwin\jdk8u\hotspot\src\share\vm\classfile\systemDictionary.cpp, line 210]
Event: 9.399 Thread 0x000000001aaac800 Exception <a 'java/lang/ClassNotFoundException': org/gradle/api/DefaultTaskCustomizer> (0x00000000e03edf08) thrown at [D:\src\AOSP-openjdk-cygwin\jdk8u\hotspot\src\share\vm\classfile\systemDictionary.cpp, line 210]
Event: 9.401 Thread 0x000000001aaac800 Exception <a 'java/lang/ClassNotFoundException': org/gradle/api/internal/ConventionTaskCustomizer> (0x00000000e0430868) thrown at [D:\src\AOSP-openjdk-cygwin\jdk8u\hotspot\src\share\vm\classfile\systemDictionary.cpp, line 210]
Event: 9.402 Thread 0x000000001aaac800 Exception <a 'java/lang/ClassNotFoundException': org/gradle/api/tasks/DeleteCustomizer> (0x00000000e046fb60) thrown at [D:\src\AOSP-openjdk-cygwin\jdk8u\hotspot\src\share\vm\classfile\systemDictionary.cpp, line 210]
Event: 9.405 Thread 0x000000001aaac800 Exception <a 'java/lang/ClassNotFoundException': org/gradle/api/tasks/Delete_DecoratedCustomizer> (0x00000000e04bc970) thrown at [D:\src\AOSP-openjdk-cygwin\jdk8u\hotspot\src\share\vm\classfile\systemDictionary.cpp, line 210]
Event: 9.440 Thread 0x000000001aaac800 Exception <a 'java/lang/ClassNotFoundException': build_egctiocswbb4n6lcff728n4z8BeanInfo> (0x00000000e05e39b8) thrown at [D:\src\AOSP-openjdk-cygwin\jdk8u\hotspot\src\share\vm\classfile\systemDictionary.cpp, line 210]
Event: 9.441 Thread 0x000000001aaac800 Exception <a 'java/lang/ClassNotFoundException': build_egctiocswbb4n6lcff728n4z8Customizer> (0x00000000e05f03c8) thrown at [D:\src\AOSP-openjdk-cygwin\jdk8u\hotspot\src\share\vm\classfile\systemDictionary.cpp, line 210]
Event: 9.451 Thread 0x000000001aaac800 Exception <a 'java/lang/ClassNotFoundException': org/gradle/api/internal/plugins/DefaultObjectConfigurationActionBeanInfo> (0x00000000e0666e28) thrown at [D:\src\AOSP-openjdk-cygwin\jdk8u\hotspot\src\share\vm\classfile\systemDictionary.cpp, line 210]
Event: 9.453 Thread 0x000000001aaac800 Exception <a 'java/lang/ClassNotFoundException': org/gradle/api/internal/plugins/DefaultObjectConfigurationActionCustomizer> (0x00000000e06aa0a8) thrown at [D:\src\AOSP-openjdk-cygwin\jdk8u\hotspot\src\share\vm\classfile\systemDictionary.cpp, line 210]

Events (10 events):
Event: 9.484 loading class kotlin/collections/MapsKt__MapsJVMKt
Event: 9.484 loading class kotlin/collections/MapsKt__MapsJVMKt done
Event: 9.485 loading class kotlin/collections/MapsKt__MapWithDefaultKt
Event: 9.485 loading class kotlin/collections/MapsKt__MapWithDefaultKt done
Event: 9.487 loading class com/android/build/gradle/internal/plugins/VersionCheckPlugin
Event: 9.487 loading class com/android/build/gradle/internal/plugins/VersionCheckPlugin done
Event: 9.488 loading class com/android/build/gradle/internal/plugins/VersionCheckPlugin$Companion
Event: 9.488 loading class com/android/build/gradle/internal/plugins/VersionCheckPlugin$Companion done
Event: 9.490 loading class com/android/ide/common/repository/GradleVersion
Event: 9.490 loading class com/android/ide/common/repository/GradleVersion done


Dynamic libraries:
0x00007ff64b6f0000 - 0x00007ff64b721000 	C:\Program Files\Android\Android Studio\jre\bin\java.exe
0x00007ffde9580000 - 0x00007ffde9770000 	C:\WINDOWS\SYSTEM32\ntdll.dll
0x00007ffde0e70000 - 0x00007ffde0e83000 	C:\Program Files\AVAST Software\Avast\aswhook.dll
0x00007ffde7640000 - 0x00007ffde76f2000 	C:\WINDOWS\System32\KERNEL32.DLL
0x00007ffde6510000 - 0x00007ffde67b3000 	C:\WINDOWS\System32\KERNELBASE.dll
0x00007ffde8d30000 - 0x00007ffde8dd3000 	C:\WINDOWS\System32\ADVAPI32.dll
0x00007ffde88f0000 - 0x00007ffde898e000 	C:\WINDOWS\System32\msvcrt.dll
0x00007ffde9190000 - 0x00007ffde9227000 	C:\WINDOWS\System32\sechost.dll
0x00007ffde8b30000 - 0x00007ffde8c50000 	C:\WINDOWS\System32\RPCRT4.dll
0x00007ffde8990000 - 0x00007ffde8b24000 	C:\WINDOWS\System32\USER32.dll
0x00007ffde6e80000 - 0x00007ffde6ea1000 	C:\WINDOWS\System32\win32u.dll
0x00007ffde9300000 - 0x00007ffde9326000 	C:\WINDOWS\System32\GDI32.dll
0x00007ffde6be0000 - 0x00007ffde6d74000 	C:\WINDOWS\System32\gdi32full.dll
0x00007ffde6b40000 - 0x00007ffde6bde000 	C:\WINDOWS\System32\msvcp_win.dll
0x00007ffde6d80000 - 0x00007ffde6e7a000 	C:\WINDOWS\System32\ucrtbase.dll
0x00007ffdb5d00000 - 0x00007ffdb5f85000 	C:\WINDOWS\WinSxS\amd64_microsoft.windows.common-controls_6595b64144ccf1df_6.0.18362.778_none_e6c6b761130d4fb8\COMCTL32.dll
0x00007ffde8df0000 - 0x00007ffde9126000 	C:\WINDOWS\System32\combase.dll
0x00007ffde6ac0000 - 0x00007ffde6b40000 	C:\WINDOWS\System32\bcryptPrimitives.dll
0x00007ffde8860000 - 0x00007ffde888e000 	C:\WINDOWS\System32\IMM32.DLL
0x00000000702c0000 - 0x0000000070392000 	C:\Program Files\Android\Android Studio\jre\jre\bin\msvcr100.dll
0x000000006ee50000 - 0x000000006f696000 	C:\Program Files\Android\Android Studio\jre\jre\bin\server\jvm.dll
0x00007ffde8cc0000 - 0x00007ffde8cc8000 	C:\WINDOWS\System32\PSAPI.DLL
0x00007ffdd6de0000 - 0x00007ffdd6de9000 	C:\WINDOWS\SYSTEM32\WSOCK32.dll
0x00007ffde8c50000 - 0x00007ffde8cbf000 	C:\WINDOWS\System32\WS2_32.dll
0x00007ffde2350000 - 0x00007ffde2374000 	C:\WINDOWS\SYSTEM32\WINMM.dll
0x00007ffde4020000 - 0x00007ffde402a000 	C:\WINDOWS\SYSTEM32\VERSION.dll
0x00007ffde2320000 - 0x00007ffde234d000 	C:\WINDOWS\SYSTEM32\WINMMBASE.dll
0x00007ffde6a70000 - 0x00007ffde6aba000 	C:\WINDOWS\System32\cfgmgr32.dll
0x00007ffde3a90000 - 0x00007ffde3a9f000 	C:\Program Files\Android\Android Studio\jre\jre\bin\verify.dll
0x00007ffdc4ab0000 - 0x00007ffdc4ad9000 	C:\Program Files\Android\Android Studio\jre\jre\bin\java.dll
0x00007ffdb5ce0000 - 0x00007ffdb5cf6000 	C:\Program Files\Android\Android Studio\jre\jre\bin\zip.dll
0x00007ffde7700000 - 0x00007ffde7de5000 	C:\WINDOWS\System32\SHELL32.dll
0x00007ffde9490000 - 0x00007ffde9539000 	C:\WINDOWS\System32\shcore.dll
0x00007ffde6eb0000 - 0x00007ffde7630000 	C:\WINDOWS\System32\windows.storage.dll
0x00007ffde64e0000 - 0x00007ffde6503000 	C:\WINDOWS\System32\profapi.dll
0x00007ffde6490000 - 0x00007ffde64da000 	C:\WINDOWS\System32\powrprof.dll
0x00007ffde6440000 - 0x00007ffde6450000 	C:\WINDOWS\System32\UMPDC.dll
0x00007ffde8890000 - 0x00007ffde88e2000 	C:\WINDOWS\System32\shlwapi.dll
0x00007ffde6470000 - 0x00007ffde6481000 	C:\WINDOWS\System32\kernel.appcore.dll
0x00007ffde6900000 - 0x00007ffde6917000 	C:\WINDOWS\System32\cryptsp.dll
0x00007ffdc2a90000 - 0x00007ffdc2aaa000 	C:\Program Files\Android\Android Studio\jre\jre\bin\net.dll
0x00007ffdd20f0000 - 0x00007ffdd22c5000 	C:\WINDOWS\SYSTEM32\urlmon.dll
0x00007ffdd1e40000 - 0x00007ffdd20e6000 	C:\WINDOWS\SYSTEM32\iertutil.dll
0x00007ffde5e80000 - 0x00007ffde5e8c000 	C:\WINDOWS\SYSTEM32\CRYPTBASE.DLL
0x00007ffde5cb0000 - 0x00007ffde5d17000 	C:\WINDOWS\system32\mswsock.dll
0x00007ffdc2a70000 - 0x00007ffdc2a83000 	C:\Program Files\Android\Android Studio\jre\jre\bin\nio.dll
0x00007ffdd7b90000 - 0x00007ffdd7bb6000 	C:\Users\rahul\.gradle\native\30\windows-amd64\native-platform.dll
0x00007ffdd4c80000 - 0x00007ffdd4c8d000 	C:\Program Files\Android\Android Studio\jre\jre\bin\management.dll
0x00007ffde5820000 - 0x00007ffde5853000 	C:\WINDOWS\system32\rsaenh.dll
0x00007ffde67c0000 - 0x00007ffde67e6000 	C:\WINDOWS\System32\bcrypt.dll
0x00007ffde6360000 - 0x00007ffde6385000 	C:\WINDOWS\SYSTEM32\USERENV.dll
0x00007ffde59c0000 - 0x00007ffde59fa000 	C:\WINDOWS\SYSTEM32\IPHLPAPI.DLL
0x00007ffde7630000 - 0x00007ffde7638000 	C:\WINDOWS\System32\NSI.dll
0x00007ffddf470000 - 0x00007ffddf486000 	C:\WINDOWS\SYSTEM32\dhcpcsvc6.DLL
0x00007ffddf450000 - 0x00007ffddf46c000 	C:\WINDOWS\SYSTEM32\dhcpcsvc.DLL
0x00007ffde5a00000 - 0x00007ffde5aca000 	C:\WINDOWS\SYSTEM32\DNSAPI.dll

VM Arguments:
jvm_args: -Xmx1536m -Dfile.encoding=windows-1252 -Duser.country=US -Duser.language=en -Duser.variant 
java_command: org.gradle.launcher.daemon.bootstrap.GradleDaemon 5.6.4
java_class_path (initial): C:\Users\rahul\.gradle\wrapper\dists\gradle-5.6.4-all\ankdp27end7byghfw1q2sw75f\gradle-5.6.4\lib\gradle-launcher-5.6.4.jar
Launcher Type: SUN_STANDARD

Environment Variables:
PATH=C:\ProgramData\Oracle\Java\javapath;C:\WINDOWS\system32;C:\WINDOWS;C:\WINDOWS\System32\Wbem;C:\WINDOWS\System32\WindowsPowerShell\v1.0\;C:\WINDOWS\System32\OpenSSH\;C:\Program Files\Microsoft SQL Server\110\DTS\Binn\;C:\Program Files (x86)\Microsoft SQL Server\110\Tools\Binn\;C:\Program Files\Microsoft SQL Server\110\Tools\Binn\;C:\Program Files (x86)\Microsoft SQL Server\110\Tools\Binn\ManagementStudio\;C:\Program Files (x86)\Microsoft Visual Studio 10.0\Common7\IDE\PrivateAssemblies\;C:\Program Files (x86)\Microsoft SQL Server\110\DTS\Binn\;C:\Program Files\MySQL\MySQL Server 5.5\bin;C:\Program Files\Microsoft SQL Server\Client SDK\ODBC\170\Tools\Binn\;C:\Program Files (x86)\Microsoft SQL Server\150\Tools\Binn\;C:\Program Files\Microsoft SQL Server\150\Tools\Binn\;C:\Program Files\Microsoft SQL Server\150\DTS\Binn\;C:\Program Files (x86)\Microsoft SQL Server\150\DTS\Binn\;C:\Users\rahul\AppData\Local\Programs\Python\Python37\Scripts\;C:\Users\rahul\AppData\Local\Programs\Python\Python37\;C:\Users\rahul\AppData\Local\Microsoft\WindowsApps;
USERNAME=rahul
OS=Windows_NT
PROCESSOR_IDENTIFIER=Intel64 Family 6 Model 142 Stepping 10, GenuineIntel



---------------  S Y S T E M  ---------------

OS: Windows 10.0 , 64 bit Build 18362 (10.0.18362.778)

CPU:total 8 (initial active 8) (4 cores per cpu, 2 threads per core) family 6 model 142 stepping 10, cmov, cx8, fxsr, mmx, sse, sse2, sse3, ssse3, sse4.1, sse4.2, popcnt, avx, avx2, aes, clmul, erms, 3dnowpref, lzcnt, ht, tsc, tscinvbit, bmi1, bmi2, adx

Memory: 4k page, physical 8283900k(790344k free), swap 33449724k(5120k free)

vm_info: OpenJDK 64-Bit Server VM (25.212-b04) for windows-amd64 JRE (1.8.0_212-release-1586-b04), built by "builder" with MS VC++ 10.0 (VS2010)

time: Sat May 09 15:53:56 2020
timezone: India Standard Time
elapsed time: 9 seconds (0d 0h 0m 9s)

